
<<<<<<<<<<===============>>>>>>>>>>
Currently processing file :  ../etc/data/nasa93dem.csv
original shape of cells :  (93, 29)
x cols :  ['prec', 'flex', 'resl', 'team', 'pmat', 'rely', 'data', 'cplx', 'ruse', 'docu', 'time', 'stor', 'pvol', 'acap', 'pcap', 'pcon', 'apex', 'plex', 'ltex', 'tool', 'site', 'sced']
len of x cols :  22
y cols :  ['Kloc+', 'Effort-', 'Defects-', 'Months-']
shape of cells after deletion :  (93, 4)
      0      1      2     3
0  25.9  117.6  808.0  15.3
1  24.6  117.6  767.0  15.0
2   7.7   31.2  240.0  10.1
3   8.2   36.0  256.0  10.4
4   9.7   25.2  302.0  11.0
          0         1         2         3
0  1.000000  0.594941  0.963195  0.896749
1  0.594941  1.000000  0.578790  0.741530
2  0.963195  0.578790  1.000000  0.871345
3  0.896749  0.741530  0.871345  1.000000
All possible permutations :  3
********************
Iteration :  1
Evaluation :  0
Evaluation :  1
Evaluation :  2
Evaluation :  3
total number of rows :  93
number of best :  5
number of rest :  20
number of best improved :  12
number of rest improved :  48
Rule : [{'rely': {'max': 'h', 'min': 'h', 'at': 8}}, {'rely': {'max': 'h', 'min': 'h', 'at': 8}, 'data': {'max': 'l', 'min': 'l', 'at': 9}, 'tool': {'max': 'n', 'min': 'n', 'at': 22}}, {'rely': {'max': 'h', 'min': 'h', 'at': 8}, 'data': {'max': 'l', 'min': 'l', 'at': 9}, 'tool': {'max': 'n', 'min': 'n', 'at': 22}, 'sced': {'max': 'l', 'min': 'l', 'at': 24}}]
Most: 0.7111111110957037
Using rule :  {'rely': {'max': 'h', 'min': 'h', 'at': 8}}
Using second rule :  {'data': {'max': 'vh', 'min': 'vh', 'at': 9}}
--------------------
********************
Iteration :  2
Evaluation :  0
Evaluation :  1
Evaluation :  2
Evaluation :  3
total number of rows :  93
number of best :  7
number of rest :  28
number of best improved :  11
number of rest improved :  44
Rule : [{'acap': {'max': 'h', 'min': 'h', 'at': 16}}, {'acap': {'max': 'h', 'min': 'h', 'at': 16}, 'sced': {'max': 'n', 'min': 'n', 'at': 24}}]
Most: 0.69999999998775
Using rule :  {'acap': {'max': 'h', 'min': 'h', 'at': 16}}
Using second rule :  {'plex': {'max': 'l', 'min': 'l', 'at': 20}}
--------------------
********************
Iteration :  3
Evaluation :  0
Evaluation :  1
Evaluation :  2
Evaluation :  3
total number of rows :  93
number of best :  7
number of rest :  28
number of best improved :  11
number of rest improved :  44
Rule : [{'plex': {'max': 'n', 'min': 'n', 'at': 20}}, {'plex': {'max': 'n', 'min': 'n', 'at': 20}, 'data': {'max': 'n', 'min': 'n', 'at': 9}}]
Most: 0.7912087911968361
Using rule :  {'plex': {'max': 'n', 'min': 'n', 'at': 20}}
Using second rule :  {'data': {'max': 'vh', 'min': 'vh', 'at': 9}}
--------------------
********************
Iteration :  4
Evaluation :  0
Evaluation :  1
Evaluation :  2
Evaluation :  3
total number of rows :  93
number of best :  7
number of rest :  28
number of best improved :  12
number of rest improved :  48
Rule : [{'rely': {'max': 'n', 'min': 'n', 'at': 8}}, {'rely': {'max': 'n', 'min': 'n', 'at': 8}, 'stor': {'max': 'n', 'min': 'n', 'at': 14}}]
Most: 0.8571428571306122
Using rule :  {'rely': {'max': 'n', 'min': 'n', 'at': 8}}
Using second rule :  {'data': {'max': 'vh', 'min': 'vh', 'at': 9}}
--------------------
********************
Iteration :  5
Evaluation :  0
Evaluation :  1
Evaluation :  2
Evaluation :  3
total number of rows :  93
number of best :  7
number of rest :  28
number of best improved :  11
number of rest improved :  44
Rule : [{'time': {'max': 'vh', 'min': 'vh', 'at': 13}}, {'time': {'max': 'vh', 'min': 'vh', 'at': 13}, 'rely': {'max': 'n', 'min': 'n', 'at': 8}}]
Most: 0.9999999999857143
Using rule :  {'time': {'max': 'vh', 'min': 'vh', 'at': 13}}
Using second rule :  {'data': {'max': 'vh', 'min': 'vh', 'at': 9}}
--------------------
********************
Iteration :  6
Evaluation :  0
Evaluation :  1
Evaluation :  2
Evaluation :  3
total number of rows :  93
number of best :  6
number of rest :  24
number of best improved :  11
number of rest improved :  44
Rule : [{'data': {'max': 'l', 'min': 'l', 'at': 9}}, {'data': {'max': 'l', 'min': 'l', 'at': 9}, 'stor': {'max': 'n', 'min': 'n', 'at': 14}}, {'data': {'max': 'l', 'min': 'l', 'at': 9}, 'stor': {'max': 'n', 'min': 'n', 'at': 14}, 'sced': {'max': 'l', 'min': 'l', 'at': 24}}]
Most: 0.8571428571270409
Using rule :  {'data': {'max': 'l', 'min': 'l', 'at': 9}}
Using second rule :  {'data': {'max': 'vh', 'min': 'vh', 'at': 9}}
--------------------
********************
Iteration :  7
Evaluation :  0
Evaluation :  1
Evaluation :  2
Evaluation :  3
total number of rows :  93
number of best :  7
number of rest :  28
number of best improved :  10
number of rest improved :  40
Rule : [{'stor': {'max': 'vh', 'min': 'vh', 'at': 14}}]
Most: 0.5952380952285289
Using rule :  {'stor': {'max': 'vh', 'min': 'vh', 'at': 14}}
Using second rule :  {'data': {'max': 'vh', 'min': 'vh', 'at': 9}}
--------------------
********************
Iteration :  8
Evaluation :  0
Evaluation :  1
Evaluation :  2
Evaluation :  3
total number of rows :  93
number of best :  7
number of rest :  28
number of best improved :  12
number of rest improved :  48
Rule : [{'ltex': {'max': 'h', 'min': 'h', 'at': 21}}, {'ltex': {'max': 'h', 'min': 'h', 'at': 21}, 'tool': {'max': 'n', 'min': 'n', 'at': 22}}]
Most: 0.5957446808399728
Using rule :  {'ltex': {'max': 'h', 'min': 'h', 'at': 21}}
Using second rule :  {'data': {'max': 'vh', 'min': 'vh', 'at': 9}}
--------------------
********************
Iteration :  9
Evaluation :  0
Evaluation :  1
Evaluation :  2
Evaluation :  3
total number of rows :  93
number of best :  7
number of rest :  28
number of best improved :  12
number of rest improved :  48
Rule : [{'data': {'max': 'l', 'min': 'l', 'at': 9}}, {'data': {'max': 'l', 'min': 'l', 'at': 9}, 'sced': {'max': 'l', 'min': 'l', 'at': 24}}]
Most: 0.9333333333193334
Using rule :  {'data': {'max': 'l', 'min': 'l', 'at': 9}}
Using second rule :  {'data': {'max': 'vh', 'min': 'vh', 'at': 9}}
--------------------
********************
Iteration :  10
Evaluation :  0
Evaluation :  1
Evaluation :  2
Evaluation :  3
total number of rows :  93
number of best :  7
number of rest :  28
number of best improved :  12
number of rest improved :  48
Rule : [{'plex': {'max': 'l', 'min': 'l', 'at': 20}}]
Most: 0.9655172413651606
Using rule :  {'plex': {'max': 'l', 'min': 'l', 'at': 20}}
Using second rule :  {'sced': {'max': 'l', 'min': 'l', 'at': 24}}
--------------------
********************
Iteration :  11
Evaluation :  0
Evaluation :  1
Evaluation :  2
Evaluation :  3
total number of rows :  93
number of best :  6
number of rest :  24
number of best improved :  13
number of rest improved :  52
Rule : [{'sced': {'max': 'l', 'min': 'l', 'at': 24}}, {'sced': {'max': 'l', 'min': 'l', 'at': 24}, 'data': {'max': 'l', 'min': 'l', 'at': 9}}]
Most: 0.8571428571270409
Using rule :  {'sced': {'max': 'l', 'min': 'l', 'at': 24}}
Using second rule :  {'apex': {'max': 'n', 'min': 'n', 'at': 19}}
--------------------
********************
Iteration :  12
Evaluation :  0
Evaluation :  1
Evaluation :  2
Evaluation :  3
total number of rows :  93
number of best :  6
number of rest :  24
number of best improved :  13
number of rest improved :  52
Rule : [{'sced': {'max': 'l', 'min': 'l', 'at': 24}}, {'sced': {'max': 'l', 'min': 'l', 'at': 24}, 'rely': {'max': 'h', 'min': 'h', 'at': 8}}]
Most: 0.8571428571270409
Using rule :  {'sced': {'max': 'l', 'min': 'l', 'at': 24}}
Using second rule :  {'data': {'max': 'vh', 'min': 'vh', 'at': 9}}
--------------------
********************
Iteration :  13
Evaluation :  0
Evaluation :  1
Evaluation :  2
Evaluation :  3
total number of rows :  93
number of best :  6
number of rest :  24
number of best improved :  10
number of rest improved :  40
Rule : [{'sced': {'max': 'l', 'min': 'l', 'at': 24}}, {'sced': {'max': 'l', 'min': 'l', 'at': 24}, 'data': {'max': 'l', 'min': 'l', 'at': 9}}]
Most: 0.8571428571270409
Using rule :  {'sced': {'max': 'l', 'min': 'l', 'at': 24}}
Using second rule :  {'data': {'max': 'vh', 'min': 'vh', 'at': 9}}
--------------------
********************
Iteration :  14
Evaluation :  0
Evaluation :  1
Evaluation :  2
Evaluation :  3
total number of rows :  93
number of best :  7
number of rest :  28
number of best improved :  10
number of rest improved :  40
Rule : [{'apex': {'max': 'n', 'min': 'n', 'at': 19}}, {'apex': {'max': 'n', 'min': 'n', 'at': 19}, 'data': {'max': 'l', 'min': 'l', 'at': 9}}, {'apex': {'max': 'n', 'min': 'n', 'at': 19}, 'data': {'max': 'l', 'min': 'l', 'at': 9}, 'sced': {'max': 'l', 'min': 'l', 'at': 24}}]
Most: 0.9655172413651606
Using rule :  {'apex': {'max': 'n', 'min': 'n', 'at': 19}}
Using second rule :  {'data': {'max': 'l', 'min': 'l', 'at': 9}}
--------------------
********************
Iteration :  15
Evaluation :  0
Evaluation :  1
Evaluation :  2
Evaluation :  3
total number of rows :  93
number of best :  7
number of rest :  28
number of best improved :  12
number of rest improved :  48
Rule : [{'ltex': {'max': 'n', 'min': 'n', 'at': 21}}]
Most: 0.9333333333193334
Using rule :  {'ltex': {'max': 'n', 'min': 'n', 'at': 21}}
Using second rule :  {'data': {'max': 'vh', 'min': 'vh', 'at': 9}}
--------------------
********************
Iteration :  16
Evaluation :  0
Evaluation :  1
Evaluation :  2
Evaluation :  3
total number of rows :  93
number of best :  6
number of rest :  24
number of best improved :  12
number of rest improved :  48
Rule : [{'sced': {'max': 'n', 'min': 'n', 'at': 24}}, {'sced': {'max': 'n', 'min': 'n', 'at': 24}, 'plex': {'max': 'n', 'min': 'n', 'at': 20}, 'prec': {'max': 'h', 'min': 'h', 'at': 3}, 'flex': {'max': 'h', 'min': 'h', 'at': 4}, 'resl': {'max': 'h', 'min': 'h', 'at': 5}, 'team': {'max': 'vh', 'min': 'vh', 'at': 6}, 'ruse': {'max': 'n', 'min': 'n', 'at': 11}, 'docu': {'max': 'n', 'min': 'n', 'at': 12}, 'pcon': {'max': 'n', 'min': 'n', 'at': 18}, 'site': {'max': 'n', 'min': 'n', 'at': 23}, 'cplx': {'max': 'h', 'min': 'h', 'at': 10}}]
Most: 0.6944444444314236
Using rule :  {'sced': {'max': 'n', 'min': 'n', 'at': 24}}
Using second rule :  {'data': {'max': 'vh', 'min': 'vh', 'at': 9}}
--------------------
********************
Iteration :  17
Evaluation :  0
Evaluation :  1
Evaluation :  2
Evaluation :  3
total number of rows :  93
number of best :  6
number of rest :  24
number of best improved :  13
number of rest improved :  52
Rule : [{'rely': {'max': 'h', 'min': 'h', 'at': 8}}, {'rely': {'max': 'h', 'min': 'h', 'at': 8}, 'stor': {'max': 'n', 'min': 'n', 'at': 14}}, {'rely': {'max': 'h', 'min': 'h', 'at': 8}, 'stor': {'max': 'n', 'min': 'n', 'at': 14}, 'sced': {'max': 'l', 'min': 'l', 'at': 24}}]
Most: 0.8888888888728396
Using rule :  {'rely': {'max': 'h', 'min': 'h', 'at': 8}}
Using second rule :  {'data': {'max': 'vh', 'min': 'vh', 'at': 9}}
--------------------
********************
Iteration :  18
Evaluation :  0
Evaluation :  1
Evaluation :  2
Evaluation :  3
total number of rows :  93
number of best :  7
number of rest :  28
number of best improved :  11
number of rest improved :  44
Rule : [{'sced': {'max': 'n', 'min': 'n', 'at': 24}}, {'sced': {'max': 'n', 'min': 'n', 'at': 24}, 'data': {'max': 'n', 'min': 'n', 'at': 9}, 'stor': {'max': 'n', 'min': 'n', 'at': 14}}]
Most: 0.7619047618929705
Using rule :  {'sced': {'max': 'n', 'min': 'n', 'at': 24}}
Using second rule :  {'data': {'max': 'vh', 'min': 'vh', 'at': 9}}
--------------------
********************
Iteration :  19
Evaluation :  0
Evaluation :  1
Evaluation :  2
Evaluation :  3
total number of rows :  93
number of best :  6
number of rest :  24
number of best improved :  12
number of rest improved :  48
Rule : [{'sced': {'max': 'l', 'min': 'l', 'at': 24}}, {'sced': {'max': 'l', 'min': 'l', 'at': 24}, 'data': {'max': 'l', 'min': 'l', 'at': 9}}, {'sced': {'max': 'l', 'min': 'l', 'at': 24}, 'data': {'max': 'l', 'min': 'l', 'at': 9}, 'apex': {'max': 'n', 'min': 'n', 'at': 19}}]
Most: 0.9230769230606508
Using rule :  {'sced': {'max': 'l', 'min': 'l', 'at': 24}}
Using second rule :  {'plex': {'max': 'l', 'min': 'l', 'at': 20}}
--------------------
********************
Iteration :  20
Evaluation :  0
Evaluation :  1
Evaluation :  2
Evaluation :  3
total number of rows :  93
number of best :  5
number of rest :  20
number of best improved :  11
number of rest improved :  44
Rule : [{'sced': {'max': 'l', 'min': 'l', 'at': 24}}, {'sced': {'max': 'l', 'min': 'l', 'at': 24}, 'stor': {'max': 'n', 'min': 'n', 'at': 14}}]
Most: 0.9523809523612244
Using rule :  {'sced': {'max': 'l', 'min': 'l', 'at': 24}}
Using second rule :  {'data': {'max': 'vh', 'min': 'vh', 'at': 9}}
--------------------

%%%%%%%%%%%%%%%
NOTE: signficance values have to be negative to indicate better perf, lower p values indicate more confidence
Target columns :  ['Kloc+', 'Effort-', 'Defects-', 'Months-']
T test for sway - significance -  [-0.56440578 -0.42269992 -0.27912378 -0.17703174]
T test for sway - confidence -  [0.24516915 0.28356993 0.3212345  0.30629326]
T test for xpln - significance -  [-0.71548543 -0.13855959 -0.43209758 -0.1940848 ]
T test for xpln - confidence -  [0.44818321 0.59727837 0.59417187 0.59131724]
%%%%%%%%%%%%%%%

********************
Iteration :  1
Evaluation :  0
Evaluation :  1
Evaluation :  2
Evaluation :  3
total number of rows :  93
number of best :  4
number of rest :  16
number of best improved :  12
number of rest improved :  48
Rule : [{'data': {'max': 'l', 'min': 'l', 'at': 9}}, {'data': {'max': 'l', 'min': 'l', 'at': 9}, 'sced': {'max': 'l', 'min': 'l', 'at': 24}}]
Most: 0.8421052631343491
Using rule :  {'data': {'max': 'l', 'min': 'l', 'at': 9}}
Using second rule :  {'data': {'max': 'vh', 'min': 'vh', 'at': 9}}
--------------------
********************
Iteration :  2
Evaluation :  0
Evaluation :  1
Evaluation :  2
Evaluation :  3
total number of rows :  93
number of best :  7
number of rest :  28
number of best improved :  11
number of rest improved :  44
Rule : [{'apex': {'max': 'vh', 'min': 'vh', 'at': 19}}, {'apex': {'max': 'vh', 'min': 'vh', 'at': 19}, 'data': {'max': 'l', 'min': 'l', 'at': 9}, 'time': {'max': 'n', 'min': 'n', 'at': 13}}]
Most: 0.9999999999857143
Using rule :  {'apex': {'max': 'vh', 'min': 'vh', 'at': 19}}
Using second rule :  {'data': {'max': 'vh', 'min': 'vh', 'at': 9}}
--------------------
********************
Iteration :  3
Evaluation :  0
Evaluation :  1
Evaluation :  2
Evaluation :  3
total number of rows :  93
number of best :  7
number of rest :  28
number of best improved :  11
number of rest improved :  44
Rule : [{'stor': {'max': 'n', 'min': 'n', 'at': 14}}, {'stor': {'max': 'n', 'min': 'n', 'at': 14}, 'plex': {'max': 'n', 'min': 'n', 'at': 20}}, {'stor': {'max': 'n', 'min': 'n', 'at': 14}, 'plex': {'max': 'n', 'min': 'n', 'at': 20}, 'time': {'max': 'n', 'min': 'n', 'at': 13}}, {'stor': {'max': 'n', 'min': 'n', 'at': 14}, 'plex': {'max': 'n', 'min': 'n', 'at': 20}, 'time': {'max': 'n', 'min': 'n', 'at': 13}, 'data': {'max': 'n', 'min': 'n', 'at': 9}}]
Most: 0.8571428571306122
Using rule :  {'stor': {'max': 'n', 'min': 'n', 'at': 14}}
Using second rule :  {'data': {'max': 'vh', 'min': 'vh', 'at': 9}}
--------------------
********************
Iteration :  4
Evaluation :  0
Evaluation :  1
Evaluation :  2
Evaluation :  3
total number of rows :  93
number of best :  7
number of rest :  28
number of best improved :  12
number of rest improved :  48
Rule : [{'data': {'max': 'vh', 'min': 'vh', 'at': 9}}, {'data': {'max': 'vh', 'min': 'vh', 'at': 9}, 'time': {'max': 'vh', 'min': 'vh', 'at': 13}}]
Most: 0.8571428571306122
Using rule :  {'data': {'max': 'vh', 'min': 'vh', 'at': 9}}
Using second rule :  {'sced': {'max': 'l', 'min': 'l', 'at': 24}}
--------------------
********************
Iteration :  5
Evaluation :  0
Evaluation :  1
Evaluation :  2
Evaluation :  3
total number of rows :  93
number of best :  6
number of rest :  24
number of best improved :  11
number of rest improved :  44
Rule : [{'stor': {'max': 'n', 'min': 'n', 'at': 14}}, {'stor': {'max': 'n', 'min': 'n', 'at': 14}, 'time': {'max': 'n', 'min': 'n', 'at': 13}, 'sced': {'max': 'n', 'min': 'n', 'at': 24}}, {'stor': {'max': 'n', 'min': 'n', 'at': 14}, 'time': {'max': 'n', 'min': 'n', 'at': 13}, 'sced': {'max': 'n', 'min': 'n', 'at': 24}, 'tool': {'max': 'n', 'min': 'n', 'at': 22}}]
Most: 0.9599999999835199
Using rule :  {'stor': {'max': 'n', 'min': 'n', 'at': 14}}
Using second rule :  {'data': {'max': 'vh', 'min': 'vh', 'at': 9}}
--------------------
********************
Iteration :  6
Evaluation :  0
Evaluation :  1
Evaluation :  2
Evaluation :  3
total number of rows :  93
number of best :  6
number of rest :  24
number of best improved :  11
number of rest improved :  44
Rule : [{'data': {'max': 'l', 'min': 'l', 'at': 9}}, {'data': {'max': 'l', 'min': 'l', 'at': 9}, 'rely': {'max': 'h', 'min': 'h', 'at': 8}}, {'data': {'max': 'l', 'min': 'l', 'at': 9}, 'rely': {'max': 'h', 'min': 'h', 'at': 8}, 'sced': {'max': 'l', 'min': 'l', 'at': 24}}]
Most: 0.8888888888728396
Using rule :  {'data': {'max': 'l', 'min': 'l', 'at': 9}}
Using second rule :  {'data': {'max': 'vh', 'min': 'vh', 'at': 9}}
--------------------
********************
Iteration :  7
Evaluation :  0
Evaluation :  1
Evaluation :  2
Evaluation :  3
total number of rows :  93
number of best :  6
number of rest :  24
number of best improved :  12
number of rest improved :  48
Rule : [{'stor': {'max': 'n', 'min': 'n', 'at': 14}}, {'stor': {'max': 'n', 'min': 'n', 'at': 14}, 'plex': {'max': 'n', 'min': 'n', 'at': 20}}, {'stor': {'max': 'n', 'min': 'n', 'at': 14}, 'plex': {'max': 'n', 'min': 'n', 'at': 20}, 'sced': {'max': 'n', 'min': 'n', 'at': 24}}]
Most: 0.9230769230606508
Using rule :  {'stor': {'max': 'n', 'min': 'n', 'at': 14}}
Using second rule :  {'data': {'max': 'vh', 'min': 'vh', 'at': 9}}
--------------------
********************
Iteration :  8
Evaluation :  0
Evaluation :  1
Evaluation :  2
Evaluation :  3
total number of rows :  93
number of best :  7
number of rest :  28
number of best improved :  12
number of rest improved :  48
Rule : [{'time': {'max': 'vh', 'min': 'vh', 'at': 13}}, {'time': {'max': 'vh', 'min': 'vh', 'at': 13}, 'sced': {'max': 'l', 'min': 'l', 'at': 24}}]
Most: 0.9999999999857143
Using rule :  {'time': {'max': 'vh', 'min': 'vh', 'at': 13}}
Using second rule :  {'data': {'max': 'vh', 'min': 'vh', 'at': 9}}
--------------------
********************
Iteration :  9
Evaluation :  0
Evaluation :  1
Evaluation :  2
Evaluation :  3
total number of rows :  93
number of best :  7
number of rest :  28
number of best improved :  13
number of rest improved :  52
Rule : [{'data': {'max': 'l', 'min': 'l', 'at': 9}}, {'data': {'max': 'l', 'min': 'l', 'at': 9}, 'sced': {'max': 'l', 'min': 'l', 'at': 24}}, {'data': {'max': 'l', 'min': 'l', 'at': 9}, 'sced': {'max': 'l', 'min': 'l', 'at': 24}, 'time': {'max': 'n', 'min': 'n', 'at': 13}, 'stor': {'max': 'n', 'min': 'n', 'at': 14}}]
Most: 0.874999999986328
Using rule :  {'data': {'max': 'l', 'min': 'l', 'at': 9}}
Using second rule :  {'data': {'max': 'vh', 'min': 'vh', 'at': 9}}
--------------------
********************
Iteration :  10
Evaluation :  0
Evaluation :  1
Evaluation :  2
Evaluation :  3
total number of rows :  93
number of best :  7
number of rest :  28
number of best improved :  12
number of rest improved :  48
Rule : [{'sced': {'max': 'l', 'min': 'l', 'at': 24}}, {'sced': {'max': 'l', 'min': 'l', 'at': 24}, 'data': {'max': 'l', 'min': 'l', 'at': 9}}, {'sced': {'max': 'l', 'min': 'l', 'at': 24}, 'data': {'max': 'l', 'min': 'l', 'at': 9}, 'stor': {'max': 'n', 'min': 'n', 'at': 14}}]
Most: 0.9655172413651606
Using rule :  {'sced': {'max': 'l', 'min': 'l', 'at': 24}}
Using second rule :  {'data': {'max': 'vh', 'min': 'vh', 'at': 9}}
--------------------
********************
Iteration :  11
Evaluation :  0
Evaluation :  1
Evaluation :  2
Evaluation :  3
total number of rows :  93
number of best :  5
number of rest :  20
number of best improved :  12
number of rest improved :  48
Rule : [{'plex': {'max': 'n', 'min': 'n', 'at': 20}}, {'plex': {'max': 'n', 'min': 'n', 'at': 20}, 'data': {'max': 'l', 'min': 'l', 'at': 9}}]
Most: 0.7999999999815999
Using rule :  {'plex': {'max': 'n', 'min': 'n', 'at': 20}}
Using second rule :  {'sced': {'max': 'l', 'min': 'l', 'at': 24}}
--------------------
********************
Iteration :  12
Evaluation :  0
Evaluation :  1
Evaluation :  2
Evaluation :  3
total number of rows :  93
number of best :  5
number of rest :  20
number of best improved :  11
number of rest improved :  44
Rule : [{'sced': {'max': 'l', 'min': 'l', 'at': 24}}, {'sced': {'max': 'l', 'min': 'l', 'at': 24}, 'rely': {'max': 'h', 'min': 'h', 'at': 8}}, {'sced': {'max': 'l', 'min': 'l', 'at': 24}, 'rely': {'max': 'h', 'min': 'h', 'at': 8}, 'data': {'max': 'l', 'min': 'l', 'at': 9}}]
Most: 0.9090909090714876
Using rule :  {'sced': {'max': 'l', 'min': 'l', 'at': 24}}
Using second rule :  {'sced': {'max': 'l', 'min': 'l', 'at': 24}}
--------------------
********************
Iteration :  13
Evaluation :  0
Evaluation :  1
Evaluation :  2
Evaluation :  3
total number of rows :  93
number of best :  6
number of rest :  24
number of best improved :  12
number of rest improved :  48
Rule : [{'stor': {'max': 'n', 'min': 'n', 'at': 14}}, {'stor': {'max': 'n', 'min': 'n', 'at': 14}, 'plex': {'max': 'n', 'min': 'n', 'at': 20}}, {'stor': {'max': 'n', 'min': 'n', 'at': 14}, 'plex': {'max': 'n', 'min': 'n', 'at': 20}, 'apex': {'max': 'n', 'min': 'n', 'at': 19}}]
Most: 0.6944444444314236
Using rule :  {'stor': {'max': 'n', 'min': 'n', 'at': 14}}
Using second rule :  {'data': {'max': 'vh', 'min': 'vh', 'at': 9}}
--------------------
********************
Iteration :  14
Evaluation :  0
Evaluation :  1
Evaluation :  2
Evaluation :  3
total number of rows :  93
number of best :  7
number of rest :  28
number of best improved :  12
number of rest improved :  48
Rule : [{'sced': {'max': 'l', 'min': 'l', 'at': 24}}, {'sced': {'max': 'l', 'min': 'l', 'at': 24}, 'acap': {'max': 'n', 'min': 'n', 'at': 16}}]
Most: 0.874999999986328
Using rule :  {'sced': {'max': 'l', 'min': 'l', 'at': 24}}
Using second rule :  {'data': {'max': 'vh', 'min': 'vh', 'at': 9}}
--------------------
********************
Iteration :  15
Evaluation :  0
Evaluation :  1
Evaluation :  2
Evaluation :  3
total number of rows :  93
number of best :  7
number of rest :  28
number of best improved :  12
number of rest improved :  48
Rule : [{'data': {'max': 'n', 'min': 'n', 'at': 9}}]
Most: 0.874999999986328
Using rule :  {'data': {'max': 'n', 'min': 'n', 'at': 9}}
Using second rule :  {'data': {'max': 'vh', 'min': 'vh', 'at': 9}}
--------------------
********************
Iteration :  16
Evaluation :  0
Evaluation :  1
Evaluation :  2
Evaluation :  3
total number of rows :  93
number of best :  6
number of rest :  24
number of best improved :  13
number of rest improved :  52
Rule : [{'data': {'max': 'vh', 'min': 'vh', 'at': 9}}]
Most: 0.9999999999833333
Using rule :  {'data': {'max': 'vh', 'min': 'vh', 'at': 9}}
Using second rule :  {'data': {'max': 'vh', 'min': 'vh', 'at': 9}}
--------------------
********************
Iteration :  17
Evaluation :  0
Evaluation :  1
Evaluation :  2
Evaluation :  3
total number of rows :  93
number of best :  5
number of rest :  20
number of best improved :  12
number of rest improved :  48
Rule : [{'data': {'max': 'l', 'min': 'l', 'at': 9}}]
Most: 0.7692307692127218
Using rule :  {'data': {'max': 'l', 'min': 'l', 'at': 9}}
Using second rule :  {'data': {'max': 'vh', 'min': 'vh', 'at': 9}}
--------------------
********************
Iteration :  18
Evaluation :  0
Evaluation :  1
Evaluation :  2
Evaluation :  3
total number of rows :  93
number of best :  7
number of rest :  28
number of best improved :  10
number of rest improved :  40
Rule : [{'data': {'max': 'l', 'min': 'l', 'at': 9}}, {'data': {'max': 'l', 'min': 'l', 'at': 9}, 'rely': {'max': 'n', 'min': 'n', 'at': 8}}, {'data': {'max': 'l', 'min': 'l', 'at': 9}, 'rely': {'max': 'n', 'min': 'n', 'at': 8}, 'cplx': {'max': 'h', 'min': 'h', 'at': 10}}, {'data': {'max': 'l', 'min': 'l', 'at': 9}, 'rely': {'max': 'n', 'min': 'n', 'at': 8}, 'cplx': {'max': 'h', 'min': 'h', 'at': 10}, 'time': {'max': 'n', 'min': 'n', 'at': 13}, 'sced': {'max': 'n', 'min': 'n', 'at': 24}}]
Most: 0.9999999999857143
Using rule :  {'data': {'max': 'l', 'min': 'l', 'at': 9}}
Using second rule :  {'data': {'max': 'vh', 'min': 'vh', 'at': 9}}
--------------------
********************
Iteration :  19
Evaluation :  0
Evaluation :  1
Evaluation :  2
Evaluation :  3
total number of rows :  93
number of best :  6
number of rest :  24
number of best improved :  11
number of rest improved :  44
Rule : [{'sced': {'max': 'l', 'min': 'l', 'at': 24}}, {'sced': {'max': 'l', 'min': 'l', 'at': 24}, 'apex': {'max': 'n', 'min': 'n', 'at': 19}}]
Most: 0.9599999999835199
Using rule :  {'sced': {'max': 'l', 'min': 'l', 'at': 24}}
Using second rule :  {'data': {'max': 'vh', 'min': 'vh', 'at': 9}}
--------------------
********************
Iteration :  20
Evaluation :  0
Evaluation :  1
Evaluation :  2
Evaluation :  3
total number of rows :  93
number of best :  7
number of rest :  28
number of best improved :  11
number of rest improved :  44
Rule : [{'cplx': {'max': 'vh', 'min': 'vh', 'at': 10}}, {'cplx': {'max': 'vh', 'min': 'vh', 'at': 10}, 'rely': {'max': 'h', 'min': 'h', 'at': 8}}]
Most: 0.8228571428450351
Using rule :  {'cplx': {'max': 'vh', 'min': 'vh', 'at': 10}}
Using second rule :  {'data': {'max': 'vh', 'min': 'vh', 'at': 9}}
--------------------

%%%%%%%%%%%%%%%
NOTE: signficance values have to be negative to indicate better perf, lower p values indicate more confidence
Target columns :  ['Kloc+', 'Effort-', 'Defects-', 'Months-']
T test for sway - significance -  [-0.76833623 -0.54773726 -0.45642282 -0.36590535]
T test for sway - confidence -  [0.19307014 0.31676271 0.29134158 0.28737475]
T test for xpln - significance -  [-0.61494615 -0.06550325 -0.2906424  -0.07140038]
T test for xpln - confidence -  [0.52162182 0.75855036 0.7244793  0.68292287]
%%%%%%%%%%%%%%%

********************
Iteration :  1
Evaluation :  0
Evaluation :  1
Evaluation :  2
Evaluation :  3
total number of rows :  93
number of best :  3
number of rest :  12
number of best improved :  11
number of rest improved :  44
Rule : [{'data': {'max': 'l', 'min': 'l', 'at': 9}}, {'data': {'max': 'l', 'min': 'l', 'at': 9}, 'stor': {'max': 'n', 'min': 'n', 'at': 14}}, {'data': {'max': 'l', 'min': 'l', 'at': 9}, 'stor': {'max': 'n', 'min': 'n', 'at': 14}, 'sced': {'max': 'l', 'min': 'l', 'at': 24}}]
Most: 0.8571428571112244
Using rule :  {'data': {'max': 'l', 'min': 'l', 'at': 9}}
Using second rule :  {'data': {'max': 'vh', 'min': 'vh', 'at': 9}}
--------------------
********************
Iteration :  2
Evaluation :  0
Evaluation :  1
Evaluation :  2
Evaluation :  3
Evaluation :  4
total number of rows :  93
number of best :  2
number of rest :  8
number of best improved :  9
number of rest improved :  36
Rule : [{'sced': {'max': 'l', 'min': 'l', 'at': 24}}, {'sced': {'max': 'l', 'min': 'l', 'at': 24}, 'data': {'max': 'l', 'min': 'l', 'at': 9}}]
Most: 0.99999999995
Using rule :  {'sced': {'max': 'l', 'min': 'l', 'at': 24}}
Using second rule :  {'sced': {'max': 'l', 'min': 'l', 'at': 24}}
--------------------
********************
Iteration :  3
Evaluation :  0
Evaluation :  1
Evaluation :  2
Evaluation :  3
total number of rows :  93
number of best :  3
number of rest :  12
number of best improved :  12
number of rest improved :  48
Rule : [{'data': {'max': 'l', 'min': 'l', 'at': 9}}, {'data': {'max': 'l', 'min': 'l', 'at': 9}, 'sced': {'max': 'l', 'min': 'l', 'at': 24}}]
Most: 0.9230769230443787
Using rule :  {'data': {'max': 'l', 'min': 'l', 'at': 9}}
Using second rule :  {'plex': {'max': 'l', 'min': 'l', 'at': 20}}
--------------------
********************
Iteration :  4
Evaluation :  0
Evaluation :  1
Evaluation :  2
Evaluation :  3
Evaluation :  4
total number of rows :  93
number of best :  3
number of rest :  12
number of best improved :  5
number of rest improved :  20
Rule : [{'cplx': {'max': 'vh', 'min': 'vh', 'at': 10}}, {'cplx': {'max': 'vh', 'min': 'vh', 'at': 10}, 'data': {'max': 'n', 'min': 'n', 'at': 9}}]
Most: 0.9999999999666667
Using rule :  {'cplx': {'max': 'vh', 'min': 'vh', 'at': 10}}
Using second rule :  {'sced': {'max': 'l', 'min': 'l', 'at': 24}}
--------------------
********************
Iteration :  5
Evaluation :  0
Evaluation :  1
Evaluation :  2
Evaluation :  3
Evaluation :  4
total number of rows :  93
number of best :  3
number of rest :  12
number of best improved :  9
number of rest improved :  36
Rule : [{'ltex': {'max': 'n', 'min': 'n', 'at': 21}}]
Most: 0.9230769230443787
Using rule :  {'ltex': {'max': 'n', 'min': 'n', 'at': 21}}
Using second rule :  {'sced': {'max': 'l', 'min': 'l', 'at': 24}}
--------------------
********************
Iteration :  6
Evaluation :  0
Evaluation :  1
Evaluation :  2
Evaluation :  3
Evaluation :  4
total number of rows :  93
number of best :  3
number of rest :  12
number of best improved :  7
number of rest improved :  28
Rule : [{'sced': {'max': 'l', 'min': 'l', 'at': 24}}]
Most: 0.7999999999693332
Using rule :  {'sced': {'max': 'l', 'min': 'l', 'at': 24}}
Using second rule :  {'data': {'max': 'vh', 'min': 'vh', 'at': 9}}
--------------------
********************
Iteration :  7
Evaluation :  0
Evaluation :  1
Evaluation :  2
Evaluation :  3
Evaluation :  4
total number of rows :  93
number of best :  3
number of rest :  12
number of best improved :  4
number of rest improved :  16
Rule : [{'sced': {'max': 'l', 'min': 'l', 'at': 24}}]
Most: 0.7999999999693332
Using rule :  {'sced': {'max': 'l', 'min': 'l', 'at': 24}}
Using second rule :  {'sced': {'max': 'l', 'min': 'l', 'at': 24}}
--------------------
********************
Iteration :  8
Evaluation :  0
Evaluation :  1
Evaluation :  2
Evaluation :  3
Evaluation :  4
total number of rows :  93
number of best :  2
number of rest :  8
number of best improved :  4
number of rest improved :  16
Rule : [{'sced': {'max': 'l', 'min': 'l', 'at': 24}}]
Most: 0.7272727272289256
Using rule :  {'sced': {'max': 'l', 'min': 'l', 'at': 24}}
Using second rule :  {'data': {'max': 'vh', 'min': 'vh', 'at': 9}}
--------------------
********************
Iteration :  9
Evaluation :  0
Evaluation :  1
Evaluation :  2
Evaluation :  3
Evaluation :  4
total number of rows :  93
number of best :  3
number of rest :  12
number of best improved :  5
number of rest improved :  20
Rule : [{'pcap': {'max': 'h', 'min': 'h', 'at': 17}}]
Most: 0.7999999999693332
Using rule :  {'pcap': {'max': 'h', 'min': 'h', 'at': 17}}
Using second rule :  {'stor': {'max': 'n', 'min': 'n', 'at': 14}}
--------------------
********************
Iteration :  10
Evaluation :  0
Evaluation :  1
Evaluation :  2
Evaluation :  3
Evaluation :  4
total number of rows :  93
number of best :  3
number of rest :  12
number of best improved :  7
number of rest improved :  28
Rule : [{'time': {'max': 'n', 'min': 'n', 'at': 13}}, {'time': {'max': 'n', 'min': 'n', 'at': 13}, 'apex': {'max': 'h', 'min': 'h', 'at': 19}}, {'time': {'max': 'n', 'min': 'n', 'at': 13}, 'apex': {'max': 'h', 'min': 'h', 'at': 19}, 'sced': {'max': 'n', 'min': 'n', 'at': 24}}]
Most: 0.8571428571112244
Using rule :  {'time': {'max': 'n', 'min': 'n', 'at': 13}}
Using second rule :  {'data': {'max': 'vh', 'min': 'vh', 'at': 9}}
--------------------
********************
Iteration :  11
Evaluation :  0
Evaluation :  1
Evaluation :  2
Evaluation :  3
Evaluation :  4
total number of rows :  93
number of best :  3
number of rest :  12
number of best improved :  4
number of rest improved :  16
Rule : [{'ltex': {'max': 'n', 'min': 'n', 'at': 21}}, {'ltex': {'max': 'n', 'min': 'n', 'at': 21}, 'data': {'max': 'n', 'min': 'n', 'at': 9}}, {'ltex': {'max': 'n', 'min': 'n', 'at': 21}, 'data': {'max': 'n', 'min': 'n', 'at': 9}, 'time': {'max': 'n', 'min': 'n', 'at': 13}}]
Most: 0.9999999999666667
Using rule :  {'ltex': {'max': 'n', 'min': 'n', 'at': 21}}
Using second rule :  {'sced': {'max': 'l', 'min': 'l', 'at': 24}}
--------------------
********************
Iteration :  12
Evaluation :  0
Evaluation :  1
Evaluation :  2
Evaluation :  3
Evaluation :  4
total number of rows :  93
number of best :  1
number of rest :  4
number of best improved :  4
number of rest improved :  16
Rule : [{'sced': {'max': 'l', 'min': 'l', 'at': 24}}]
Most: 0.7999999999080001
Using rule :  {'sced': {'max': 'l', 'min': 'l', 'at': 24}}
Using second rule :  {'data': {'max': 'l', 'min': 'l', 'at': 9}}
--------------------
********************
Iteration :  13
Evaluation :  0
Evaluation :  1
Evaluation :  2
Evaluation :  3
Evaluation :  4
total number of rows :  93
number of best :  3
number of rest :  12
number of best improved :  8
number of rest improved :  32
Rule : [{'pvol': {'max': 'n', 'min': 'n', 'at': 15}}, {'pvol': {'max': 'n', 'min': 'n', 'at': 15}, 'data': {'max': 'n', 'min': 'n', 'at': 9}}]
Most: 0.9999999999666667
Using rule :  {'pvol': {'max': 'n', 'min': 'n', 'at': 15}}
Using second rule :  {'data': {'max': 'vh', 'min': 'vh', 'at': 9}}
--------------------
********************
Iteration :  14
Evaluation :  0
Evaluation :  1
Evaluation :  2
Evaluation :  3
Evaluation :  4
Evaluation :  5
total number of rows :  93
number of best :  3
number of rest :  12
number of best improved :  4
number of rest improved :  16
Rule : [{'data': {'max': 'vh', 'min': 'vh', 'at': 9}}, {'data': {'max': 'vh', 'min': 'vh', 'at': 9}, 'sced': {'max': 'l', 'min': 'l', 'at': 24}}, {'data': {'max': 'vh', 'min': 'vh', 'at': 9}, 'sced': {'max': 'l', 'min': 'l', 'at': 24}, 'pcap': {'max': 'n', 'min': 'n', 'at': 17}}]
Most: 0.9999999999666667
Using rule :  {'data': {'max': 'vh', 'min': 'vh', 'at': 9}}
Using second rule :  {'data': {'max': 'vh', 'min': 'vh', 'at': 9}}
--------------------
********************
Iteration :  15
Evaluation :  0
Evaluation :  1
Evaluation :  2
Evaluation :  3
Evaluation :  4
total number of rows :  93
number of best :  3
number of rest :  12
number of best improved :  5
number of rest improved :  20
Rule : [{'data': {'max': 'l', 'min': 'l', 'at': 9}}, {'data': {'max': 'l', 'min': 'l', 'at': 9}, 'rely': {'max': 'h', 'min': 'h', 'at': 8}}]
Most: 0.7499999999703125
Using rule :  {'data': {'max': 'l', 'min': 'l', 'at': 9}}
Using second rule :  {'sced': {'max': 'l', 'min': 'l', 'at': 24}}
--------------------
********************
Iteration :  16
Evaluation :  0
Evaluation :  1
Evaluation :  2
Evaluation :  3
Evaluation :  4
total number of rows :  93
number of best :  1
number of rest :  4
number of best improved :  9
number of rest improved :  36
Rule : [{'pvol': {'max': 'l', 'min': 'l', 'at': 15}}, {'pvol': {'max': 'l', 'min': 'l', 'at': 15}, 'acap': {'max': 'h', 'min': 'h', 'at': 16}}]
Most: 0.7999999999080001
Using rule :  {'pvol': {'max': 'l', 'min': 'l', 'at': 15}}
Using second rule :  {'sced': {'max': 'l', 'min': 'l', 'at': 24}}
--------------------
********************
Iteration :  17
Evaluation :  0
Evaluation :  1
Evaluation :  2
Evaluation :  3
Evaluation :  4
total number of rows :  93
number of best :  3
number of rest :  12
number of best improved :  9
number of rest improved :  36
Rule : [{'data': {'max': 'n', 'min': 'n', 'at': 9}}, {'data': {'max': 'n', 'min': 'n', 'at': 9}, 'cplx': {'max': 'vh', 'min': 'vh', 'at': 10}}]
Most: 0.9999999999666667
Using rule :  {'data': {'max': 'n', 'min': 'n', 'at': 9}}
Using second rule :  {'data': {'max': 'vh', 'min': 'vh', 'at': 9}}
--------------------
********************
Iteration :  18
Evaluation :  0
Evaluation :  1
Evaluation :  2
Evaluation :  3
Evaluation :  4
total number of rows :  93
number of best :  3
number of rest :  12
number of best improved :  5
number of rest improved :  20
Rule : [{'data': {'max': 'vh', 'min': 'vh', 'at': 9}}]
Most: 0.9999999999666667
Using rule :  {'data': {'max': 'vh', 'min': 'vh', 'at': 9}}
Using second rule :  {'sced': {'max': 'l', 'min': 'l', 'at': 24}}
--------------------
********************
Iteration :  19
Evaluation :  0
Evaluation :  1
Evaluation :  2
Evaluation :  3
total number of rows :  93
number of best :  2
number of rest :  8
number of best improved :  12
number of rest improved :  48
Rule : [{'sced': {'max': 'l', 'min': 'l', 'at': 24}}]
Most: 0.8888888888407408
Using rule :  {'sced': {'max': 'l', 'min': 'l', 'at': 24}}
Using second rule :  {'data': {'max': 'vh', 'min': 'vh', 'at': 9}}
--------------------
********************
Iteration :  20
Evaluation :  0
Evaluation :  1
Evaluation :  2
Evaluation :  3
total number of rows :  93
number of best :  3
number of rest :  12
number of best improved :  12
number of rest improved :  48
Rule : [{'cplx': {'max': 'vh', 'min': 'vh', 'at': 10}}]
Most: 0.9999999999666667
Using rule :  {'cplx': {'max': 'vh', 'min': 'vh', 'at': 10}}
Using second rule :  {'cplx': {'max': 'h', 'min': 'h', 'at': 10}}
--------------------

%%%%%%%%%%%%%%%
NOTE: signficance values have to be negative to indicate better perf, lower p values indicate more confidence
Target columns :  ['Kloc+', 'Effort-', 'Defects-', 'Months-']
T test for sway - significance -  [nan nan nan nan]
T test for sway - confidence -  [nan nan nan nan]
T test for xpln - significance -  [-0.63145167 -0.73361634 -0.5047314  -0.73209162]
T test for xpln - confidence -  [0.49735334 0.5105185  0.62589444 0.49426501]
%%%%%%%%%%%%%%%

********************
Iteration :  1
Evaluation :  0
Evaluation :  1
total number of rows :  93
number of best :  23
number of rest :  92
number of best improved :  46
number of rest improved :  184
Rule : [{'stor': {'max': 'n', 'min': 'n', 'at': 14}}, {'stor': {'max': 'n', 'min': 'n', 'at': 14}, 'sced': {'max': 'n', 'min': 'n', 'at': 24}}]
Most: 0.7171671895975478
Using rule :  {'stor': {'max': 'n', 'min': 'n', 'at': 14}}
Using second rule :  {'stor': {'max': 'n', 'min': 'n', 'at': 14}}
--------------------
********************
Iteration :  2
Evaluation :  0
Evaluation :  1
total number of rows :  93
number of best :  13
number of rest :  52
number of best improved :  46
number of rest improved :  184
Rule : [{'sced': {'max': 'n', 'min': 'n', 'at': 24}}]
Most: 0.6842105263092798
Using rule :  {'sced': {'max': 'n', 'min': 'n', 'at': 24}}
Using second rule :  {'stor': {'max': 'n', 'min': 'n', 'at': 14}}
--------------------
********************
Iteration :  3
Evaluation :  0
Evaluation :  1
total number of rows :  93
number of best :  13
number of rest :  52
number of best improved :  45
number of rest improved :  180
Rule : [{'sced': {'max': 'l', 'min': 'l', 'at': 24}}]
Most: 0.8524590163861596
Using rule :  {'sced': {'max': 'l', 'min': 'l', 'at': 24}}
Using second rule :  {'cplx': {'max': 'h', 'min': 'h', 'at': 10}}
--------------------
********************
Iteration :  4
Evaluation :  0
Evaluation :  1
total number of rows :  93
number of best :  13
number of rest :  52
number of best improved :  46
number of rest improved :  184
Rule : [{'data': {'max': 'l', 'min': 'l', 'at': 9}}, {'data': {'max': 'l', 'min': 'l', 'at': 9}, 'sced': {'max': 'l', 'min': 'l', 'at': 24}}, {'data': {'max': 'l', 'min': 'l', 'at': 9}, 'sced': {'max': 'l', 'min': 'l', 'at': 24}, 'stor': {'max': 'n', 'min': 'n', 'at': 14}}]
Most: 0.9811320754640441
Using rule :  {'data': {'max': 'l', 'min': 'l', 'at': 9}}
Using second rule :  {'plex': {'max': 'n', 'min': 'n', 'at': 20}}
--------------------
********************
Iteration :  5
Evaluation :  0
Evaluation :  1
total number of rows :  93
number of best :  13
number of rest :  52
number of best improved :  46
number of rest improved :  184
Rule : [{'sced': {'max': 'l', 'min': 'l', 'at': 24}}, {'sced': {'max': 'l', 'min': 'l', 'at': 24}, 'cplx': {'max': 'h', 'min': 'h', 'at': 10}}]
Most: 0.7912087912020529
Using rule :  {'sced': {'max': 'l', 'min': 'l', 'at': 24}}
Using second rule :  {'cplx': {'max': 'h', 'min': 'h', 'at': 10}}
--------------------
********************
Iteration :  6
Evaluation :  0
Evaluation :  1
total number of rows :  93
number of best :  13
number of rest :  52
number of best improved :  46
number of rest improved :  184
Rule : [{'data': {'max': 'n', 'min': 'n', 'at': 9}}, {'data': {'max': 'n', 'min': 'n', 'at': 9}, 'sced': {'max': 'n', 'min': 'n', 'at': 24}}, {'data': {'max': 'n', 'min': 'n', 'at': 9}, 'sced': {'max': 'n', 'min': 'n', 'at': 24}, 'rely': {'max': 'h', 'min': 'h', 'at': 8}}]
Most: 0.6993006992949533
Using rule :  {'data': {'max': 'n', 'min': 'n', 'at': 9}}
Using second rule :  {'stor': {'max': 'n', 'min': 'n', 'at': 14}}
--------------------
********************
Iteration :  7
Evaluation :  0
Evaluation :  1
total number of rows :  93
number of best :  23
number of rest :  92
number of best improved :  46
number of rest improved :  184
Rule : [{'sced': {'max': 'n', 'min': 'n', 'at': 24}}, {'sced': {'max': 'n', 'min': 'n', 'at': 24}, 'plex': {'max': 'n', 'min': 'n', 'at': 20}}]
Most: 0.6820119352054212
Using rule :  {'sced': {'max': 'n', 'min': 'n', 'at': 24}}
Using second rule :  {'stor': {'max': 'n', 'min': 'n', 'at': 14}}
--------------------
********************
Iteration :  8
Evaluation :  0
Evaluation :  1
total number of rows :  93
number of best :  13
number of rest :  52
number of best improved :  46
number of rest improved :  184
Rule : [{'stor': {'max': 'n', 'min': 'n', 'at': 14}}, {'stor': {'max': 'n', 'min': 'n', 'at': 14}, 'plex': {'max': 'n', 'min': 'n', 'at': 20}}]
Most: 0.7222222222155092
Using rule :  {'stor': {'max': 'n', 'min': 'n', 'at': 14}}
Using second rule :  {'stor': {'max': 'n', 'min': 'n', 'at': 14}}
--------------------
********************
Iteration :  9
Evaluation :  0
Evaluation :  1
total number of rows :  93
number of best :  11
number of rest :  44
number of best improved :  45
number of rest improved :  180
Rule : [{'apex': {'max': 'n', 'min': 'n', 'at': 19}}, {'apex': {'max': 'n', 'min': 'n', 'at': 19}, 'stor': {'max': 'n', 'min': 'n', 'at': 14}}, {'apex': {'max': 'n', 'min': 'n', 'at': 19}, 'stor': {'max': 'n', 'min': 'n', 'at': 14}, 'plex': {'max': 'n', 'min': 'n', 'at': 20}}]
Most: 0.8627450980305652
Using rule :  {'apex': {'max': 'n', 'min': 'n', 'at': 19}}
Using second rule :  {'stor': {'max': 'n', 'min': 'n', 'at': 14}}
--------------------
********************
Iteration :  10
Evaluation :  0
Evaluation :  1
Evaluation :  2
total number of rows :  93
number of best :  13
number of rest :  52
number of best improved :  24
number of rest improved :  96
Rule : [{'data': {'max': 'n', 'min': 'n', 'at': 9}}]
Most: 0.6648351648292288
Using rule :  {'data': {'max': 'n', 'min': 'n', 'at': 9}}
Using second rule :  {'stor': {'max': 'n', 'min': 'n', 'at': 14}}
--------------------
********************
Iteration :  11
Evaluation :  0
Evaluation :  1
total number of rows :  93
number of best :  13
number of rest :  52
number of best improved :  46
number of rest improved :  184
Rule : [{'time': {'max': 'vh', 'min': 'vh', 'at': 13}}]
Most: 0.7921440261801943
Using rule :  {'time': {'max': 'vh', 'min': 'vh', 'at': 13}}
Using second rule :  {'stor': {'max': 'n', 'min': 'n', 'at': 14}}
--------------------
********************
Iteration :  12
Evaluation :  0
Evaluation :  1
total number of rows :  93
number of best :  13
number of rest :  52
number of best improved :  46
number of rest improved :  184
Rule : [{'plex': {'max': 'n', 'min': 'n', 'at': 20}}, {'plex': {'max': 'n', 'min': 'n', 'at': 20}, 'cplx': {'max': 'h', 'min': 'h', 'at': 10}}, {'plex': {'max': 'n', 'min': 'n', 'at': 20}, 'cplx': {'max': 'h', 'min': 'h', 'at': 10}, 'sced': {'max': 'n', 'min': 'n', 'at': 24}}]
Most: 0.8813559321960069
Using rule :  {'plex': {'max': 'n', 'min': 'n', 'at': 20}}
Using second rule :  {'plex': {'max': 'n', 'min': 'n', 'at': 20}}
--------------------
********************
Iteration :  13
Evaluation :  0
Evaluation :  1
total number of rows :  93
number of best :  13
number of rest :  52
number of best improved :  45
number of rest improved :  180
Rule : [{'stor': {'max': 'xh', 'min': 'xh', 'at': 14}}]
Most: 0.7155635062553884
Using rule :  {'stor': {'max': 'xh', 'min': 'xh', 'at': 14}}
Using second rule :  {'cplx': {'max': 'h', 'min': 'h', 'at': 10}}
--------------------
********************
Iteration :  14
Evaluation :  0
Evaluation :  1
total number of rows :  93
number of best :  13
number of rest :  52
number of best improved :  46
number of rest improved :  184
Rule : [{'sced': {'max': 'l', 'min': 'l', 'at': 24}}, {'sced': {'max': 'l', 'min': 'l', 'at': 24}, 'data': {'max': 'l', 'min': 'l', 'at': 9}}, {'sced': {'max': 'l', 'min': 'l', 'at': 24}, 'data': {'max': 'l', 'min': 'l', 'at': 9}, 'apex': {'max': 'n', 'min': 'n', 'at': 19}}]
Most: 0.9999999999923077
Using rule :  {'sced': {'max': 'l', 'min': 'l', 'at': 24}}
Using second rule :  {'stor': {'max': 'n', 'min': 'n', 'at': 14}}
--------------------
********************
Iteration :  15
Evaluation :  0
Evaluation :  1
total number of rows :  93
number of best :  13
number of rest :  52
number of best improved :  46
number of rest improved :  184
Rule : [{'plex': {'max': 'n', 'min': 'n', 'at': 20}}, {'plex': {'max': 'n', 'min': 'n', 'at': 20}, 'stor': {'max': 'n', 'min': 'n', 'at': 14}}, {'plex': {'max': 'n', 'min': 'n', 'at': 20}, 'stor': {'max': 'n', 'min': 'n', 'at': 14}, 'cplx': {'max': 'h', 'min': 'h', 'at': 10}}]
Most: 0.7647058823460208
Using rule :  {'plex': {'max': 'n', 'min': 'n', 'at': 20}}
Using second rule :  {'stor': {'max': 'n', 'min': 'n', 'at': 14}}
--------------------
********************
Iteration :  16
Evaluation :  0
Evaluation :  1
Evaluation :  2
total number of rows :  93
number of best :  13
number of rest :  52
number of best improved :  24
number of rest improved :  96
Rule : [{'cplx': {'max': 'vh', 'min': 'vh', 'at': 10}}]
Most: 0.5934065934015397
Using rule :  {'cplx': {'max': 'vh', 'min': 'vh', 'at': 10}}
Using second rule :  {'stor': {'max': 'n', 'min': 'n', 'at': 14}}
--------------------
********************
Iteration :  17
Evaluation :  0
Evaluation :  1
Evaluation :  2
total number of rows :  93
number of best :  13
number of rest :  52
number of best improved :  24
number of rest improved :  96
Rule : [{'stor': {'max': 'n', 'min': 'n', 'at': 14}}, {'stor': {'max': 'n', 'min': 'n', 'at': 14}, 'sced': {'max': 'l', 'min': 'l', 'at': 24}}]
Most: 0.6837606837549858
Using rule :  {'stor': {'max': 'n', 'min': 'n', 'at': 14}}
Using second rule :  {'stor': {'max': 'n', 'min': 'n', 'at': 14}}
--------------------
********************
Iteration :  18
Evaluation :  0
Evaluation :  1
total number of rows :  93
number of best :  13
number of rest :  52
number of best improved :  46
number of rest improved :  184
Rule : [{'sced': {'max': 'n', 'min': 'n', 'at': 24}}, {'sced': {'max': 'n', 'min': 'n', 'at': 24}, 'stor': {'max': 'n', 'min': 'n', 'at': 14}}, {'sced': {'max': 'n', 'min': 'n', 'at': 24}, 'stor': {'max': 'n', 'min': 'n', 'at': 14}, 'cplx': {'max': 'h', 'min': 'h', 'at': 10}}]
Most: 0.759811616948182
Using rule :  {'sced': {'max': 'n', 'min': 'n', 'at': 24}}
Using second rule :  {'stor': {'max': 'n', 'min': 'n', 'at': 14}}
--------------------
********************
Iteration :  19
Evaluation :  0
Evaluation :  1
total number of rows :  93
number of best :  13
number of rest :  52
number of best improved :  46
number of rest improved :  184
Rule : [{'rely': {'max': 'h', 'min': 'h', 'at': 8}}, {'rely': {'max': 'h', 'min': 'h', 'at': 8}, 'data': {'max': 'l', 'min': 'l', 'at': 9}}]
Most: 0.9999999999923077
Using rule :  {'rely': {'max': 'h', 'min': 'h', 'at': 8}}
Using second rule :  {'stor': {'max': 'n', 'min': 'n', 'at': 14}}
--------------------
********************
Iteration :  20
Evaluation :  0
Evaluation :  1
total number of rows :  93
number of best :  13
number of rest :  52
number of best improved :  46
number of rest improved :  184
Rule : [{'sced': {'max': 'n', 'min': 'n', 'at': 24}}, {'sced': {'max': 'n', 'min': 'n', 'at': 24}, 'rely': {'max': 'n', 'min': 'n', 'at': 8}}, {'sced': {'max': 'n', 'min': 'n', 'at': 24}, 'rely': {'max': 'n', 'min': 'n', 'at': 8}, 'time': {'max': 'n', 'min': 'n', 'at': 13}}]
Most: 0.8205128205059828
Using rule :  {'sced': {'max': 'n', 'min': 'n', 'at': 24}}
Using second rule :  {'cplx': {'max': 'h', 'min': 'h', 'at': 10}}
--------------------

%%%%%%%%%%%%%%%
NOTE: signficance values have to be negative to indicate better perf, lower p values indicate more confidence
Target columns :  ['Kloc+', 'Effort-', 'Defects-', 'Months-']
T test for sway - significance -  [ 0.06624468 -0.15079929 -0.00925771 -0.46009731]
T test for sway - confidence -  [0.29561845 0.35250384 0.29092927 0.17944323]
T test for xpln - significance -  [-0.17400484 -1.0847657  -0.46028419 -0.92162913]
T test for xpln - confidence -  [0.65324297 0.47574984 0.58808179 0.4399535 ]
%%%%%%%%%%%%%%%

********************
Iteration :  1
Evaluation :  0
Evaluation :  1
Evaluation :  2
Evaluation :  3
total number of rows :  93
number of best :  6
number of rest :  24
number of best improved :  13
number of rest improved :  52
Rule : [{'plex': {'max': 'n', 'min': 'n', 'at': 20}}, {'plex': {'max': 'n', 'min': 'n', 'at': 20}, 'sced': {'max': 'l', 'min': 'l', 'at': 24}}]
Most: 0.9599999999835199
Using rule :  {'plex': {'max': 'n', 'min': 'n', 'at': 20}}
Using second rule :  {'data': {'max': 'vh', 'min': 'vh', 'at': 9}}
--------------------
********************
Iteration :  2
Evaluation :  0
Evaluation :  1
Evaluation :  2
Evaluation :  3
total number of rows :  93
number of best :  7
number of rest :  28
number of best improved :  12
number of rest improved :  48
Rule : [{'data': {'max': 'n', 'min': 'n', 'at': 9}}, {'data': {'max': 'n', 'min': 'n', 'at': 9}, 'stor': {'max': 'n', 'min': 'n', 'at': 14}}]
Most: 0.9032258064377733
Using rule :  {'data': {'max': 'n', 'min': 'n', 'at': 9}}
Using second rule :  {'data': {'max': 'vh', 'min': 'vh', 'at': 9}}
--------------------
********************
Iteration :  3
Evaluation :  0
Evaluation :  1
Evaluation :  2
Evaluation :  3
total number of rows :  93
number of best :  7
number of rest :  28
number of best improved :  12
number of rest improved :  48
Rule : [{'apex': {'max': 'n', 'min': 'n', 'at': 19}}, {'apex': {'max': 'n', 'min': 'n', 'at': 19}, 'sced': {'max': 'l', 'min': 'l', 'at': 24}}]
Most: 0.9655172413651606
Using rule :  {'apex': {'max': 'n', 'min': 'n', 'at': 19}}
Using second rule :  {'sced': {'max': 'l', 'min': 'l', 'at': 24}}
--------------------
********************
Iteration :  4
Evaluation :  0
Evaluation :  1
Evaluation :  2
Evaluation :  3
total number of rows :  93
number of best :  7
number of rest :  28
number of best improved :  13
number of rest improved :  52
Rule : [{'plex': {'max': 'l', 'min': 'l', 'at': 20}}]
Most: 0.6802721088334722
Using rule :  {'plex': {'max': 'l', 'min': 'l', 'at': 20}}
Using second rule :  {'cplx': {'max': 'h', 'min': 'h', 'at': 10}}
--------------------
********************
Iteration :  5
Evaluation :  0
Evaluation :  1
Evaluation :  2
Evaluation :  3
total number of rows :  93
number of best :  7
number of rest :  28
number of best improved :  12
number of rest improved :  48
Rule : [{'cplx': {'max': 'h', 'min': 'h', 'at': 10}}, {'cplx': {'max': 'h', 'min': 'h', 'at': 10}, 'sced': {'max': 'l', 'min': 'l', 'at': 24}}, {'cplx': {'max': 'h', 'min': 'h', 'at': 10}, 'sced': {'max': 'l', 'min': 'l', 'at': 24}, 'stor': {'max': 'n', 'min': 'n', 'at': 14}}]
Most: 0.9032258064377733
Using rule :  {'cplx': {'max': 'h', 'min': 'h', 'at': 10}}
Using second rule :  {'data': {'max': 'vh', 'min': 'vh', 'at': 9}}
--------------------
********************
Iteration :  6
Evaluation :  0
Evaluation :  1
Evaluation :  2
Evaluation :  3
total number of rows :  93
number of best :  7
number of rest :  28
number of best improved :  12
number of rest improved :  48
Rule : [{'data': {'max': 'l', 'min': 'l', 'at': 9}}, {'data': {'max': 'l', 'min': 'l', 'at': 9}, 'apex': {'max': 'n', 'min': 'n', 'at': 19}}]
Most: 0.9032258064377733
Using rule :  {'data': {'max': 'l', 'min': 'l', 'at': 9}}
Using second rule :  {'plex': {'max': 'l', 'min': 'l', 'at': 20}}
--------------------
********************
Iteration :  7
Evaluation :  0
Evaluation :  1
Evaluation :  2
Evaluation :  3
total number of rows :  93
number of best :  5
number of rest :  20
number of best improved :  12
number of rest improved :  48
Rule : [{'time': {'max': 'n', 'min': 'n', 'at': 13}}, {'time': {'max': 'n', 'min': 'n', 'at': 13}, 'ltex': {'max': 'h', 'min': 'h', 'at': 21}}]
Most: 0.7407407407230453
Using rule :  {'time': {'max': 'n', 'min': 'n', 'at': 13}}
Using second rule :  {'data': {'max': 'vh', 'min': 'vh', 'at': 9}}
--------------------
********************
Iteration :  8
Evaluation :  0
Evaluation :  1
Evaluation :  2
Evaluation :  3
total number of rows :  93
number of best :  6
number of rest :  24
number of best improved :  13
number of rest improved :  52
Rule : [{'data': {'max': 'l', 'min': 'l', 'at': 9}}, {'data': {'max': 'l', 'min': 'l', 'at': 9}, 'sced': {'max': 'l', 'min': 'l', 'at': 24}}]
Most: 0.9599999999835199
Using rule :  {'data': {'max': 'l', 'min': 'l', 'at': 9}}
Using second rule :  {'data': {'max': 'vh', 'min': 'vh', 'at': 9}}
--------------------
********************
Iteration :  9
Evaluation :  0
Evaluation :  1
Evaluation :  2
Evaluation :  3
total number of rows :  93
number of best :  7
number of rest :  28
number of best improved :  12
number of rest improved :  48
Rule : [{'sced': {'max': 'l', 'min': 'l', 'at': 24}}, {'sced': {'max': 'l', 'min': 'l', 'at': 24}, 'data': {'max': 'l', 'min': 'l', 'at': 9}}]
Most: 0.9655172413651606
Using rule :  {'sced': {'max': 'l', 'min': 'l', 'at': 24}}
Using second rule :  {'data': {'max': 'vh', 'min': 'vh', 'at': 9}}
--------------------
********************
Iteration :  10
Evaluation :  0
Evaluation :  1
Evaluation :  2
Evaluation :  3
total number of rows :  93
number of best :  7
number of rest :  28
number of best improved :  12
number of rest improved :  48
Rule : [{'apex': {'max': 'n', 'min': 'n', 'at': 19}}, {'apex': {'max': 'n', 'min': 'n', 'at': 19}, 'data': {'max': 'l', 'min': 'l', 'at': 9}}, {'apex': {'max': 'n', 'min': 'n', 'at': 19}, 'data': {'max': 'l', 'min': 'l', 'at': 9}, 'sced': {'max': 'l', 'min': 'l', 'at': 24}}]
Most: 0.9333333333193334
Using rule :  {'apex': {'max': 'n', 'min': 'n', 'at': 19}}
Using second rule :  {'data': {'max': 'vh', 'min': 'vh', 'at': 9}}
--------------------
********************
Iteration :  11
Evaluation :  0
Evaluation :  1
Evaluation :  2
Evaluation :  3
total number of rows :  93
number of best :  7
number of rest :  28
number of best improved :  13
number of rest improved :  52
Rule : [{'data': {'max': 'vh', 'min': 'vh', 'at': 9}}]
Most: 0.8571428571306122
Using rule :  {'data': {'max': 'vh', 'min': 'vh', 'at': 9}}
Using second rule :  {'sced': {'max': 'l', 'min': 'l', 'at': 24}}
--------------------
********************
Iteration :  12
Evaluation :  0
Evaluation :  1
Evaluation :  2
Evaluation :  3
total number of rows :  93
number of best :  6
number of rest :  24
number of best improved :  12
number of rest improved :  48
Rule : [{'stor': {'max': 'n', 'min': 'n', 'at': 14}}, {'stor': {'max': 'n', 'min': 'n', 'at': 14}, 'data': {'max': 'n', 'min': 'n', 'at': 9}}]
Most: 0.9230769230606508
Using rule :  {'stor': {'max': 'n', 'min': 'n', 'at': 14}}
Using second rule :  {'data': {'max': 'vh', 'min': 'vh', 'at': 9}}
--------------------
********************
Iteration :  13
Evaluation :  0
Evaluation :  1
Evaluation :  2
Evaluation :  3
total number of rows :  93
number of best :  7
number of rest :  28
number of best improved :  11
number of rest improved :  44
Rule : [{'data': {'max': 'n', 'min': 'n', 'at': 9}}, {'data': {'max': 'n', 'min': 'n', 'at': 9}, 'sced': {'max': 'n', 'min': 'n', 'at': 24}}]
Most: 0.6635944700349976
Using rule :  {'data': {'max': 'n', 'min': 'n', 'at': 9}}
Using second rule :  {'data': {'max': 'vh', 'min': 'vh', 'at': 9}}
--------------------
********************
Iteration :  14
Evaluation :  0
Evaluation :  1
Evaluation :  2
Evaluation :  3
total number of rows :  93
number of best :  5
number of rest :  20
number of best improved :  12
number of rest improved :  48
Rule : [{'sced': {'max': 'l', 'min': 'l', 'at': 24}}, {'sced': {'max': 'l', 'min': 'l', 'at': 24}, 'rely': {'max': 'h', 'min': 'h', 'at': 8}}, {'sced': {'max': 'l', 'min': 'l', 'at': 24}, 'rely': {'max': 'h', 'min': 'h', 'at': 8}, 'cplx': {'max': 'h', 'min': 'h', 'at': 10}, 'ltex': {'max': 'h', 'min': 'h', 'at': 21}, 'time': {'max': 'n', 'min': 'n', 'at': 13}, 'stor': {'max': 'n', 'min': 'n', 'at': 14}}]
Most: 0.8333333333145833
Using rule :  {'sced': {'max': 'l', 'min': 'l', 'at': 24}}
Using second rule :  {'sced': {'max': 'l', 'min': 'l', 'at': 24}}
--------------------
********************
Iteration :  15
Evaluation :  0
Evaluation :  1
Evaluation :  2
Evaluation :  3
total number of rows :  93
number of best :  7
number of rest :  28
number of best improved :  10
number of rest improved :  40
Rule : [{'ltex': {'max': 'n', 'min': 'n', 'at': 21}}, {'ltex': {'max': 'n', 'min': 'n', 'at': 21}, 'data': {'max': 'n', 'min': 'n', 'at': 9}, 'stor': {'max': 'n', 'min': 'n', 'at': 14}}]
Most: 0.8571428571306122
Using rule :  {'ltex': {'max': 'n', 'min': 'n', 'at': 21}}
Using second rule :  {'plex': {'max': 'l', 'min': 'l', 'at': 20}}
--------------------
********************
Iteration :  16
Evaluation :  0
Evaluation :  1
Evaluation :  2
Evaluation :  3
total number of rows :  93
number of best :  7
number of rest :  28
number of best improved :  12
number of rest improved :  48
Rule : [{'sced': {'max': 'n', 'min': 'n', 'at': 24}}, {'sced': {'max': 'n', 'min': 'n', 'at': 24}, 'data': {'max': 'n', 'min': 'n', 'at': 9}}, {'sced': {'max': 'n', 'min': 'n', 'at': 24}, 'data': {'max': 'n', 'min': 'n', 'at': 9}, 'stor': {'max': 'n', 'min': 'n', 'at': 14}}]
Most: 0.7912087911968361
Using rule :  {'sced': {'max': 'n', 'min': 'n', 'at': 24}}
Using second rule :  {'sced': {'max': 'l', 'min': 'l', 'at': 24}}
--------------------
********************
Iteration :  17
Evaluation :  0
Evaluation :  1
Evaluation :  2
Evaluation :  3
total number of rows :  93
number of best :  6
number of rest :  24
number of best improved :  12
number of rest improved :  48
Rule : [{'sced': {'max': 'l', 'min': 'l', 'at': 24}}, {'sced': {'max': 'l', 'min': 'l', 'at': 24}, 'data': {'max': 'l', 'min': 'l', 'at': 9}}]
Most: 0.9230769230606508
Using rule :  {'sced': {'max': 'l', 'min': 'l', 'at': 24}}
Using second rule :  {'data': {'max': 'vh', 'min': 'vh', 'at': 9}}
--------------------
********************
Iteration :  18
Evaluation :  0
Evaluation :  1
Evaluation :  2
Evaluation :  3
total number of rows :  93
number of best :  6
number of rest :  24
number of best improved :  12
number of rest improved :  48
Rule : [{'sced': {'max': 'l', 'min': 'l', 'at': 24}}, {'sced': {'max': 'l', 'min': 'l', 'at': 24}, 'acap': {'max': 'n', 'min': 'n', 'at': 16}}]
Most: 0.9230769230606508
Using rule :  {'sced': {'max': 'l', 'min': 'l', 'at': 24}}
Using second rule :  {'data': {'max': 'vh', 'min': 'vh', 'at': 9}}
--------------------
********************
Iteration :  19
Evaluation :  0
Evaluation :  1
Evaluation :  2
Evaluation :  3
total number of rows :  93
number of best :  7
number of rest :  28
number of best improved :  13
number of rest improved :  52
Rule : [{'data': {'max': 'l', 'min': 'l', 'at': 9}}, {'data': {'max': 'l', 'min': 'l', 'at': 9}, 'sced': {'max': 'l', 'min': 'l', 'at': 24}}, {'data': {'max': 'l', 'min': 'l', 'at': 9}, 'sced': {'max': 'l', 'min': 'l', 'at': 24}, 'time': {'max': 'n', 'min': 'n', 'at': 13}, 'rely': {'max': 'h', 'min': 'h', 'at': 8}}]
Most: 0.874999999986328
Using rule :  {'data': {'max': 'l', 'min': 'l', 'at': 9}}
Using second rule :  {'stor': {'max': 'n', 'min': 'n', 'at': 14}}
--------------------
********************
Iteration :  20
Evaluation :  0
Evaluation :  1
Evaluation :  2
Evaluation :  3
total number of rows :  93
number of best :  7
number of rest :  28
number of best improved :  12
number of rest improved :  48
Rule : [{'data': {'max': 'n', 'min': 'n', 'at': 9}}, {'data': {'max': 'n', 'min': 'n', 'at': 9}, 'stor': {'max': 'n', 'min': 'n', 'at': 14}}]
Most: 0.823529411751384
Using rule :  {'data': {'max': 'n', 'min': 'n', 'at': 9}}
Using second rule :  {'data': {'max': 'vh', 'min': 'vh', 'at': 9}}
--------------------

%%%%%%%%%%%%%%%
NOTE: signficance values have to be negative to indicate better perf, lower p values indicate more confidence
Target columns :  ['Kloc+', 'Effort-', 'Defects-', 'Months-']
T test for sway - significance -  [0.129991   0.21242047 0.42930273 0.54532652]
T test for sway - confidence -  [0.22405387 0.27382934 0.31527472 0.25394056]
T test for xpln - significance -  [-0.6424552  -0.24385994 -0.35539603 -0.24906149]
T test for xpln - confidence -  [0.46440754 0.66807847 0.64461364 0.62246781]
%%%%%%%%%%%%%%%

********************
Iteration :  1
Evaluation :  0
Evaluation :  1
Evaluation :  2
Evaluation :  3
total number of rows :  93
number of best :  6
number of rest :  24
number of best improved :  12
number of rest improved :  48
Rule : [{'data': {'max': 'n', 'min': 'n', 'at': 9}}, {'data': {'max': 'n', 'min': 'n', 'at': 9}, 'sced': {'max': 'n', 'min': 'n', 'at': 24}}]
Most: 0.8888888888728396
Using rule :  {'data': {'max': 'n', 'min': 'n', 'at': 9}}
Using second rule :  {'data': {'max': 'vh', 'min': 'vh', 'at': 9}}
--------------------
********************
Iteration :  2
Evaluation :  0
Evaluation :  1
Evaluation :  2
Evaluation :  3
total number of rows :  93
number of best :  7
number of rest :  28
number of best improved :  11
number of rest improved :  44
Rule : [{'tool': {'max': 'n', 'min': 'n', 'at': 22}}]
Most: 0.5185185185084362
Using rule :  {'tool': {'max': 'n', 'min': 'n', 'at': 22}}
Using second rule :  {'data': {'max': 'vh', 'min': 'vh', 'at': 9}}
--------------------
********************
Iteration :  3
Evaluation :  0
Evaluation :  1
Evaluation :  2
Evaluation :  3
total number of rows :  93
number of best :  6
number of rest :  24
number of best improved :  12
number of rest improved :  48
Rule : [{'time': {'max': 'n', 'min': 'n', 'at': 13}}, {'time': {'max': 'n', 'min': 'n', 'at': 13}, 'sced': {'max': 'n', 'min': 'n', 'at': 24}}]
Most: 0.7499999999851563
Using rule :  {'time': {'max': 'n', 'min': 'n', 'at': 13}}
Using second rule :  {'data': {'max': 'vh', 'min': 'vh', 'at': 9}}
--------------------
********************
Iteration :  4
Evaluation :  0
Evaluation :  1
Evaluation :  2
Evaluation :  3
total number of rows :  93
number of best :  7
number of rest :  28
number of best improved :  12
number of rest improved :  48
Rule : [{'stor': {'max': 'n', 'min': 'n', 'at': 14}}, {'stor': {'max': 'n', 'min': 'n', 'at': 14}, 'data': {'max': 'n', 'min': 'n', 'at': 9}}, {'stor': {'max': 'n', 'min': 'n', 'at': 14}, 'data': {'max': 'n', 'min': 'n', 'at': 9}, 'sced': {'max': 'n', 'min': 'n', 'at': 24}, 'tool': {'max': 'n', 'min': 'n', 'at': 22}}]
Most: 0.7912087911968361
Using rule :  {'stor': {'max': 'n', 'min': 'n', 'at': 14}}
Using second rule :  {'data': {'max': 'vh', 'min': 'vh', 'at': 9}}
--------------------
********************
Iteration :  5
Evaluation :  0
Evaluation :  1
Evaluation :  2
Evaluation :  3
total number of rows :  93
number of best :  7
number of rest :  28
number of best improved :  12
number of rest improved :  48
Rule : [{'pvol': {'max': 'n', 'min': 'n', 'at': 15}}, {'pvol': {'max': 'n', 'min': 'n', 'at': 15}, 'data': {'max': 'n', 'min': 'n', 'at': 9}}, {'pvol': {'max': 'n', 'min': 'n', 'at': 15}, 'data': {'max': 'n', 'min': 'n', 'at': 9}, 'stor': {'max': 'n', 'min': 'n', 'at': 14}}]
Most: 0.9999999999857143
Using rule :  {'pvol': {'max': 'n', 'min': 'n', 'at': 15}}
Using second rule :  {'cplx': {'max': 'h', 'min': 'h', 'at': 10}}
--------------------
********************
Iteration :  6
Evaluation :  0
Evaluation :  1
Evaluation :  2
Evaluation :  3
total number of rows :  93
number of best :  7
number of rest :  28
number of best improved :  13
number of rest improved :  52
Rule : [{'data': {'max': 'vh', 'min': 'vh', 'at': 9}}]
Most: 0.9999999999857143
Using rule :  {'data': {'max': 'vh', 'min': 'vh', 'at': 9}}
Using second rule :  {'data': {'max': 'vh', 'min': 'vh', 'at': 9}}
--------------------
********************
Iteration :  7
Evaluation :  0
Evaluation :  1
Evaluation :  2
Evaluation :  3
total number of rows :  93
number of best :  7
number of rest :  28
number of best improved :  13
number of rest improved :  52
Rule : [{'rely': {'max': 'n', 'min': 'n', 'at': 8}}, {'rely': {'max': 'n', 'min': 'n', 'at': 8}, 'data': {'max': 'l', 'min': 'l', 'at': 9}}, {'rely': {'max': 'n', 'min': 'n', 'at': 8}, 'data': {'max': 'l', 'min': 'l', 'at': 9}, 'cplx': {'max': 'h', 'min': 'h', 'at': 10}, 'time': {'max': 'n', 'min': 'n', 'at': 13}, 'sced': {'max': 'n', 'min': 'n', 'at': 24}}]
Most: 0.9999999999857143
Using rule :  {'rely': {'max': 'n', 'min': 'n', 'at': 8}}
Using second rule :  {'sced': {'max': 'l', 'min': 'l', 'at': 24}}
--------------------
********************
Iteration :  8
Evaluation :  0
Evaluation :  1
Evaluation :  2
Evaluation :  3
total number of rows :  93
number of best :  7
number of rest :  28
number of best improved :  13
number of rest improved :  52
Rule : [{'cplx': {'max': 'h', 'min': 'h', 'at': 10}}, {'cplx': {'max': 'h', 'min': 'h', 'at': 10}, 'stor': {'max': 'n', 'min': 'n', 'at': 14}}, {'cplx': {'max': 'h', 'min': 'h', 'at': 10}, 'stor': {'max': 'n', 'min': 'n', 'at': 14}, 'plex': {'max': 'n', 'min': 'n', 'at': 20}, 'rely': {'max': 'n', 'min': 'n', 'at': 8}}]
Most: 0.7912087911968361
Using rule :  {'cplx': {'max': 'h', 'min': 'h', 'at': 10}}
Using second rule :  {'data': {'max': 'vh', 'min': 'vh', 'at': 9}}
--------------------
********************
Iteration :  9
Evaluation :  0
Evaluation :  1
Evaluation :  2
Evaluation :  3
total number of rows :  93
number of best :  7
number of rest :  28
number of best improved :  12
number of rest improved :  48
Rule : [{'data': {'max': 'l', 'min': 'l', 'at': 9}}, {'data': {'max': 'l', 'min': 'l', 'at': 9}, 'sced': {'max': 'n', 'min': 'n', 'at': 24}}]
Most: 0.7619047618929705
Using rule :  {'data': {'max': 'l', 'min': 'l', 'at': 9}}
Using second rule :  {'data': {'max': 'vh', 'min': 'vh', 'at': 9}}
--------------------
********************
Iteration :  10
Evaluation :  0
Evaluation :  1
Evaluation :  2
Evaluation :  3
total number of rows :  93
number of best :  7
number of rest :  28
number of best improved :  11
number of rest improved :  44
Rule : [{'cplx': {'max': 'vh', 'min': 'vh', 'at': 10}}, {'cplx': {'max': 'vh', 'min': 'vh', 'at': 10}, 'rely': {'max': 'h', 'min': 'h', 'at': 8}}]
Most: 0.7346938775394003
Using rule :  {'cplx': {'max': 'vh', 'min': 'vh', 'at': 10}}
Using second rule :  {'plex': {'max': 'l', 'min': 'l', 'at': 20}}
--------------------
********************
Iteration :  11
Evaluation :  0
Evaluation :  1
Evaluation :  2
Evaluation :  3
total number of rows :  93
number of best :  4
number of rest :  16
number of best improved :  11
number of rest improved :  44
Rule : [{'tool': {'max': 'n', 'min': 'n', 'at': 22}}, {'tool': {'max': 'n', 'min': 'n', 'at': 22}, 'data': {'max': 'h', 'min': 'h', 'at': 9}}, {'tool': {'max': 'n', 'min': 'n', 'at': 22}, 'data': {'max': 'h', 'min': 'h', 'at': 9}, 'time': {'max': 'vh', 'min': 'vh', 'at': 13}}]
Most: 0.7499999999812501
Using rule :  {'tool': {'max': 'n', 'min': 'n', 'at': 22}}
Using second rule :  {'data': {'max': 'vh', 'min': 'vh', 'at': 9}}
--------------------
********************
Iteration :  12
Evaluation :  0
Evaluation :  1
Evaluation :  2
Evaluation :  3
total number of rows :  93
number of best :  5
number of rest :  20
number of best improved :  12
number of rest improved :  48
Rule : [{'data': {'max': 'l', 'min': 'l', 'at': 9}}, {'data': {'max': 'l', 'min': 'l', 'at': 9}, 'cplx': {'max': 'h', 'min': 'h', 'at': 10}}, {'data': {'max': 'l', 'min': 'l', 'at': 9}, 'cplx': {'max': 'h', 'min': 'h', 'at': 10}, 'time': {'max': 'n', 'min': 'n', 'at': 13}, 'stor': {'max': 'n', 'min': 'n', 'at': 14}}]
Most: 0.9090909090714876
Using rule :  {'data': {'max': 'l', 'min': 'l', 'at': 9}}
Using second rule :  {'data': {'max': 'vh', 'min': 'vh', 'at': 9}}
--------------------
********************
Iteration :  13
Evaluation :  0
Evaluation :  1
Evaluation :  2
Evaluation :  3
total number of rows :  93
number of best :  7
number of rest :  28
number of best improved :  13
number of rest improved :  52
Rule : [{'data': {'max': 'n', 'min': 'n', 'at': 9}}, {'data': {'max': 'n', 'min': 'n', 'at': 9}, 'sced': {'max': 'n', 'min': 'n', 'at': 24}}, {'data': {'max': 'n', 'min': 'n', 'at': 9}, 'sced': {'max': 'n', 'min': 'n', 'at': 24}, 'tool': {'max': 'n', 'min': 'n', 'at': 22}}]
Most: 0.823529411751384
Using rule :  {'data': {'max': 'n', 'min': 'n', 'at': 9}}
Using second rule :  {'data': {'max': 'vh', 'min': 'vh', 'at': 9}}
--------------------
********************
Iteration :  14
Evaluation :  0
Evaluation :  1
Evaluation :  2
Evaluation :  3
total number of rows :  93
number of best :  7
number of rest :  28
number of best improved :  10
number of rest improved :  40
Rule : [{'data': {'max': 'n', 'min': 'n', 'at': 9}}, {'data': {'max': 'n', 'min': 'n', 'at': 9}, 'rely': {'max': 'h', 'min': 'h', 'at': 8}}]
Most: 0.7619047618929705
Using rule :  {'data': {'max': 'n', 'min': 'n', 'at': 9}}
Using second rule :  {'data': {'max': 'l', 'min': 'l', 'at': 9}}
--------------------
********************
Iteration :  15
Evaluation :  0
Evaluation :  1
Evaluation :  2
Evaluation :  3
total number of rows :  93
number of best :  5
number of rest :  20
number of best improved :  12
number of rest improved :  48
Rule : [{'cplx': {'max': 'h', 'min': 'h', 'at': 10}}, {'cplx': {'max': 'h', 'min': 'h', 'at': 10}, 'stor': {'max': 'n', 'min': 'n', 'at': 14}}, {'cplx': {'max': 'h', 'min': 'h', 'at': 10}, 'stor': {'max': 'n', 'min': 'n', 'at': 14}, 'time': {'max': 'n', 'min': 'n', 'at': 13}}]
Most: 0.7692307692127218
Using rule :  {'cplx': {'max': 'h', 'min': 'h', 'at': 10}}
Using second rule :  {'sced': {'max': 'l', 'min': 'l', 'at': 24}}
--------------------
********************
Iteration :  16
Evaluation :  0
Evaluation :  1
Evaluation :  2
Evaluation :  3
total number of rows :  93
number of best :  7
number of rest :  28
number of best improved :  10
number of rest improved :  40
Rule : [{'stor': {'max': 'n', 'min': 'n', 'at': 14}}, {'stor': {'max': 'n', 'min': 'n', 'at': 14}, 'plex': {'max': 'n', 'min': 'n', 'at': 20}}, {'stor': {'max': 'n', 'min': 'n', 'at': 14}, 'plex': {'max': 'n', 'min': 'n', 'at': 20}, 'sced': {'max': 'n', 'min': 'n', 'at': 24}}]
Most: 0.7567567567439738
Using rule :  {'stor': {'max': 'n', 'min': 'n', 'at': 14}}
Using second rule :  {'data': {'max': 'vh', 'min': 'vh', 'at': 9}}
--------------------
********************
Iteration :  17
Evaluation :  0
Evaluation :  1
Evaluation :  2
Evaluation :  3
total number of rows :  93
number of best :  6
number of rest :  24
number of best improved :  12
number of rest improved :  48
Rule : [{'data': {'max': 'vh', 'min': 'vh', 'at': 9}}]
Most: 0.9999999999833333
Using rule :  {'data': {'max': 'vh', 'min': 'vh', 'at': 9}}
Using second rule :  {'plex': {'max': 'l', 'min': 'l', 'at': 20}}
--------------------
********************
Iteration :  18
Evaluation :  0
Evaluation :  1
Evaluation :  2
Evaluation :  3
total number of rows :  93
number of best :  6
number of rest :  24
number of best improved :  12
number of rest improved :  48
Rule : [{'sced': {'max': 'l', 'min': 'l', 'at': 24}}, {'sced': {'max': 'l', 'min': 'l', 'at': 24}, 'rely': {'max': 'h', 'min': 'h', 'at': 8}}]
Most: 0.8571428571270409
Using rule :  {'sced': {'max': 'l', 'min': 'l', 'at': 24}}
Using second rule :  {'data': {'max': 'vh', 'min': 'vh', 'at': 9}}
--------------------
********************
Iteration :  19
Evaluation :  0
Evaluation :  1
Evaluation :  2
Evaluation :  3
total number of rows :  93
number of best :  5
number of rest :  20
number of best improved :  12
number of rest improved :  48
Rule : [{'data': {'max': 'h', 'min': 'h', 'at': 9}}]
Most: 0.5142857142743265
Using rule :  {'data': {'max': 'h', 'min': 'h', 'at': 9}}
Using second rule :  {'data': {'max': 'vh', 'min': 'vh', 'at': 9}}
--------------------
********************
Iteration :  20
Evaluation :  0
Evaluation :  1
Evaluation :  2
Evaluation :  3
total number of rows :  93
number of best :  7
number of rest :  28
number of best improved :  12
number of rest improved :  48
Rule : [{'data': {'max': 'n', 'min': 'n', 'at': 9}}]
Most: 0.7777777777648148
Using rule :  {'data': {'max': 'n', 'min': 'n', 'at': 9}}
Using second rule :  {'data': {'max': 'vh', 'min': 'vh', 'at': 9}}
--------------------

%%%%%%%%%%%%%%%
NOTE: signficance values have to be negative to indicate better perf, lower p values indicate more confidence
Target columns :  ['Kloc+', 'Effort-', 'Defects-', 'Months-']
T test for sway - significance -  [-1.52726774 -1.69140292 -1.50583144 -1.82498356]
T test for sway - confidence -  [0.18174806 0.17869499 0.17036389 0.16847251]
T test for xpln - significance -  [-0.82017053 -0.44590045 -0.505641   -0.71994974]
T test for xpln - confidence -  [0.46040108 0.64528483 0.60772923 0.51837253]
%%%%%%%%%%%%%%%

y cols :  ['Kloc+', 'Effort-', 'Defects-', 'Months-']
values : default | custom 
[12.8, 62.0, 636.0, 13.6]  <>  [12.8, 62.0, 636.0, 13.6]
[16.3, 82.0, 810.0, 14.8]  <>  [16.3, 82.0, 810.0, 14.8]
[16.3, 82.0, 810.0, 14.8]  <>  [12.8, 62.0, 636.0, 13.6]
[12.8, 62.0, 636.0, 13.6]  <>  [12.8, 62.0, 636.0, 13.6]
[16.3, 82.0, 810.0, 14.8]  <>  [12.8, 62.0, 636.0, 13.6]
[16.3, 82.0, 810.0, 14.8]  <>  [16.3, 82.0, 810.0, 14.8]
[16.3, 82.0, 810.0, 14.8]  <>  [16.3, 82.0, 810.0, 14.8]
[12.8, 62.0, 636.0, 13.6]  <>  [16.3, 82.0, 810.0, 14.8]
[12.8, 62.0, 636.0, 13.6]  <>  [12.8, 62.0, 636.0, 13.6]
[12.8, 62.0, 636.0, 13.6]  <>  [16.3, 82.0, 810.0, 14.8]
[16.0, 114.0, 887.0, 16.4]  <>  [16.3, 82.0, 810.0, 14.8]
[16.3, 82.0, 810.0, 14.8]  <>  [12.8, 62.0, 636.0, 13.6]
[16.3, 82.0, 810.0, 14.8]  <>  [16.3, 82.0, 810.0, 14.8]
[2.2, 8.4, 69.0, 6.6]  <>  [2.2, 8.4, 69.0, 6.6]
[12.8, 62.0, 636.0, 13.6]  <>  [12.8, 62.0, 636.0, 13.6]
[12.8, 62.0, 636.0, 13.6]  <>  [16.3, 82.0, 810.0, 14.8]
[16.3, 82.0, 810.0, 14.8]  <>  [12.8, 62.0, 636.0, 13.6]
[16.3, 82.0, 810.0, 14.8]  <>  [12.8, 62.0, 636.0, 13.6]
[12.8, 62.0, 636.0, 13.6]  <>  [12.8, 62.0, 636.0, 13.6]
[16.3, 82.0, 810.0, 14.8]  <>  [12.8, 62.0, 636.0, 13.6]

s values :  [0.49570419 0.7829845  0.55277525 0.44731809]
p values :  [0.62295796 0.4384889  0.58365468 0.6571849 ]
Default configuration : 
entropy :  -1.75
rest :  4
min :  0.5
Custom configuration : 
entropy :  -1.75
rest :  4
min :  0.5
