files :  [PosixPath('../etc/data/nasa93dem.csv'), PosixPath('../etc/data/healthCloseIsses12mths0001-hard.csv'), PosixPath('../etc/data/SSM.csv'), PosixPath('../etc/data/SSN.csv'), PosixPath('../etc/data/auto93.csv'), PosixPath('../etc/data/auto2.csv'), PosixPath('../etc/data/coc10000.csv'), PosixPath('../etc/data/healthCloseIsses12mths0011-easy.csv'), PosixPath('../etc/data/coc1000.csv'), PosixPath('../etc/data/pom.csv'), PosixPath('../etc/data/china.csv')]


<<<<<<<<<<===============>>>>>>>>>>
Currently processing file :  ../etc/data/auto93.csv
original shape of cells :  (392, 8)
x cols :  ['Clndrs', 'Volume', 'Model', 'origin']
len of x cols :  4
y cols :  ['Lbs-', 'Acc+', 'Mpg+']
shape of cells after deletion :  (392, 3)
        0     1     2
0  4732.0  18.5  10.0
1  4615.0  14.0  10.0
2  4376.0  15.0  10.0
3  4382.0  13.5  10.0
4  4633.0  11.0  10.0
          0         1         2
0  1.000000 -0.416839 -0.790639
1 -0.416839  1.000000  0.410348
2 -0.790639  0.410348  1.000000
********************
Iteration :  1
Evaluation :  0
Evaluation :  1
Evaluation :  2
Evaluation :  3
Evaluation :  4
total number of rows :  392
number of best :  13
number of rest :  52
number of best improved :  21
number of rest improved :  84
Rule : [{'Clndrs': {'max': 4.0, 'min': -10000000000, 'at': 0}}]
Most: 0.0
Using rule :  {'Clndrs': {'max': 4.0, 'min': -10000000000, 'at': 0}}
Using second rule :  {'Clndrs': {'max': 10000000000, 'min': 4.0, 'at': 0}, 'Model': {'max': 74.0, 'min': 73.0, 'at': 5}}
--------------------
********************
Iteration :  2
Evaluation :  0
Evaluation :  1
Evaluation :  2
Evaluation :  3
Evaluation :  4
total number of rows :  392
number of best :  12
number of rest :  48
number of best improved :  30
number of rest improved :  120
Rule : [{'Clndrs': {'max': 4.0, 'min': -10000000000, 'at': 0}}]
Most: 0.0
Using rule :  {'Clndrs': {'max': 4.0, 'min': -10000000000, 'at': 0}}
Using second rule :  {'Clndrs': {'max': 4.0, 'min': -10000000000, 'at': 0}}
--------------------
********************
Iteration :  3
Evaluation :  0
Evaluation :  1
Evaluation :  2
Evaluation :  3
Evaluation :  4
Evaluation :  5
total number of rows :  392
number of best :  14
number of rest :  56
number of best improved :  25
number of rest improved :  100
Rule : [{'Clndrs': {'max': 4.0, 'min': -10000000000, 'at': 0}}]
Most: 0.07142857142806122
Using rule :  {'Clndrs': {'max': 4.0, 'min': -10000000000, 'at': 0}}
Using second rule :  {'Clndrs': {'max': 10000000000, 'min': 4.0, 'at': 0}, 'Volume': {'max': 97.0, 'min': -10000000000, 'at': 1}, 'Model': {'max': 10000000000, 'min': 80.0, 'at': 5}}
--------------------
********************
Iteration :  4
Evaluation :  0
Evaluation :  1
Evaluation :  2
Evaluation :  3
Evaluation :  4
total number of rows :  392
number of best :  13
number of rest :  52
number of best improved :  21
number of rest improved :  84
Rule : [{'Clndrs': {'max': 4.0, 'min': -10000000000, 'at': 0}}]
Most: 0.0
Using rule :  {'Clndrs': {'max': 4.0, 'min': -10000000000, 'at': 0}}
Using second rule :  {'Model': {'max': 10000000000, 'min': 79.0, 'at': 5}}
--------------------
********************
Iteration :  5
Evaluation :  0
Evaluation :  1
Evaluation :  2
Evaluation :  3
Evaluation :  4
total number of rows :  392
number of best :  14
number of rest :  56
number of best improved :  35
number of rest improved :  140
Rule : [{'Model': {'max': 10000000000, 'min': 79.0, 'at': 5}}]
Most: 0.5494505494459455
Using rule :  {'Model': {'max': 10000000000, 'min': 79.0, 'at': 5}}
Using second rule :  {'Clndrs': {'max': 10000000000, 'min': 4.0, 'at': 0}, 'Volume': {'max': 97.0, 'min': -10000000000, 'at': 1}, 'Model': {'max': 74.0, 'min': 73.0, 'at': 5}}
--------------------
********************
Iteration :  6
Evaluation :  0
Evaluation :  1
Evaluation :  2
Evaluation :  3
Evaluation :  4
total number of rows :  392
number of best :  13
number of rest :  52
number of best improved :  35
number of rest improved :  140
Rule : [{'Clndrs': {'max': 4.0, 'min': -10000000000, 'at': 0}}]
Most: 0.1538461538449704
Using rule :  {'Clndrs': {'max': 4.0, 'min': -10000000000, 'at': 0}}
Using second rule :  {'Clndrs': {'max': 10000000000, 'min': 4.0, 'at': 0}, 'Volume': {'max': 97.0, 'min': -10000000000, 'at': 1}, 'Model': {'max': 78.0, 'min': 76.0, 'at': 5}}
--------------------
********************
Iteration :  7
Evaluation :  0
Evaluation :  1
Evaluation :  2
Evaluation :  3
Evaluation :  4
Evaluation :  5
total number of rows :  392
number of best :  13
number of rest :  52
number of best improved :  22
number of rest improved :  88
Rule : [{'Clndrs': {'max': 4.0, 'min': -10000000000, 'at': 0}}]
Most: 0.0769230769224852
Using rule :  {'Clndrs': {'max': 4.0, 'min': -10000000000, 'at': 0}}
Using second rule :  {'Clndrs': {'max': 10000000000, 'min': 4.0, 'at': 0}, 'Volume': {'max': 10000000000, 'min': 91.0, 'at': 1}, 'Model': {'max': 74.0, 'min': 73.0, 'at': 5}}
--------------------
********************
Iteration :  8
Evaluation :  0
Evaluation :  1
Evaluation :  2
Evaluation :  3
Evaluation :  4
total number of rows :  392
number of best :  13
number of rest :  52
number of best improved :  35
number of rest improved :  140
Rule : [{'Clndrs': {'max': 4.0, 'min': -10000000000, 'at': 0}}]
Most: 0.0769230769224852
Using rule :  {'Clndrs': {'max': 4.0, 'min': -10000000000, 'at': 0}}
Using second rule :  {'Clndrs': {'max': 10000000000, 'min': 4.0, 'at': 0}, 'Volume': {'max': 97.0, 'min': -10000000000, 'at': 1}, 'Model': {'max': 10000000000, 'min': 80.0, 'at': 5}}
--------------------
********************
Iteration :  9
Evaluation :  0
Evaluation :  1
Evaluation :  2
Evaluation :  3
Evaluation :  4
total number of rows :  392
number of best :  14
number of rest :  56
number of best improved :  22
number of rest improved :  88
Rule : [{'Clndrs': {'max': 4.0, 'min': -10000000000, 'at': 0}}, {'Clndrs': {'max': 4.0, 'min': -10000000000, 'at': 0}, 'Model': {'max': 10000000000, 'min': 80.0, 'at': 5}}]
Most: 0.07142857142806122
Using rule :  {'Clndrs': {'max': 4.0, 'min': -10000000000, 'at': 0}}
Using second rule :  {'Clndrs': {'max': 10000000000, 'min': 4.0, 'at': 0}, 'Volume': {'max': 97.0, 'min': -10000000000, 'at': 1}, 'Model': {'max': 10000000000, 'min': 78.0, 'at': 5}}
--------------------
********************
Iteration :  10
Evaluation :  0
Evaluation :  1
Evaluation :  2
Evaluation :  3
Evaluation :  4
total number of rows :  392
number of best :  12
number of rest :  48
number of best improved :  36
number of rest improved :  144
Rule : [{'Clndrs': {'max': 4.0, 'min': -10000000000, 'at': 0}}]
Most: 0.16666666666527777
Using rule :  {'Clndrs': {'max': 4.0, 'min': -10000000000, 'at': 0}}
Using second rule :  {'Clndrs': {'max': 10000000000, 'min': 4.0, 'at': 0}, 'Volume': {'max': 10000000000, 'min': 97.0, 'at': 1}, 'Model': {'max': 71.0, 'min': 70.0, 'at': 5}}
--------------------
********************
Iteration :  11
Evaluation :  0
Evaluation :  1
Evaluation :  2
Evaluation :  3
total number of rows :  392
number of best :  13
number of rest :  52
number of best improved :  86
number of rest improved :  344
Rule : [{'Model': {'max': 10000000000, 'min': 81.0, 'at': 5}}]
Most: 0.8965517241304993
Using rule :  {'Model': {'max': 10000000000, 'min': 81.0, 'at': 5}}
Using second rule :  {'Clndrs': {'max': 4.0, 'min': -10000000000, 'at': 0}}
--------------------
********************
Iteration :  12
Evaluation :  0
Evaluation :  1
Evaluation :  2
Evaluation :  3
Evaluation :  4
Evaluation :  5
total number of rows :  392
number of best :  14
number of rest :  56
number of best improved :  22
number of rest improved :  88
Rule : [{'Clndrs': {'max': 5.0, 'min': -10000000000, 'at': 0}}]
Most: 0.6829268292622547
Using rule :  {'Clndrs': {'max': 5.0, 'min': -10000000000, 'at': 0}}
Using second rule :  {'Clndrs': {'max': 10000000000, 'min': 4.0, 'at': 0}, 'Volume': {'max': 97.0, 'min': -10000000000, 'at': 1}, 'Model': {'max': 10000000000, 'min': 78.0, 'at': 5}}
--------------------
********************
Iteration :  13
Evaluation :  0
Evaluation :  1
Evaluation :  2
Evaluation :  3
Evaluation :  4
Evaluation :  5
total number of rows :  392
number of best :  14
number of rest :  56
number of best improved :  26
number of rest improved :  104
rule generation failed
--------------------
********************
Iteration :  14
Evaluation :  0
Evaluation :  1
Evaluation :  2
Evaluation :  3
Evaluation :  4
total number of rows :  392
number of best :  12
number of rest :  48
number of best improved :  25
number of rest improved :  100
Rule : [{'Clndrs': {'max': 4.0, 'min': -10000000000, 'at': 0}}]
Most: 0.16666666666527777
Using rule :  {'Clndrs': {'max': 4.0, 'min': -10000000000, 'at': 0}}
Using second rule :  {'Clndrs': {'max': 10000000000, 'min': 4.0, 'at': 0}, 'Volume': {'max': 98.0, 'min': -10000000000, 'at': 1}, 'Model': {'max': 75.0, 'min': 73.0, 'at': 5}}
--------------------
********************
Iteration :  15
Evaluation :  0
Evaluation :  1
Evaluation :  2
Evaluation :  3
Evaluation :  4
total number of rows :  392
number of best :  14
number of rest :  56
number of best improved :  22
number of rest improved :  88
Rule : [{'Model': {'max': 10000000000, 'min': 80.0, 'at': 5}}]
Most: 0.823529411758045
Using rule :  {'Model': {'max': 10000000000, 'min': 80.0, 'at': 5}}
Using second rule :  {'Clndrs': {'max': 10000000000, 'min': 4.0, 'at': 0}, 'Volume': {'max': 97.0, 'min': -10000000000, 'at': 1}, 'Model': {'max': 10000000000, 'min': 79.0, 'at': 5}}
--------------------
********************
Iteration :  16
Evaluation :  0
Evaluation :  1
Evaluation :  2
Evaluation :  3
Evaluation :  4
total number of rows :  392
number of best :  13
number of rest :  52
number of best improved :  35
number of rest improved :  140
Rule : [{'Clndrs': {'max': 4.0, 'min': -10000000000, 'at': 0}}]
Most: 0.0
Using rule :  {'Clndrs': {'max': 4.0, 'min': -10000000000, 'at': 0}}
Using second rule :  {'Clndrs': {'max': 10000000000, 'min': 4.0, 'at': 0}, 'Volume': {'max': 97.0, 'min': -10000000000, 'at': 1}, 'Model': {'max': 74.0, 'min': 73.0, 'at': 5}}
--------------------
********************
Iteration :  17
Evaluation :  0
Evaluation :  1
Evaluation :  2
Evaluation :  3
Evaluation :  4
Evaluation :  5
Evaluation :  6
total number of rows :  392
number of best :  12
number of rest :  48
number of best improved :  24
number of rest improved :  96
Rule : [{'Clndrs': {'max': 6.0, 'min': -10000000000, 'at': 0}}]
Most: 0.5680751173648079
Using rule :  {'Clndrs': {'max': 6.0, 'min': -10000000000, 'at': 0}}
Using second rule :  {'Clndrs': {'max': 10000000000, 'min': 4.0, 'at': 0}, 'Volume': {'max': 10000000000, 'min': 91.0, 'at': 1}, 'Model': {'max': 71.0, 'min': -10000000000, 'at': 5}}
--------------------
********************
Iteration :  18
Evaluation :  0
Evaluation :  1
Evaluation :  2
Evaluation :  3
Evaluation :  4
total number of rows :  392
number of best :  14
number of rest :  56
number of best improved :  21
number of rest improved :  84
Rule : [{'Volume': {'max': 198.0, 'min': 116.0, 'at': 1}}]
Most: 0.4821428571387676
Using rule :  {'Volume': {'max': 198.0, 'min': 116.0, 'at': 1}}
Using second rule :  {'Model': {'max': 74.0, 'min': 73.0, 'at': 5}}
--------------------
********************
Iteration :  19
Evaluation :  0
Evaluation :  1
Evaluation :  2
Evaluation :  3
Evaluation :  4
total number of rows :  392
number of best :  14
number of rest :  56
number of best improved :  36
number of rest improved :  144
Rule : [{'Clndrs': {'max': 4.0, 'min': -10000000000, 'at': 0}}]
Most: 0.0
Using rule :  {'Clndrs': {'max': 4.0, 'min': -10000000000, 'at': 0}}
Using second rule :  {'Clndrs': {'max': 10000000000, 'min': 4.0, 'at': 0}, 'Volume': {'max': 97.0, 'min': -10000000000, 'at': 1}, 'Model': {'max': 74.0, 'min': 72.0, 'at': 5}}
--------------------
********************
Iteration :  20
Evaluation :  0
Evaluation :  1
Evaluation :  2
Evaluation :  3
Evaluation :  4
total number of rows :  392
number of best :  13
number of rest :  52
number of best improved :  35
number of rest improved :  140
Rule : [{'Clndrs': {'max': 5.0, 'min': -10000000000, 'at': 0}}]
Most: 0.702702702696092
Using rule :  {'Clndrs': {'max': 5.0, 'min': -10000000000, 'at': 0}}
Using second rule :  {'Clndrs': {'max': 10000000000, 'min': 4.0, 'at': 0}, 'Volume': {'max': 97.0, 'min': -10000000000, 'at': 1}, 'Model': {'max': 74.0, 'min': 73.0, 'at': 5}}
--------------------

%%%%%%%%%%%%%%%
NOTE: signficance values have to be negative to indicate better perf, lower p values indicate more confidence
Target columns :  ['Lbs-', 'Acc+', 'Mpg+']
T test for sway - significance -  [-3.65830776  2.34592817  0.80686296]
T test for sway - confidence -  [0.06366135 0.10082272 0.25085054]
T test for xpln - significance -  [nan nan nan]
T test for xpln - confidence -  [nan nan nan]
%%%%%%%%%%%%%%%

&Acc+ &Lbs- &Mpg+ 
all  & 15.54 & 2977.54 & 23.8
sway  & 16.89 & 2223.6 & 32.24
sway_1  & 18.56 & 1958.15 & 33.78
xpln  & 16.3 & 2408.38 & 29.07
xpln_1  & 15.65 & 2733.66 & 26.84
ztop  & 13.02 & 4629.87 & 10.0
.
&Acc+ &Lbs- &Mpg+ 
all to all &=&=&=
all to sway &≠&≠&≠
all to sway_1 &≠&≠&≠
all to xpln &≠&≠&≠
all to xpln_1 &=&≠&≠
all to ztop &≠&≠&≠
 rule size mu 1.0526315789473686 std 0.229
<<<<<<<<<<===============>>>>>>>>>>




<<<<<<<<<<===============>>>>>>>>>>
Currently processing file :  ../etc/data/auto2.csv
original shape of cells :  (82, 23)
x cols :  ['maker', 'type', 'Air_Bags_standard', 'Drive_train_type', 'Number_of_cylinders', 'Engine_size', 'Horsepower', 'RPM', 'Engine_revolutions_per_mile', 'manual_transmission_available', 'Fuel_tank_capacity', 'Passenger_capacity', 'Length', 'Wheelbase', 'Width', 'U-turn_space', 'Rear_seat_room', 'Luggage_capacity', 'domestic']
len of x cols :  19
y cols :  ['CityMPG+', 'HighwayMPG+', 'Weight-', 'Class-']
shape of cells after deletion :  (82, 4)
      0     1       2     3
0  25.0  31.0  2705.0  15.9
1  18.0  25.0  3560.0  33.9
2  20.0  26.0  3375.0  29.1
3  19.0  26.0  3405.0  37.7
4  22.0  30.0  3640.0  30.0
          0         1         2         3
0  1.000000  0.945271 -0.835735 -0.621572
1  0.945271  1.000000 -0.776756 -0.625925
2 -0.835735 -0.776756  1.000000  0.737489
3 -0.621572 -0.625925  0.737489  1.000000
********************
Iteration :  1
Evaluation :  0
Evaluation :  1
Evaluation :  2
total number of rows :  82
number of best :  6
number of rest :  24
number of best improved :  13
number of rest improved :  52
Rule : [{'Wheelbase': {'max': 94.0, 'min': -10000000000, 'at': 15}}]
Most: 0.49999999999166667
Using rule :  {'Wheelbase': {'max': 94.0, 'min': -10000000000, 'at': 15}}
Using second rule :  {'domestic': {'max': 1.0, 'min': 1.0, 'at': 21}}
--------------------
********************
Iteration :  2
Evaluation :  0
Evaluation :  1
Evaluation :  2
total number of rows :  82
number of best :  6
number of rest :  24
number of best improved :  13
number of rest improved :  52
Rule : [{'U-turn_space': {'max': 40.0, 'min': 37.0, 'at': 17}}, {'U-turn_space': {'max': 40.0, 'min': 37.0, 'at': 17}, 'domestic': {'max': 1.0, 'min': 1.0, 'at': 21}}, {'U-turn_space': {'max': 40.0, 'min': 37.0, 'at': 17}, 'domestic': {'max': 1.0, 'min': 1.0, 'at': 21}, 'manual_transmission_available': {'max': 1.0, 'min': 1.0, 'at': 11}}]
Most: 0.592592592581893
Using rule :  {'U-turn_space': {'max': 40.0, 'min': 37.0, 'at': 17}}
Using second rule :  {'Width': {'max': 68.0, 'min': 67.0, 'at': 16}}
--------------------
********************
Iteration :  3
Evaluation :  0
Evaluation :  1
Evaluation :  2
total number of rows :  82
number of best :  6
number of rest :  24
number of best improved :  12
number of rest improved :  48
Rule : [{'U-turn_space': {'max': 34.0, 'min': -10000000000, 'at': 17}}]
Most: 0.16666666666388888
Using rule :  {'U-turn_space': {'max': 34.0, 'min': -10000000000, 'at': 17}}
Using second rule :  {'domestic': {'max': 1.0, 'min': 1.0, 'at': 21}}
--------------------
********************
Iteration :  4
Evaluation :  0
Evaluation :  1
Evaluation :  2
total number of rows :  82
number of best :  5
number of rest :  20
number of best improved :  12
number of rest improved :  48
Rule : [{'type': {'max': 'Small', 'min': 'Small', 'at': 1}}]
Most: 0.8695652173722117
Using rule :  {'type': {'max': 'Small', 'min': 'Small', 'at': 1}}
Using second rule :  {'domestic': {'max': 1.0, 'min': 1.0, 'at': 21}}
--------------------
********************
Iteration :  5
Evaluation :  0
Evaluation :  1
Evaluation :  2
total number of rows :  82
number of best :  4
number of rest :  16
number of best improved :  13
number of rest improved :  52
Rule : [{'type': {'max': 'Small', 'min': 'Small', 'at': 1}}]
Most: 0.8888888888648148
Using rule :  {'type': {'max': 'Small', 'min': 'Small', 'at': 1}}
Using second rule :  {'Width': {'max': 68.0, 'min': 67.0, 'at': 16}}
--------------------
********************
Iteration :  6
Evaluation :  0
Evaluation :  1
Evaluation :  2
total number of rows :  82
number of best :  6
number of rest :  24
number of best improved :  13
number of rest improved :  52
Rule : [{'Length': {'max': 163.0, 'min': 146.0, 'at': 14}}]
Most: 0.6666666666555555
Using rule :  {'Length': {'max': 163.0, 'min': 146.0, 'at': 14}}
Using second rule :  {'domestic': {'max': 1.0, 'min': 1.0, 'at': 21}}
--------------------
********************
Iteration :  7
Evaluation :  0
Evaluation :  1
Evaluation :  2
total number of rows :  82
number of best :  6
number of rest :  24
number of best improved :  22
number of rest improved :  88
Rule : [{'type': {'max': 'Small', 'min': 'Small', 'at': 1}}]
Most: 0.6944444444314236
Using rule :  {'type': {'max': 'Small', 'min': 'Small', 'at': 1}}
Using second rule :  {'RPM': {'max': 4800.0, 'min': -10000000000, 'at': 9}}
--------------------
********************
Iteration :  8
Evaluation :  0
Evaluation :  1
Evaluation :  2
total number of rows :  82
number of best :  6
number of rest :  24
number of best improved :  13
number of rest improved :  52
Rule : [{'manual_transmission_available': {'max': 1.0, 'min': 1.0, 'at': 11}}]
Most: 0.6315789473549861
Using rule :  {'manual_transmission_available': {'max': 1.0, 'min': 1.0, 'at': 11}}
Using second rule :  {'domestic': {'max': 1.0, 'min': 1.0, 'at': 21}}
--------------------
********************
Iteration :  9
Evaluation :  0
Evaluation :  1
Evaluation :  2
total number of rows :  82
number of best :  6
number of rest :  24
number of best improved :  13
number of rest improved :  52
Rule : [{'domestic': {'max': 1.0, 'min': 1.0, 'at': 21}}, {'domestic': {'max': 1.0, 'min': 1.0, 'at': 21}, 'Fuel_tank_capacity': {'max': 13.7, 'min': 12.4, 'at': 12}}]
Most: 0.6666666666555555
Using rule :  {'domestic': {'max': 1.0, 'min': 1.0, 'at': 21}}
Using second rule :  {'Width': {'max': 68.0, 'min': 67.0, 'at': 16}}
--------------------
********************
Iteration :  10
Evaluation :  0
Evaluation :  1
Evaluation :  2
total number of rows :  82
number of best :  6
number of rest :  24
number of best improved :  13
number of rest improved :  52
Rule : [{'Horsepower': {'max': 82.0, 'min': -10000000000, 'at': 8}}]
Most: 0.8333333333194445
Using rule :  {'Horsepower': {'max': 82.0, 'min': -10000000000, 'at': 8}}
Using second rule :  {'RPM': {'max': 5000.0, 'min': -10000000000, 'at': 9}}
--------------------
********************
Iteration :  11
Evaluation :  0
Evaluation :  1
Evaluation :  2
total number of rows :  82
number of best :  6
number of rest :  24
number of best improved :  13
number of rest improved :  52
Rule : [{'type': {'max': 'Small', 'min': 'Small', 'at': 1}}]
Most: 0.9230769230606508
Using rule :  {'type': {'max': 'Small', 'min': 'Small', 'at': 1}}
Using second rule :  {'domestic': {'max': 1.0, 'min': 1.0, 'at': 21}}
--------------------
********************
Iteration :  12
Evaluation :  0
Evaluation :  1
Evaluation :  2
total number of rows :  82
number of best :  6
number of rest :  24
number of best improved :  13
number of rest improved :  52
Rule : [{'type': {'max': 'Small', 'min': 'Small', 'at': 1}}]
Most: 0.8571428571270409
Using rule :  {'type': {'max': 'Small', 'min': 'Small', 'at': 1}}
Using second rule :  {'domestic': {'max': 1.0, 'min': 1.0, 'at': 21}}
--------------------
********************
Iteration :  13
Evaluation :  0
Evaluation :  1
Evaluation :  2
total number of rows :  82
number of best :  7
number of rest :  28
number of best improved :  12
number of rest improved :  48
Rule : [{'Length': {'max': 168.0, 'min': -10000000000, 'at': 14}}]
Most: 0.6802721088334722
Using rule :  {'Length': {'max': 168.0, 'min': -10000000000, 'at': 14}}
Using second rule :  {'Width': {'max': 68.0, 'min': 67.0, 'at': 16}}
--------------------
********************
Iteration :  14
Evaluation :  0
Evaluation :  1
Evaluation :  2
total number of rows :  82
number of best :  4
number of rest :  16
number of best improved :  21
number of rest improved :  84
Rule : [{'type': {'max': 'Small', 'min': 'Small', 'at': 1}}]
Most: 0.8888888888648148
Using rule :  {'type': {'max': 'Small', 'min': 'Small', 'at': 1}}
Using second rule :  {'RPM': {'max': 4800.0, 'min': -10000000000, 'at': 9}}
--------------------
********************
Iteration :  15
Evaluation :  0
Evaluation :  1
Evaluation :  2
total number of rows :  82
number of best :  5
number of rest :  20
number of best improved :  12
number of rest improved :  48
Rule : [{'Wheelbase': {'max': 94.0, 'min': -10000000000, 'at': 15}}]
Most: 0.799999999984
Using rule :  {'Wheelbase': {'max': 94.0, 'min': -10000000000, 'at': 15}}
Using second rule :  {'Width': {'max': 68.0, 'min': 67.0, 'at': 16}}
--------------------
********************
Iteration :  16
Evaluation :  0
Evaluation :  1
Evaluation :  2
total number of rows :  82
number of best :  5
number of rest :  20
number of best improved :  12
number of rest improved :  48
Rule : [{'type': {'max': 'Small', 'min': 'Small', 'at': 1}}]
Most: 0.7692307692127218
Using rule :  {'type': {'max': 'Small', 'min': 'Small', 'at': 1}}
Using second rule :  {'Width': {'max': 68.0, 'min': 67.0, 'at': 16}}
--------------------
********************
Iteration :  17
Evaluation :  0
Evaluation :  1
Evaluation :  2
total number of rows :  82
number of best :  6
number of rest :  24
number of best improved :  13
number of rest improved :  52
Rule : [{'type': {'max': 'Small', 'min': 'Small', 'at': 1}}]
Most: 0.8275862068809751
Using rule :  {'type': {'max': 'Small', 'min': 'Small', 'at': 1}}
Using second rule :  {'U-turn_space': {'max': 41.0, 'min': 39.0, 'at': 17}}
--------------------
********************
Iteration :  18
Evaluation :  0
Evaluation :  1
Evaluation :  2
total number of rows :  82
number of best :  5
number of rest :  20
number of best improved :  13
number of rest improved :  52
Rule : [{'type': {'max': 'Small', 'min': 'Small', 'at': 1}}]
Most: 0.752941176454865
Using rule :  {'type': {'max': 'Small', 'min': 'Small', 'at': 1}}
Using second rule :  {'domestic': {'max': 1.0, 'min': 1.0, 'at': 21}}
--------------------
********************
Iteration :  19
Evaluation :  0
Evaluation :  1
Evaluation :  2
total number of rows :  82
number of best :  6
number of rest :  24
number of best improved :  12
number of rest improved :  48
Rule : [{'type': {'max': 'Small', 'min': 'Small', 'at': 1}}]
Most: 0.8888888888728396
Using rule :  {'type': {'max': 'Small', 'min': 'Small', 'at': 1}}
Using second rule :  {'Width': {'max': 68.0, 'min': 67.0, 'at': 16}}
--------------------
********************
Iteration :  20
Evaluation :  0
Evaluation :  1
Evaluation :  2
total number of rows :  82
number of best :  6
number of rest :  24
number of best improved :  12
number of rest improved :  48
Rule : [{'type': {'max': 'Small', 'min': 'Small', 'at': 1}}]
Most: 0.7741935483720083
Using rule :  {'type': {'max': 'Small', 'min': 'Small', 'at': 1}}
Using second rule :  {'Width': {'max': 68.0, 'min': 67.0, 'at': 16}}
--------------------

%%%%%%%%%%%%%%%
NOTE: signficance values have to be negative to indicate better perf, lower p values indicate more confidence
Target columns :  ['CityMPG+', 'HighwayMPG+', 'Weight-', 'Class-']
T test for sway - significance -  [-4.08077702 -3.35272346  4.34458579  3.21852878]
T test for sway - confidence -  [0.01848844 0.03133011 0.0028057  0.01012684]
T test for xpln - significance -  [-4.15981355 -3.54378778  5.08637504  3.57700919]
T test for xpln - confidence -  [0.01139566 0.0206599  0.00665043 0.08206561]
%%%%%%%%%%%%%%%

&CityMPG+ &Class- &HighwayMPG+ &Weight- 
all  & 23.09 & 19.18 & 29.98 & 2988.17
sway  & 31.85 & 9.41 & 37.31 & 2188.94
sway_1  & 22.42 & 15.5 & 29.31 & 2971.81
xpln  & 28.01 & 12.6 & 33.96 & 2485.7
xpln_1  & 22.05 & 18.4 & 29.32 & 3076.57
ztop  & 20.91 & 27.55 & 27.98 & 3276.19
.
&CityMPG+ &Class- &HighwayMPG+ &Weight- 
all to all &=&=&=&=
all to sway &≠&≠&≠&≠
all to sway_1 &≠&≠&=&=
all to xpln &≠&≠&≠&≠
all to xpln_1 &≠&=&=&≠
all to ztop &≠&≠&≠&≠
 rule size mu 1.1500000000000001 std 0.489
<<<<<<<<<<===============>>>>>>>>>>




<<<<<<<<<<===============>>>>>>>>>>
Currently processing file :  ../etc/data/coc10000.csv
original shape of cells :  (10000, 25)
x cols :  ['Acap', 'Aexp', 'Arch', 'Cplx', 'Data', 'Docu', 'Flex', 'Ltex', 'Pcap', 'Pcon', 'Plex', 'Pmat', 'Prec', 'Pvol', 'Rely', 'Ruse', 'Sced', 'Site', 'Stor', 'Team', 'Time', 'Tool']
len of x cols :  22
y cols :  ['Loc+', 'Risk-', 'Effort-']
shape of cells after deletion :  (10000, 3)
        0     1         2
0   378.0   1.0    5478.0
1  1909.0  26.0  207924.0
2  1011.0   0.0    9432.0
3  1234.0   8.0   16270.0
4  1746.0   6.0  124359.0
          0         1         2
0  1.000000  0.000821  0.531034
1  0.000821  1.000000  0.337488
2  0.531034  0.337488  1.000000
********************
Iteration :  1
Evaluation :  0
Evaluation :  1
Evaluation :  2
Evaluation :  3
Evaluation :  4
Evaluation :  5
Evaluation :  6
total number of rows :  10000
number of best :  79
number of rest :  316
number of best improved :  168
number of rest improved :  672
Rule : [{'Data': {'max': 10000000000, 'min': 4.0, 'at': 5}}]
Most: 0.5217659771526006
Using rule :  {'Data': {'max': 10000000000, 'min': 4.0, 'at': 5}}
Using second rule :  {'Pmat': {'max': 2.0, 'min': -10000000000, 'at': 12}}
--------------------
********************
Iteration :  2
Evaluation :  0
Evaluation :  1
Evaluation :  2
Evaluation :  3
Evaluation :  4
Evaluation :  5
Evaluation :  6
total number of rows :  10000
number of best :  79
number of rest :  316
number of best improved :  195
number of rest improved :  780
rule generation failed
--------------------
********************
Iteration :  3
Evaluation :  0
Evaluation :  1
Evaluation :  2
Evaluation :  3
Evaluation :  4
Evaluation :  5
Evaluation :  6
total number of rows :  10000
number of best :  78
number of rest :  312
number of best improved :  161
number of rest improved :  644
Rule : [{'Rely': {'max': 2.0, 'min': 1.0, 'at': 15}}]
Most: 0.20179278715832688
Using rule :  {'Rely': {'max': 2.0, 'min': 1.0, 'at': 15}}
Using second rule :  {'Team': {'max': 3.0, 'min': -10000000000, 'at': 20}}
--------------------
********************
Iteration :  4
Evaluation :  0
Evaluation :  1
Evaluation :  2
Evaluation :  3
Evaluation :  4
Evaluation :  5
Evaluation :  6
total number of rows :  10000
number of best :  78
number of rest :  312
number of best improved :  163
number of rest improved :  652
Rule : [{'Time': {'max': 10000000000, 'min': 5.0, 'at': 21}}]
Most: 0.577659888003777
Using rule :  {'Time': {'max': 10000000000, 'min': 5.0, 'at': 21}}
Using second rule :  {'Flex': {'max': 3.0, 'min': -10000000000, 'at': 7}}
--------------------
********************
Iteration :  5
Evaluation :  0
Evaluation :  1
Evaluation :  2
Evaluation :  3
Evaluation :  4
Evaluation :  5
Evaluation :  6
total number of rows :  10000
number of best :  78
number of rest :  312
number of best improved :  142
number of rest improved :  568
rule generation failed
--------------------
********************
Iteration :  6
Evaluation :  0
Evaluation :  1
Evaluation :  2
Evaluation :  3
Evaluation :  4
Evaluation :  5
Evaluation :  6
total number of rows :  10000
number of best :  79
number of rest :  316
number of best improved :  161
number of rest improved :  644
Rule : [{'Data': {'max': 10000000000, 'min': 4.0, 'at': 5}}, {'Data': {'max': 10000000000, 'min': 4.0, 'at': 5}, 'Aexp': {'max': 10000000000, 'min': 4.0, 'at': 2}}]
Most: 0.5976460137677366
Using rule :  {'Data': {'max': 10000000000, 'min': 4.0, 'at': 5}}
Using second rule :  {'Arch': {'max': 10000000000, 'min': 3.0, 'at': 3}}
--------------------
********************
Iteration :  7
Evaluation :  0
Evaluation :  1
Evaluation :  2
Evaluation :  3
Evaluation :  4
Evaluation :  5
Evaluation :  6
total number of rows :  10000
number of best :  79
number of rest :  316
number of best improved :  148
number of rest improved :  592
rule generation failed
--------------------
********************
Iteration :  8
Evaluation :  0
Evaluation :  1
Evaluation :  2
Evaluation :  3
Evaluation :  4
Evaluation :  5
Evaluation :  6
total number of rows :  10000
number of best :  79
number of rest :  316
number of best improved :  198
number of rest improved :  792
Rule : [{'Plex': {'max': 2.0, 'min': 1.0, 'at': 11}}]
Most: 0.16465987444658267
Using rule :  {'Plex': {'max': 2.0, 'min': 1.0, 'at': 11}}
Using second rule :  {'Arch': {'max': 10000000000, 'min': 3.0, 'at': 3}}
--------------------
********************
Iteration :  9
Evaluation :  0
Evaluation :  1
Evaluation :  2
Evaluation :  3
Evaluation :  4
Evaluation :  5
Evaluation :  6
total number of rows :  10000
number of best :  79
number of rest :  316
number of best improved :  156
number of rest improved :  624
Rule : [{'Tool': {'max': 2.0, 'min': 1.0, 'at': 22}}]
Most: 0.055640561969575855
Using rule :  {'Tool': {'max': 2.0, 'min': 1.0, 'at': 22}}
Using second rule :  {'Flex': {'max': 5.0, 'min': 4.0, 'at': 7}}
--------------------
********************
Iteration :  10
Evaluation :  0
Evaluation :  1
Evaluation :  2
Evaluation :  3
Evaluation :  4
Evaluation :  5
Evaluation :  6
total number of rows :  10000
number of best :  79
number of rest :  316
number of best improved :  167
number of rest improved :  668
rule generation failed
--------------------
********************
Iteration :  11
Evaluation :  0
Evaluation :  1
Evaluation :  2
Evaluation :  3
Evaluation :  4
Evaluation :  5
Evaluation :  6
total number of rows :  10000
number of best :  78
number of rest :  312
number of best improved :  158
number of rest improved :  632
rule generation failed
--------------------
********************
Iteration :  12
Evaluation :  0
Evaluation :  1
Evaluation :  2
Evaluation :  3
Evaluation :  4
Evaluation :  5
Evaluation :  6
total number of rows :  10000
number of best :  79
number of rest :  316
number of best improved :  145
number of rest improved :  580
Rule : [{'Cplx': {'max': 2.0, 'min': 1.0, 'at': 4}}]
Most: 0.15189873417697483
Using rule :  {'Cplx': {'max': 2.0, 'min': 1.0, 'at': 4}}
Using second rule :  {'Pmat': {'max': 3.0, 'min': -10000000000, 'at': 12}}
--------------------
********************
Iteration :  13
Evaluation :  0
Evaluation :  1
Evaluation :  2
Evaluation :  3
Evaluation :  4
Evaluation :  5
Evaluation :  6
total number of rows :  10000
number of best :  79
number of rest :  316
number of best improved :  170
number of rest improved :  680
Rule : [{'Pmat': {'max': 2.0, 'min': 1.0, 'at': 12}}]
Most: 0.18922977901708696
Using rule :  {'Pmat': {'max': 2.0, 'min': 1.0, 'at': 12}}
Using second rule :  {'Team': {'max': 3.0, 'min': -10000000000, 'at': 20}}
--------------------
********************
Iteration :  14
Evaluation :  0
Evaluation :  1
Evaluation :  2
Evaluation :  3
Evaluation :  4
Evaluation :  5
Evaluation :  6
total number of rows :  10000
number of best :  79
number of rest :  316
number of best improved :  144
number of rest improved :  576
rule generation failed
--------------------
********************
Iteration :  15
Evaluation :  0
Evaluation :  1
Evaluation :  2
Evaluation :  3
Evaluation :  4
Evaluation :  5
Evaluation :  6
total number of rows :  10000
number of best :  80
number of rest :  320
number of best improved :  142
number of rest improved :  568
rule generation failed
--------------------
********************
Iteration :  16
Evaluation :  0
Evaluation :  1
Evaluation :  2
Evaluation :  3
Evaluation :  4
Evaluation :  5
Evaluation :  6
total number of rows :  10000
number of best :  80
number of rest :  320
number of best improved :  139
number of rest improved :  556
rule generation failed
--------------------
********************
Iteration :  17
Evaluation :  0
Evaluation :  1
Evaluation :  2
Evaluation :  3
Evaluation :  4
Evaluation :  5
Evaluation :  6
total number of rows :  10000
number of best :  79
number of rest :  316
number of best improved :  169
number of rest improved :  676
Rule : [{'Pcap': {'max': 10000000000, 'min': 4.0, 'at': 9}}]
Most: 0.5457694870078009
Using rule :  {'Pcap': {'max': 10000000000, 'min': 4.0, 'at': 9}}
Using second rule :  {'Prec': {'max': 10000000000, 'min': 3.0, 'at': 13}}
--------------------
********************
Iteration :  18
Evaluation :  0
Evaluation :  1
Evaluation :  2
Evaluation :  3
Evaluation :  4
Evaluation :  5
Evaluation :  6
total number of rows :  10000
number of best :  79
number of rest :  316
number of best improved :  188
number of rest improved :  752
rule generation failed
--------------------
********************
Iteration :  19
Evaluation :  0
Evaluation :  1
Evaluation :  2
Evaluation :  3
Evaluation :  4
Evaluation :  5
Evaluation :  6
total number of rows :  10000
number of best :  79
number of rest :  316
number of best improved :  132
number of rest improved :  528
Rule : [{'Ruse': {'max': 3.0, 'min': 2.0, 'at': 16}, 'Arch': {'max': 5.0, 'min': 4.0, 'at': 3}}]
Most: 0.04520795660029218
Using rule :  {'Ruse': {'max': 3.0, 'min': 2.0, 'at': 16}, 'Arch': {'max': 5.0, 'min': 4.0, 'at': 3}}
Using second rule :  {'Team': {'max': 3.0, 'min': -10000000000, 'at': 20}}
--------------------
********************
Iteration :  20
Evaluation :  0
Evaluation :  1
Evaluation :  2
Evaluation :  3
Evaluation :  4
Evaluation :  5
Evaluation :  6
total number of rows :  10000
number of best :  79
number of rest :  316
number of best improved :  148
number of rest improved :  592
rule generation failed
--------------------

%%%%%%%%%%%%%%%
NOTE: signficance values have to be negative to indicate better perf, lower p values indicate more confidence
Target columns :  ['Loc+', 'Risk-', 'Effort-']
T test for sway - significance -  [-0.2267042   2.38588346  0.39859147]
T test for sway - confidence -  [0.50372806 0.11620519 0.06783178]
T test for xpln - significance -  [-0.30085271  1.45103101  1.20335628]
T test for xpln - confidence -  [0.57221196 0.09726979 0.07436938]
%%%%%%%%%%%%%%%

&Effort- &Loc+ &Risk- 
all  & 30506.06 & 1009.03 & 6.59
sway  & 24683.73 & 1017.71 & 4.45
sway_1  & 27182.6 & 999.23 & 6.25
xpln  & 31728.62 & 1010.05 & 6.65
xpln_1  & 31565.17 & 1005.91 & 6.81
ztop  & 33556.32 & 1028.73 & 6.7
.
&Effort- &Loc+ &Risk- 
all to all &=&=&=
all to sway &≠&=&≠
all to sway_1 &=&=&=
all to xpln &=&=&=
all to xpln_1 &=&=&=
all to ztop &=&=&=
 rule size mu 1.1 std 0.316
<<<<<<<<<<===============>>>>>>>>>>




<<<<<<<<<<===============>>>>>>>>>>
Currently processing file :  ../etc/data/healthCloseIsses12mths0011-easy.csv
original shape of cells :  (10000, 8)
x cols :  ['N_estimators', 'criterion', 'Min_sample_leaves', 'Min_impurity_decrease', 'Max_depth']
len of x cols :  5
y cols :  ['MRE-', 'ACC+', 'PRED40+']
shape of cells after deletion :  (10000, 3)
        0       1    2
0   121.5  -13.07  0.0
1  119.61  -12.35  0.0
2  118.51   -11.9  0.0
3  120.71  -12.77  0.0
4  100.56   -0.55  0.0
          0         1         2
0  1.000000 -0.848973 -0.991886
1 -0.848973  1.000000  0.777114
2 -0.991886  0.777114  1.000000
********************
Iteration :  1
Evaluation :  0
Evaluation :  1
Evaluation :  2
Evaluation :  3
Evaluation :  4
Evaluation :  5
total number of rows :  10000
number of best :  80
number of rest :  320
number of best improved :  215
number of rest improved :  860
Rule : [{'Min_sample_leaves': {'max': 3.0, 'min': 1.0, 'at': 5}}]
Most: 0.544142259413471
Using rule :  {'Min_sample_leaves': {'max': 3.0, 'min': 1.0, 'at': 5}}
Using second rule :  {'N_estimators': {'max': 10000000000, 'min': 10.0, 'at': 3}, 'Min_sample_leaves': {'max': 10000000000, 'min': 19.0, 'at': 5}, 'Min_impurity_decrease': {'max': 2.75, 'min': 1.5, 'at': 6}, 'Max_depth': {'max': 10.0, 'min': 8.0, 'at': 7}}
--------------------
********************
Iteration :  2
Evaluation :  0
Evaluation :  1
Evaluation :  2
Evaluation :  3
Evaluation :  4
Evaluation :  5
Evaluation :  6
Evaluation :  7
total number of rows :  10000
number of best :  77
number of rest :  308
number of best improved :  126
number of rest improved :  504
Rule : [{'Max_depth': {'max': 17.0, 'min': 15.0, 'at': 7}}, {'Max_depth': {'max': 10000000000, 'min': 18.0, 'at': 7}}]
Most: 0.3317787185185388
Using rule :  {'Max_depth': {'max': 17.0, 'min': 15.0, 'at': 7}}
Using second rule :  {'N_estimators': {'max': 10000000000, 'min': 20.0, 'at': 3}, 'Min_sample_leaves': {'max': 8.0, 'min': -10000000000, 'at': 5}, 'Max_depth': {'max': 10.0, 'min': 8.0, 'at': 7}, 'Min_impurity_decrease': {'max': 1.5, 'min': 0.75, 'at': 6}}
--------------------
********************
Iteration :  3
Evaluation :  0
Evaluation :  1
Evaluation :  2
Evaluation :  3
Evaluation :  4
Evaluation :  5
Evaluation :  6
total number of rows :  10000
number of best :  79
number of rest :  316
number of best improved :  122
number of rest improved :  488
Rule : [{'N_estimators': {'max': 30.0, 'min': 10.0, 'at': 3}}]
Most: 0.320912818683804
Using rule :  {'N_estimators': {'max': 30.0, 'min': 10.0, 'at': 3}}
Using second rule :  {'N_estimators': {'max': 10000000000, 'min': 20.0, 'at': 3}, 'Min_sample_leaves': {'max': 15.0, 'min': 13.0, 'at': 5}, 'Max_depth': {'max': 10.0, 'min': 8.0, 'at': 7}, 'Min_impurity_decrease': {'max': 1.5, 'min': -10000000000, 'at': 6}}
--------------------
********************
Iteration :  4
Evaluation :  0
Evaluation :  1
Evaluation :  2
Evaluation :  3
Evaluation :  4
Evaluation :  5
total number of rows :  10000
number of best :  79
number of rest :  316
number of best improved :  206
number of rest improved :  824
Rule : [{'N_estimators': {'max': 30.0, 'min': -10000000000, 'at': 3}}]
Most: 0.23291139240472422
Using rule :  {'N_estimators': {'max': 30.0, 'min': -10000000000, 'at': 3}}
Using second rule :  {'N_estimators': {'max': 20.0, 'min': -10000000000, 'at': 3}}
--------------------
********************
Iteration :  5
Evaluation :  0
Evaluation :  1
Evaluation :  2
Evaluation :  3
Evaluation :  4
Evaluation :  5
total number of rows :  10000
number of best :  80
number of rest :  320
number of best improved :  207
number of rest improved :  828
Rule : [{'Min_sample_leaves': {'max': 3.0, 'min': -10000000000, 'at': 5}}]
Most: 0.2041666666663689
Using rule :  {'Min_sample_leaves': {'max': 3.0, 'min': -10000000000, 'at': 5}}
Using second rule :  {'Min_sample_leaves': {'max': 4.0, 'min': 1.0, 'at': 5}}
--------------------
********************
Iteration :  6
Evaluation :  0
Evaluation :  1
Evaluation :  2
Evaluation :  3
Evaluation :  4
Evaluation :  5
Evaluation :  6
total number of rows :  10000
number of best :  80
number of rest :  320
number of best improved :  129
number of rest improved :  516
Rule : [{'Max_depth': {'max': 17.0, 'min': 15.0, 'at': 7}}]
Most: 0.2641304347822247
Using rule :  {'Max_depth': {'max': 17.0, 'min': 15.0, 'at': 7}}
Using second rule :  {'N_estimators': {'max': 10000000000, 'min': 10.0, 'at': 3}, 'Min_sample_leaves': {'max': 10.0, 'min': -10000000000, 'at': 5}, 'Max_depth': {'max': 10.0, 'min': 8.0, 'at': 7}, 'Min_impurity_decrease': {'max': 5.5, 'min': 4.75, 'at': 6}}
--------------------
********************
Iteration :  7
Evaluation :  0
Evaluation :  1
Evaluation :  2
Evaluation :  3
Evaluation :  4
Evaluation :  5
Evaluation :  6
total number of rows :  10000
number of best :  80
number of rest :  320
number of best improved :  116
number of rest improved :  464
Rule : [{'Max_depth': {'max': 8.0, 'min': 6.0, 'at': 7}}]
Most: 0.17355769230743154
Using rule :  {'Max_depth': {'max': 8.0, 'min': 6.0, 'at': 7}}
Using second rule :  {'N_estimators': {'max': 10000000000, 'min': 10.0, 'at': 3}, 'Min_sample_leaves': {'max': 10.0, 'min': -10000000000, 'at': 5}, 'Max_depth': {'max': 15.0, 'min': 14.0, 'at': 7}, 'Min_impurity_decrease': {'max': 5.5, 'min': 4.75, 'at': 6}}
--------------------
********************
Iteration :  8
Evaluation :  0
Evaluation :  1
Evaluation :  2
Evaluation :  3
Evaluation :  4
Evaluation :  5
Evaluation :  6
total number of rows :  10000
number of best :  80
number of rest :  320
number of best improved :  130
number of rest improved :  520
Rule : [{'Min_impurity_decrease': {'max': 3.5, 'min': 2.75, 'at': 6}}]
Most: 0.25406504065004437
Using rule :  {'Min_impurity_decrease': {'max': 3.5, 'min': 2.75, 'at': 6}}
Using second rule :  {'N_estimators': {'max': 10000000000, 'min': 10.0, 'at': 3}, 'Min_sample_leaves': {'max': 13.0, 'min': 10.0, 'at': 5}, 'Max_depth': {'max': 10.0, 'min': 8.0, 'at': 7}, 'Min_impurity_decrease': {'max': 5.5, 'min': 4.75, 'at': 6}}
--------------------
********************
Iteration :  9
Evaluation :  0
Evaluation :  1
Evaluation :  2
Evaluation :  3
Evaluation :  4
Evaluation :  5
Evaluation :  6
Evaluation :  7
total number of rows :  10000
number of best :  80
number of rest :  320
number of best improved :  147
number of rest improved :  588
Rule : [{'N_estimators': {'max': 80.0, 'min': 60.0, 'at': 3}}]
Most: 0.2799999999995975
Using rule :  {'N_estimators': {'max': 80.0, 'min': 60.0, 'at': 3}}
Using second rule :  {'N_estimators': {'max': 10000000000, 'min': 180.0, 'at': 3}, 'Max_depth': {'max': 5.0, 'min': 3.0, 'at': 7}, 'Min_sample_leaves': {'max': 10000000000, 'min': 13.0, 'at': 5}, 'Min_impurity_decrease': {'max': 3.5, 'min': 2.75, 'at': 6}}
--------------------
********************
Iteration :  10
Evaluation :  0
Evaluation :  1
Evaluation :  2
Evaluation :  3
Evaluation :  4
Evaluation :  5
total number of rows :  10000
number of best :  80
number of rest :  320
number of best improved :  193
number of rest improved :  772
Rule : [{'Max_depth': {'max': 3.0, 'min': 1.0, 'at': 7}}]
Most: 0.22677165354297174
Using rule :  {'Max_depth': {'max': 3.0, 'min': 1.0, 'at': 7}}
Using second rule :  {'N_estimators': {'max': 20.0, 'min': -10000000000, 'at': 3}}
--------------------
********************
Iteration :  11
Evaluation :  0
Evaluation :  1
Evaluation :  2
Evaluation :  3
Evaluation :  4
Evaluation :  5
Evaluation :  6
total number of rows :  10000
number of best :  80
number of rest :  320
number of best improved :  156
number of rest improved :  624
Rule : [{'Max_depth': {'max': 17.0, 'min': 14.0, 'at': 7}}]
Most: 0.2884615384611155
Using rule :  {'Max_depth': {'max': 17.0, 'min': 14.0, 'at': 7}}
Using second rule :  {'N_estimators': {'max': 10000000000, 'min': 100.0, 'at': 3}}
--------------------
********************
Iteration :  12
Evaluation :  0
Evaluation :  1
Evaluation :  2
Evaluation :  3
Evaluation :  4
Evaluation :  5
total number of rows :  10000
number of best :  80
number of rest :  320
number of best improved :  215
number of rest improved :  860
Rule : [{'Min_sample_leaves': {'max': 5.0, 'min': 3.0, 'at': 5}}]
Most: 0.3020134228183593
Using rule :  {'Min_sample_leaves': {'max': 5.0, 'min': 3.0, 'at': 5}}
Using second rule :  {'N_estimators': {'max': 10000000000, 'min': 10.0, 'at': 3}, 'Min_sample_leaves': {'max': 10000000000, 'min': 19.0, 'at': 5}, 'Max_depth': {'max': 14.0, 'min': 12.0, 'at': 7}, 'Min_impurity_decrease': {'max': 2.75, 'min': 2.25, 'at': 6}}
--------------------
********************
Iteration :  13
Evaluation :  0
Evaluation :  1
Evaluation :  2
Evaluation :  3
Evaluation :  4
Evaluation :  5
Evaluation :  6
total number of rows :  10000
number of best :  80
number of rest :  320
number of best improved :  115
number of rest improved :  460
Rule : [{'Max_depth': {'max': 4.0, 'min': 1.0, 'at': 7}}]
Most: 0.6352189781013131
Using rule :  {'Max_depth': {'max': 4.0, 'min': 1.0, 'at': 7}}
Using second rule :  {'N_estimators': {'max': 10000000000, 'min': 10.0, 'at': 3}, 'Min_sample_leaves': {'max': 10.0, 'min': -10000000000, 'at': 5}, 'Max_depth': {'max': 10000000000, 'min': 10.0, 'at': 7}, 'Min_impurity_decrease': {'max': 6.75, 'min': 6.25, 'at': 6}}
--------------------
********************
Iteration :  14
Evaluation :  0
Evaluation :  1
Evaluation :  2
Evaluation :  3
Evaluation :  4
Evaluation :  5
Evaluation :  6
total number of rows :  10000
number of best :  79
number of rest :  316
number of best improved :  191
number of rest improved :  764
rule generation failed
--------------------
********************
Iteration :  15
Evaluation :  0
Evaluation :  1
Evaluation :  2
Evaluation :  3
Evaluation :  4
Evaluation :  5
Evaluation :  6
total number of rows :  10000
number of best :  80
number of rest :  320
number of best improved :  131
number of rest improved :  524
Rule : [{'Min_sample_leaves': {'max': 3.0, 'min': 1.0, 'at': 5}}]
Most: 0.4223618090446285
Using rule :  {'Min_sample_leaves': {'max': 3.0, 'min': 1.0, 'at': 5}}
Using second rule :  {'N_estimators': {'max': 10000000000, 'min': 20.0, 'at': 3}, 'Max_depth': {'max': 17.0, 'min': 15.0, 'at': 7}, 'Min_sample_leaves': {'max': 8.0, 'min': -10000000000, 'at': 5}, 'Min_impurity_decrease': {'max': 7.5, 'min': 6.75, 'at': 6}}
--------------------
********************
Iteration :  16
Evaluation :  0
Evaluation :  1
Evaluation :  2
Evaluation :  3
Evaluation :  4
Evaluation :  5
Evaluation :  6
total number of rows :  10000
number of best :  80
number of rest :  320
number of best improved :  126
number of rest improved :  504
Rule : [{'N_estimators': {'max': 80.0, 'min': 60.0, 'at': 3}}]
Most: 0.1719047619045025
Using rule :  {'N_estimators': {'max': 80.0, 'min': 60.0, 'at': 3}}
Using second rule :  {'N_estimators': {'max': 10000000000, 'min': 10.0, 'at': 3}, 'Max_depth': {'max': 17.0, 'min': 15.0, 'at': 7}, 'Min_sample_leaves': {'max': 10.0, 'min': -10000000000, 'at': 5}, 'Min_impurity_decrease': {'max': 5.5, 'min': 4.75, 'at': 6}}
--------------------
********************
Iteration :  17
Evaluation :  0
Evaluation :  1
Evaluation :  2
Evaluation :  3
Evaluation :  4
Evaluation :  5
Evaluation :  6
Evaluation :  7
total number of rows :  10000
number of best :  80
number of rest :  320
number of best improved :  128
number of rest improved :  512
Rule : [{'Min_impurity_decrease': {'max': 0.75, 'min': -10000000000, 'at': 6}}]
Most: 0.4469273743010728
Using rule :  {'Min_impurity_decrease': {'max': 0.75, 'min': -10000000000, 'at': 6}}
Using second rule :  {'N_estimators': {'max': 10000000000, 'min': 20.0, 'at': 3}, 'Min_sample_leaves': {'max': 8.0, 'min': -10000000000, 'at': 5}, 'Max_depth': {'max': 6.0, 'min': 5.0, 'at': 7}, 'Min_impurity_decrease': {'max': 1.5, 'min': -10000000000, 'at': 6}}
--------------------
********************
Iteration :  18
Evaluation :  0
Evaluation :  1
Evaluation :  2
Evaluation :  3
Evaluation :  4
Evaluation :  5
Evaluation :  6
Evaluation :  7
total number of rows :  10000
number of best :  80
number of rest :  320
number of best improved :  116
number of rest improved :  464
Rule : [{'Max_depth': {'max': 18.0, 'min': 15.0, 'at': 7}}]
Most: 0.43085106382915417
Using rule :  {'Max_depth': {'max': 18.0, 'min': 15.0, 'at': 7}}
Using second rule :  {'N_estimators': {'max': 10000000000, 'min': 10.0, 'at': 3}, 'Min_sample_leaves': {'max': 10.0, 'min': -10000000000, 'at': 5}, 'Max_depth': {'max': 17.0, 'min': 15.0, 'at': 7}, 'Min_impurity_decrease': {'max': 5.5, 'min': 4.75, 'at': 6}}
--------------------
********************
Iteration :  19
Evaluation :  0
Evaluation :  1
Evaluation :  2
Evaluation :  3
Evaluation :  4
Evaluation :  5
Evaluation :  6
total number of rows :  10000
number of best :  80
number of rest :  320
number of best improved :  108
number of rest improved :  432
Rule : [{'Max_depth': {'max': 4.0, 'min': 1.0, 'at': 7}}]
Most: 0.6094202898542195
Using rule :  {'Max_depth': {'max': 4.0, 'min': 1.0, 'at': 7}}
Using second rule :  {'N_estimators': {'max': 10000000000, 'min': 10.0, 'at': 3}, 'Max_depth': {'max': 10000000000, 'min': 10.0, 'at': 7}, 'Min_sample_leaves': {'max': 10.0, 'min': -10000000000, 'at': 5}, 'Min_impurity_decrease': {'max': 2.75, 'min': 1.5, 'at': 6}}
--------------------
********************
Iteration :  20
Evaluation :  0
Evaluation :  1
Evaluation :  2
Evaluation :  3
Evaluation :  4
Evaluation :  5
Evaluation :  6
total number of rows :  10000
number of best :  79
number of rest :  316
number of best improved :  147
number of rest improved :  588
Rule : [{'Min_sample_leaves': {'max': 10000000000, 'min': 19.0, 'at': 5}}]
Most: 0.3749432002591028
Using rule :  {'Min_sample_leaves': {'max': 10000000000, 'min': 19.0, 'at': 5}}
Using second rule :  {'N_estimators': {'max': 10000000000, 'min': 100.0, 'at': 3}}
--------------------

%%%%%%%%%%%%%%%
NOTE: signficance values have to be negative to indicate better perf, lower p values indicate more confidence
Target columns :  ['MRE-', 'ACC+', 'PRED40+']
T test for sway - significance -  [  6.91712608 -12.79345987  -5.75067233]
T test for sway - confidence -  [2.77450688e-06 7.18410315e-24 4.47557199e-04]
T test for xpln - significance -  [ 0.06482016  0.43109456 -0.16720075]
T test for xpln - confidence -  [0.49509223 0.5894315  0.45141218]
%%%%%%%%%%%%%%%

&ACC+ &MRE- &PRED40+ 
all  & -8.53 & 92.29 & 17.79
sway  & -0.54 & 37.46 & 52.75
sway_1  & -8.72 & 86.74 & 22.68
xpln  & -8.5 & 91.22 & 18.71
xpln_1  & -8.47 & 94.6 & 15.81
ztop  & -8.78 & 94.01 & 16.59
.
&ACC+ &MRE- &PRED40+ 
all to all &=&=&=
all to sway &≠&≠&≠
all to sway_1 &=&≠&≠
all to xpln &=&=&=
all to xpln_1 &=&=&≠
all to ztop &=&=&=
 rule size mu 1.0526315789473686 std 0.229
<<<<<<<<<<===============>>>>>>>>>>




<<<<<<<<<<===============>>>>>>>>>>
Currently processing file :  ../etc/data/coc1000.csv
original shape of cells :  (1000, 25)
x cols :  ['ACAP', 'ARCH', 'DATA', 'DOCU', 'PCAP', 'PCON', 'PMAT', 'PREC', 'PVOL', 'RELY', 'RUSE', 'SCED', 'SITE', 'STOR', 'TEAM', 'TIME', 'TOOL']
len of x cols :  17
y cols :  ['LOC+', 'AEXP-', 'PLEX-', 'RISK-', 'EFFORT-']
shape of cells after deletion :  (1000, 5)
        0    1    2     3         4
0   947.0  1.0  4.0   6.0   20370.0
1  1203.0  2.0  4.0   3.0   22872.0
2  1929.0  1.0  3.0   8.0   54430.0
3  1033.0  5.0  3.0   5.0   33255.0
4  1684.0  2.0  4.0  20.0  160677.0
          0         1         2         3         4
0  1.000000  0.073855  0.020289  0.000084  0.557129
1  0.073855  1.000000 -0.019310 -0.138699 -0.110894
2  0.020289 -0.019310  1.000000 -0.079803 -0.141743
3  0.000084 -0.138699 -0.079803  1.000000  0.373897
4  0.557129 -0.110894 -0.141743  0.373897  1.000000
********************
Iteration :  1
Evaluation :  0
Evaluation :  1
Evaluation :  2
Evaluation :  3
Evaluation :  4
total number of rows :  1000
number of best :  31
number of rest :  124
number of best improved :  69
number of rest improved :  276
Rule : [{'PVOL': {'max': 4.0, 'min': 3.0, 'at': 14}}]
Most: 0.1306451612897273
Using rule :  {'PVOL': {'max': 4.0, 'min': 3.0, 'at': 14}}
Using second rule :  {'PMAT': {'max': 2.0, 'min': -10000000000, 'at': 12}}
--------------------
********************
Iteration :  2
Evaluation :  0
Evaluation :  1
Evaluation :  2
Evaluation :  3
Evaluation :  4
total number of rows :  1000
number of best :  17
number of rest :  68
number of best improved :  59
number of rest improved :  236
Rule : [{'TEAM': {'max': 2.0, 'min': 1.0, 'at': 20}}]
Most: 0.023529411764505195
Using rule :  {'TEAM': {'max': 2.0, 'min': 1.0, 'at': 20}}
Using second rule :  {'TEAM': {'max': 10000000000, 'min': 4.0, 'at': 20}}
--------------------
********************
Iteration :  3
Evaluation :  0
Evaluation :  1
Evaluation :  2
Evaluation :  3
Evaluation :  4
total number of rows :  1000
number of best :  17
number of rest :  68
number of best improved :  39
number of rest improved :  156
Rule : [{'PVOL': {'max': 3.0, 'min': 2.0, 'at': 14}}]
Most: 0.2100840336119448
Using rule :  {'PVOL': {'max': 3.0, 'min': 2.0, 'at': 14}}
Using second rule :  {'PCAP': {'max': 2.0, 'min': 1.0, 'at': 9}}
--------------------
********************
Iteration :  4
Evaluation :  0
Evaluation :  1
Evaluation :  2
Evaluation :  3
Evaluation :  4
total number of rows :  1000
number of best :  31
number of rest :  124
number of best improved :  42
number of rest improved :  168
rule generation failed
--------------------
********************
Iteration :  5
Evaluation :  0
Evaluation :  1
Evaluation :  2
Evaluation :  3
Evaluation :  4
total number of rows :  1000
number of best :  15
number of rest :  60
number of best improved :  47
number of rest improved :  188
Rule : [{'ACAP': {'max': 4.0, 'min': 3.0, 'at': 1}}]
Most: 0.13763440860089998
Using rule :  {'ACAP': {'max': 4.0, 'min': 3.0, 'at': 1}}
Using second rule :  {'TEAM': {'max': 10000000000, 'min': 3.0, 'at': 20}}
--------------------
********************
Iteration :  6
Evaluation :  0
Evaluation :  1
Evaluation :  2
Evaluation :  3
Evaluation :  4
total number of rows :  1000
number of best :  17
number of rest :  68
number of best improved :  62
number of rest improved :  248
Rule : [{'TIME': {'max': 10000000000, 'min': 5.0, 'at': 21}}]
Most: 0.6692810457468441
Using rule :  {'TIME': {'max': 10000000000, 'min': 5.0, 'at': 21}}
Using second rule :  {'TEAM': {'max': 2.0, 'min': -10000000000, 'at': 20}}
--------------------
********************
Iteration :  7
Evaluation :  0
Evaluation :  1
Evaluation :  2
Evaluation :  3
Evaluation :  4
Evaluation :  5
total number of rows :  1000
number of best :  17
number of rest :  68
number of best improved :  37
number of rest improved :  148
rule generation failed
--------------------
********************
Iteration :  8
Evaluation :  0
Evaluation :  1
Evaluation :  2
Evaluation :  3
Evaluation :  4
Evaluation :  5
total number of rows :  1000
number of best :  31
number of rest :  124
number of best improved :  35
number of rest improved :  140
Rule : [{'RUSE': {'max': 3.0, 'min': -10000000000, 'at': 16}}]
Most: 0.15053763440799514
Using rule :  {'RUSE': {'max': 3.0, 'min': -10000000000, 'at': 16}}
Using second rule :  {'RELY': {'max': 10000000000, 'min': 4.0, 'at': 15}}
--------------------
********************
Iteration :  9
Evaluation :  0
Evaluation :  1
Evaluation :  2
Evaluation :  3
Evaluation :  4
total number of rows :  1000
number of best :  17
number of rest :  68
number of best improved :  43
number of rest improved :  172
rule generation failed
--------------------
********************
Iteration :  10
Evaluation :  0
Evaluation :  1
Evaluation :  2
Evaluation :  3
Evaluation :  4
total number of rows :  1000
number of best :  17
number of rest :  68
number of best improved :  46
number of rest improved :  184
Rule : [{'TEAM': {'max': 10000000000, 'min': 4.0, 'at': 20}}]
Most: 0.6209824135794054
Using rule :  {'TEAM': {'max': 10000000000, 'min': 4.0, 'at': 20}}
Using second rule :  {'TEAM': {'max': 2.0, 'min': 1.0, 'at': 20}}
--------------------
********************
Iteration :  11
Evaluation :  0
Evaluation :  1
Evaluation :  2
Evaluation :  3
Evaluation :  4
total number of rows :  1000
number of best :  17
number of rest :  68
number of best improved :  64
number of rest improved :  256
Rule : [{'DATA': {'max': 4.0, 'min': 3.0, 'at': 5}}]
Most: 0.060504201680140965
Using rule :  {'DATA': {'max': 4.0, 'min': 3.0, 'at': 5}}
Using second rule :  {'TEAM': {'max': 2.0, 'min': 1.0, 'at': 20}}
--------------------
********************
Iteration :  12
Evaluation :  0
Evaluation :  1
Evaluation :  2
Evaluation :  3
Evaluation :  4
total number of rows :  1000
number of best :  17
number of rest :  68
number of best improved :  61
number of rest improved :  244
Rule : [{'PCON': {'max': 2.0, 'min': 1.0, 'at': 10}}]
Most: 0.021390374331364925
Using rule :  {'PCON': {'max': 2.0, 'min': 1.0, 'at': 10}}
Using second rule :  {'PREC': {'max': 10000000000, 'min': 4.0, 'at': 13}}
--------------------
********************
Iteration :  13
Evaluation :  0
Evaluation :  1
Evaluation :  2
Evaluation :  3
Evaluation :  4
total number of rows :  1000
number of best :  17
number of rest :  68
number of best improved :  52
number of rest improved :  208
Rule : [{'PVOL': {'max': 10000000000, 'min': 4.0, 'at': 14}}]
Most: 0.5632040050020463
Using rule :  {'PVOL': {'max': 10000000000, 'min': 4.0, 'at': 14}}
Using second rule :  {'TEAM': {'max': 2.0, 'min': -10000000000, 'at': 20}}
--------------------
********************
Iteration :  14
Evaluation :  0
Evaluation :  1
Evaluation :  2
Evaluation :  3
Evaluation :  4
total number of rows :  1000
number of best :  17
number of rest :  68
number of best improved :  48
number of rest improved :  192
Rule : [{'SITE': {'max': 10000000000, 'min': 4.0, 'at': 18}}]
Most: 0.5764705882311403
Using rule :  {'SITE': {'max': 10000000000, 'min': 4.0, 'at': 18}}
Using second rule :  {'PREC': {'max': 2.0, 'min': -10000000000, 'at': 13}}
--------------------
********************
Iteration :  15
Evaluation :  0
Evaluation :  1
Evaluation :  2
Evaluation :  3
Evaluation :  4
total number of rows :  1000
number of best :  17
number of rest :  68
number of best improved :  60
number of rest improved :  240
Rule : [{'PREC': {'max': 2.0, 'min': -10000000000, 'at': 13}}]
Most: 0.11764705882266437
Using rule :  {'PREC': {'max': 2.0, 'min': -10000000000, 'at': 13}}
Using second rule :  {'PMAT': {'max': 5.0, 'min': 4.0, 'at': 12}}
--------------------
********************
Iteration :  16
Evaluation :  0
Evaluation :  1
Evaluation :  2
Evaluation :  3
Evaluation :  4
Evaluation :  5
total number of rows :  1000
number of best :  16
number of rest :  64
number of best improved :  38
number of rest improved :  152
rule generation failed
--------------------
********************
Iteration :  17
Evaluation :  0
Evaluation :  1
Evaluation :  2
Evaluation :  3
Evaluation :  4
total number of rows :  1000
number of best :  16
number of rest :  64
number of best improved :  53
number of rest improved :  212
Rule : [{'TIME': {'max': 4.0, 'min': 3.0, 'at': 21}}]
Most: 0.27272727272521957
Using rule :  {'TIME': {'max': 4.0, 'min': 3.0, 'at': 21}}
Using second rule :  {'PREC': {'max': 10000000000, 'min': 5.0, 'at': 13}}
--------------------
********************
Iteration :  18
Evaluation :  0
Evaluation :  1
Evaluation :  2
Evaluation :  3
Evaluation :  4
total number of rows :  1000
number of best :  17
number of rest :  68
number of best improved :  40
number of rest improved :  160
Rule : [{'PVOL': {'max': 3.0, 'min': 2.0, 'at': 14}}]
Most: 0.0756302521002048
Using rule :  {'PVOL': {'max': 3.0, 'min': 2.0, 'at': 14}}
Using second rule :  {'TEAM': {'max': 5.0, 'min': 4.0, 'at': 20}}
--------------------
********************
Iteration :  19
Evaluation :  0
Evaluation :  1
Evaluation :  2
Evaluation :  3
Evaluation :  4
total number of rows :  1000
number of best :  17
number of rest :  68
number of best improved :  71
number of rest improved :  284
Rule : [{'DATA': {'max': 3.0, 'min': 2.0, 'at': 5}}]
Most: 0.0
Using rule :  {'DATA': {'max': 3.0, 'min': 2.0, 'at': 5}}
Using second rule :  {'TEAM': {'max': 10000000000, 'min': 5.0, 'at': 20}}
--------------------
********************
Iteration :  20
Evaluation :  0
Evaluation :  1
Evaluation :  2
Evaluation :  3
Evaluation :  4
total number of rows :  1000
number of best :  17
number of rest :  68
number of best improved :  67
number of rest improved :  268
Rule : [{'RUSE': {'max': 3.0, 'min': 2.0, 'at': 16}}]
Most: 0.04953560371475237
Using rule :  {'RUSE': {'max': 3.0, 'min': 2.0, 'at': 16}}
Using second rule :  {'PMAT': {'max': 2.0, 'min': 1.0, 'at': 12}}
--------------------

%%%%%%%%%%%%%%%
NOTE: signficance values have to be negative to indicate better perf, lower p values indicate more confidence
Target columns :  ['LOC+', 'AEXP-', 'PLEX-', 'RISK-', 'EFFORT-']
T test for sway - significance -  [-0.18836858  0.04839903  0.1602851   1.1971884   0.63723398]
T test for sway - confidence -  [0.57720889 0.62108417 0.48349427 0.24005962 0.38358439]
T test for xpln - significance -  [ 0.05170126 -0.25692414 -0.041043    1.53323259  1.07158888]
T test for xpln - confidence -  [0.49490998 0.63375539 0.49816422 0.2208291  0.18059544]
%%%%%%%%%%%%%%%

&AEXP- &EFFORT- &LOC+ &PLEX- &RISK- 
all  & 2.97 & 30808.33 & 1013.02 & 3.05 & 6.68
sway  & 2.93 & 26833.24 & 1051.86 & 2.9 & 4.93
sway_1  & 2.94 & 31605.11 & 1019.44 & 2.97 & 6.61
xpln  & 2.98 & 29226.42 & 1010.34 & 3.05 & 6.71
xpln_1  & 2.96 & 30784.95 & 1017.08 & 3.03 & 7.04
ztop  & 2.8 & 29761.6 & 999.43 & 3.47 & 6.06
.
&AEXP- &EFFORT- &LOC+ &PLEX- &RISK- 
all to all &=&=&=&=&=
all to sway &=&≠&=&≠&≠
all to sway_1 &=&=&=&≠&=
all to xpln &=&=&=&=&=
all to xpln_1 &=&=&=&=&=
all to ztop &≠&=&=&≠&≠
 rule size mu 1.0 std 0.0
<<<<<<<<<<===============>>>>>>>>>>




<<<<<<<<<<===============>>>>>>>>>>
Currently processing file :  ../etc/data/pom.csv
original shape of cells :  (10000, 13)
x cols :  ['Culture', 'Criticality', 'Criticality Modifier', 'Initial Known', 'InterDependency', 'Dynamism', 'Size', 'Plan', 'Team Size', 'Score:']
len of x cols :  10
y cols :  ['Cost-', 'Completion+', 'Idle-']
shape of cells after deletion :  (10000, 3)
            0         1         2
0  230.025042  0.785714  0.000000
1  163.015744  0.942308  0.209677
2  620.210401  0.657143  0.000000
3  436.039749  0.913043  0.275862
4  724.418957  1.000000  0.222222
          0         1         2
0  1.000000  0.041783  0.001001
1  0.041783  1.000000  0.532163
2  0.001001  0.532163  1.000000
********************
Iteration :  1
Evaluation :  0
Evaluation :  1
Evaluation :  2
Evaluation :  3
Evaluation :  4
Evaluation :  5
Evaluation :  6
total number of rows :  10000
number of best :  80
number of rest :  320
number of best improved :  143
number of rest improved :  572
Rule : [{'InterDependency': {'max': 96.0, 'min': 94.0, 'at': 4}}, {'InterDependency': {'max': 98.0, 'min': 96.0, 'at': 4}}]
Most: 0.2122807017540752
Using rule :  {'InterDependency': {'max': 96.0, 'min': 94.0, 'at': 4}}
Using second rule :  {'InterDependency': {'max': 10000000000, 'min': 89.0, 'at': 4}}
--------------------
********************
Iteration :  2
Evaluation :  0
Evaluation :  1
Evaluation :  2
Evaluation :  3
Evaluation :  4
Evaluation :  5
Evaluation :  6
total number of rows :  10000
number of best :  80
number of rest :  320
number of best improved :  128
number of rest improved :  512
Rule : [{'Size': {'max': 10000000000, 'min': -10000000000, 'at': 6}}]
Most: 0.4999999999991406
Using rule :  {'Size': {'max': 10000000000, 'min': -10000000000, 'at': 6}}
Using second rule :  {'InterDependency': {'max': 10000000000, 'min': 89.0, 'at': 4}}
--------------------
********************
Iteration :  3
Evaluation :  0
Evaluation :  1
Evaluation :  2
Evaluation :  3
Evaluation :  4
Evaluation :  5
Evaluation :  6
total number of rows :  10000
number of best :  78
number of rest :  312
number of best improved :  127
number of rest improved :  508
Rule : [{'Size': {'max': 10000000000, 'min': -10000000000, 'at': 6}}]
Most: 0.4999999999991186
Using rule :  {'Size': {'max': 10000000000, 'min': -10000000000, 'at': 6}}
Using second rule :  {'Team Size': {'max': 10000000000, 'min': 18.0, 'at': 8}}
--------------------
********************
Iteration :  4
Evaluation :  0
Evaluation :  1
Evaluation :  2
Evaluation :  3
Evaluation :  4
Evaluation :  5
Evaluation :  6
total number of rows :  10000
number of best :  78
number of rest :  312
number of best improved :  156
number of rest improved :  624
Rule : [{'InterDependency': {'max': 10000000000, 'min': 95.0, 'at': 4}}]
Most: 0.35769762740660255
Using rule :  {'InterDependency': {'max': 10000000000, 'min': 95.0, 'at': 4}}
Using second rule :  {'InterDependency': {'max': 10000000000, 'min': 89.0, 'at': 4}}
--------------------
********************
Iteration :  5
Evaluation :  0
Evaluation :  1
Evaluation :  2
Evaluation :  3
Evaluation :  4
Evaluation :  5
Evaluation :  6
total number of rows :  10000
number of best :  79
number of rest :  316
number of best improved :  121
number of rest improved :  484
rule generation failed
--------------------
********************
Iteration :  6
Evaluation :  0
Evaluation :  1
Evaluation :  2
Evaluation :  3
Evaluation :  4
Evaluation :  5
Evaluation :  6
total number of rows :  10000
number of best :  80
number of rest :  320
number of best improved :  133
number of rest improved :  532
Rule : [{'Size': {'max': 10000000000, 'min': -10000000000, 'at': 6}}]
Most: 0.4999999999991406
Using rule :  {'Size': {'max': 10000000000, 'min': -10000000000, 'at': 6}}
Using second rule :  {'InterDependency': {'max': 10000000000, 'min': 89.0, 'at': 4}}
--------------------
********************
Iteration :  7
Evaluation :  0
Evaluation :  1
Evaluation :  2
Evaluation :  3
Evaluation :  4
Evaluation :  5
Evaluation :  6
total number of rows :  10000
number of best :  79
number of rest :  316
number of best improved :  121
number of rest improved :  484
Rule : [{'Criticality': {'max': 0.864831561, 'min': -10000000000, 'at': 1}}]
Most: 0.2897533031502806
Using rule :  {'Criticality': {'max': 0.864831561, 'min': -10000000000, 'at': 1}}
Using second rule :  {'InterDependency': {'max': 93.0, 'min': 89.0, 'at': 4}}
--------------------
********************
Iteration :  8
Evaluation :  0
Evaluation :  1
Evaluation :  2
Evaluation :  3
Evaluation :  4
Evaluation :  5
Evaluation :  6
total number of rows :  10000
number of best :  79
number of rest :  316
number of best improved :  116
number of rest improved :  464
Rule : [{'Team Size': {'max': 10000000000, 'min': 18.0, 'at': 8}}]
Most: 0.4236844858242377
Using rule :  {'Team Size': {'max': 10000000000, 'min': 18.0, 'at': 8}}
Using second rule :  {'InterDependency': {'max': 10000000000, 'min': 89.0, 'at': 4}}
--------------------
********************
Iteration :  9
Evaluation :  0
Evaluation :  1
Evaluation :  2
Evaluation :  3
Evaluation :  4
Evaluation :  5
Evaluation :  6
total number of rows :  10000
number of best :  79
number of rest :  316
number of best improved :  152
number of rest improved :  608
Rule : [{'Plan': {'max': 10000000000, 'min': 3.0, 'at': 7}}]
Most: 0.5921271260677629
Using rule :  {'Plan': {'max': 10000000000, 'min': 3.0, 'at': 7}}
Using second rule :  {'InterDependency': {'max': 10000000000, 'min': 90.0, 'at': 4}}
--------------------
********************
Iteration :  10
Evaluation :  0
Evaluation :  1
Evaluation :  2
Evaluation :  3
Evaluation :  4
Evaluation :  5
Evaluation :  6
total number of rows :  10000
number of best :  80
number of rest :  320
number of best improved :  137
number of rest improved :  548
Rule : [{'Size': {'max': 10000000000, 'min': -10000000000, 'at': 6}}]
Most: 0.4999999999991406
Using rule :  {'Size': {'max': 10000000000, 'min': -10000000000, 'at': 6}}
Using second rule :  {'InterDependency': {'max': 10000000000, 'min': 89.0, 'at': 4}}
--------------------
********************
Iteration :  11
Evaluation :  0
Evaluation :  1
Evaluation :  2
Evaluation :  3
Evaluation :  4
Evaluation :  5
Evaluation :  6
total number of rows :  10000
number of best :  79
number of rest :  316
number of best improved :  121
number of rest improved :  484
Rule : [{'Size': {'max': 10000000000, 'min': -10000000000, 'at': 6}}, {'Size': {'max': 10000000000, 'min': -10000000000, 'at': 6}, 'Plan': {'max': 10000000000, 'min': 3.0, 'at': 7}}]
Most: 0.6133925983177283
Using rule :  {'Size': {'max': 10000000000, 'min': -10000000000, 'at': 6}}
Using second rule :  {'InterDependency': {'max': 93.0, 'min': 89.0, 'at': 4}}
--------------------
********************
Iteration :  12
Evaluation :  0
Evaluation :  1
Evaluation :  2
Evaluation :  3
Evaluation :  4
Evaluation :  5
Evaluation :  6
total number of rows :  10000
number of best :  80
number of rest :  320
number of best improved :  157
number of rest improved :  628
Rule : [{'Criticality Modifier': {'max': 3.0, 'min': 2.0, 'at': 2}, 'Team Size': {'max': 11.0, 'min': -10000000000, 'at': 8}, 'Plan': {'max': 3.0, 'min': 2.0, 'at': 7}, 'Initial Known': {'max': 0.920865138, 'min': 0.898198603, 'at': 3}, 'InterDependency': {'max': 84.0, 'min': 81.0, 'at': 4}}]
Most: 0.012499999999984374
Using rule :  {'Criticality Modifier': {'max': 3.0, 'min': 2.0, 'at': 2}, 'Team Size': {'max': 11.0, 'min': -10000000000, 'at': 8}, 'Plan': {'max': 3.0, 'min': 2.0, 'at': 7}, 'Initial Known': {'max': 0.920865138, 'min': 0.898198603, 'at': 3}, 'InterDependency': {'max': 84.0, 'min': 81.0, 'at': 4}}
Using second rule :  {'InterDependency': {'max': 10000000000, 'min': 89.0, 'at': 4}}
--------------------
********************
Iteration :  13
Evaluation :  0
Evaluation :  1
Evaluation :  2
Evaluation :  3
Evaluation :  4
Evaluation :  5
Evaluation :  6
total number of rows :  10000
number of best :  79
number of rest :  316
number of best improved :  108
number of rest improved :  432
Rule : [{'Size': {'max': 10000000000, 'min': -10000000000, 'at': 6}}]
Most: 0.4999999999991297
Using rule :  {'Size': {'max': 10000000000, 'min': -10000000000, 'at': 6}}
Using second rule :  {'InterDependency': {'max': 10000000000, 'min': 89.0, 'at': 4}}
--------------------
********************
Iteration :  14
Evaluation :  0
Evaluation :  1
Evaluation :  2
Evaluation :  3
Evaluation :  4
Evaluation :  5
Evaluation :  6
total number of rows :  10000
number of best :  78
number of rest :  312
number of best improved :  157
number of rest improved :  628
Rule : [{'Criticality Modifier': {'max': 3.0, 'min': 2.0, 'at': 2}, 'Culture': {'max': 0.109854035, 'min': -10000000000, 'at': 0}, 'InterDependency': {'max': 91.0, 'min': 89.0, 'at': 4}, 'Plan': {'max': 1.0, 'min': -10000000000, 'at': 7}}]
Most: 0.012820512820496385
Using rule :  {'Criticality Modifier': {'max': 3.0, 'min': 2.0, 'at': 2}, 'Culture': {'max': 0.109854035, 'min': -10000000000, 'at': 0}, 'InterDependency': {'max': 91.0, 'min': 89.0, 'at': 4}, 'Plan': {'max': 1.0, 'min': -10000000000, 'at': 7}}
Using second rule :  {'InterDependency': {'max': 10000000000, 'min': 89.0, 'at': 4}}
--------------------
********************
Iteration :  15
Evaluation :  0
Evaluation :  1
Evaluation :  2
Evaluation :  3
Evaluation :  4
Evaluation :  5
Evaluation :  6
total number of rows :  10000
number of best :  79
number of rest :  316
number of best improved :  121
number of rest improved :  484
Rule : [{'Plan': {'max': 10000000000, 'min': 3.0, 'at': 7}}]
Most: 0.6494669372232154
Using rule :  {'Plan': {'max': 10000000000, 'min': 3.0, 'at': 7}}
Using second rule :  {'InterDependency': {'max': 93.0, 'min': 89.0, 'at': 4}}
--------------------
********************
Iteration :  16
Evaluation :  0
Evaluation :  1
Evaluation :  2
Evaluation :  3
Evaluation :  4
Evaluation :  5
Evaluation :  6
total number of rows :  10000
number of best :  79
number of rest :  316
number of best improved :  101
number of rest improved :  404
Rule : [{'Size': {'max': 10000000000, 'min': -10000000000, 'at': 6}}]
Most: 0.4999999999991297
Using rule :  {'Size': {'max': 10000000000, 'min': -10000000000, 'at': 6}}
Using second rule :  {'InterDependency': {'max': 10000000000, 'min': 89.0, 'at': 4}}
--------------------
********************
Iteration :  17
Evaluation :  0
Evaluation :  1
Evaluation :  2
Evaluation :  3
Evaluation :  4
Evaluation :  5
Evaluation :  6
total number of rows :  10000
number of best :  78
number of rest :  312
number of best improved :  156
number of rest improved :  624
Rule : [{'Initial Known': {'max': 0.617245642, 'min': -10000000000, 'at': 3}}]
Most: 0.2735042735038936
Using rule :  {'Initial Known': {'max': 0.617245642, 'min': -10000000000, 'at': 3}}
Using second rule :  {'InterDependency': {'max': 10000000000, 'min': 89.0, 'at': 4}}
--------------------
********************
Iteration :  18
Evaluation :  0
Evaluation :  1
Evaluation :  2
Evaluation :  3
Evaluation :  4
Evaluation :  5
Evaluation :  6
total number of rows :  10000
number of best :  78
number of rest :  312
number of best improved :  143
number of rest improved :  572
Rule : [{'Plan': {'max': 10000000000, 'min': 3.0, 'at': 7}}]
Most: 0.7104001917075006
Using rule :  {'Plan': {'max': 10000000000, 'min': 3.0, 'at': 7}}
Using second rule :  {'InterDependency': {'max': 10000000000, 'min': 89.0, 'at': 4}}
--------------------
********************
Iteration :  19
Evaluation :  0
Evaluation :  1
Evaluation :  2
Evaluation :  3
Evaluation :  4
Evaluation :  5
Evaluation :  6
total number of rows :  10000
number of best :  79
number of rest :  316
number of best improved :  143
number of rest improved :  572
Rule : [{'Plan': {'max': 1.0, 'min': -10000000000, 'at': 7}}]
Most: 0.26781307220721895
Using rule :  {'Plan': {'max': 1.0, 'min': -10000000000, 'at': 7}}
Using second rule :  {'InterDependency': {'max': 10000000000, 'min': 89.0, 'at': 4}}
--------------------
********************
Iteration :  20
Evaluation :  0
Evaluation :  1
Evaluation :  2
Evaluation :  3
Evaluation :  4
Evaluation :  5
Evaluation :  6
total number of rows :  10000
number of best :  79
number of rest :  316
number of best improved :  156
number of rest improved :  624
Rule : [{'Plan': {'max': 10000000000, 'min': 3.0, 'at': 7}}]
Most: 0.5303349084253373
Using rule :  {'Plan': {'max': 10000000000, 'min': 3.0, 'at': 7}}
Using second rule :  {'InterDependency': {'max': 10000000000, 'min': 89.0, 'at': 4}}
--------------------

%%%%%%%%%%%%%%%
NOTE: signficance values have to be negative to indicate better perf, lower p values indicate more confidence
Target columns :  ['Cost-', 'Completion+', 'Idle-']
T test for sway - significance -  [5.1574204  0.73282753 0.81970642]
T test for sway - confidence -  [0.0163835  0.37040506 0.34693015]
T test for xpln - significance -  [nan nan nan]
T test for xpln - confidence -  [nan nan nan]
%%%%%%%%%%%%%%%

&Completion+ &Cost- &Idle- 
all  & 0.87 & 369.99 & 0.24
sway  & 0.86 & 250.47 & 0.22
sway_1  & 0.87 & 348.8 & 0.24
xpln  & 0.87 & 369.03 & 0.24
xpln_1  & 0.87 & 370.68 & 0.24
ztop  & 0.86 & 367.9 & 0.22
.
&Completion+ &Cost- &Idle- 
all to all &=&=&=
all to sway &=&≠&≠
all to sway_1 &=&≠&≠
all to xpln &=&=&=
all to xpln_1 &=&=&≠
all to ztop &≠&=&≠
 rule size mu 1.1052631578947372 std 0.315
<<<<<<<<<<===============>>>>>>>>>>




<<<<<<<<<<===============>>>>>>>>>>
Currently processing file :  ../etc/data/china.csv
original shape of cells :  (499, 19)
x cols :  ['AFP', 'Input', 'Output', 'Enquiry', 'File', 'Interface', 'Added', 'Changed', 'Deleted', 'PDR_AFP', 'PDR_UFP', 'NPDR_AFP', 'NPDU_UFP', 'Resource', 'DevType', 'Duration']
len of x cols :  16
y cols :  ['N_effort-']
shape of cells after deletion :  (499, 1)
        0
0  7490.0
1  4150.0
2   668.0
3  3901.0
4  3607.0
     0
0  1.0
********************
Iteration :  1
Evaluation :  0
Evaluation :  1
Evaluation :  2
Evaluation :  3
Evaluation :  4
Evaluation :  5
Evaluation :  6
Evaluation :  7
total number of rows :  499
number of best :  17
number of rest :  68
number of best improved :  28
number of rest improved :  112
None type ranges found
None type ranges found
Rule : [{'Added': {'max': 409.0, 'min': -10000000000, 'at': 7}}, {'Added': {'max': 409.0, 'min': -10000000000, 'at': 7}, 'AFP': {'max': 499.0, 'min': -10000000000, 'at': 1}}]
Most: 0.6017699114998277
Using rule :  {'Added': {'max': 409.0, 'min': -10000000000, 'at': 7}}
Using second rule :  {'AFP': {'max': 449.0, 'min': -10000000000, 'at': 1}}
--------------------
********************
Iteration :  2
Evaluation :  0
Evaluation :  1
Evaluation :  2
Evaluation :  3
Evaluation :  4
Evaluation :  5
Evaluation :  6
total number of rows :  499
number of best :  17
number of rest :  68
number of best improved :  28
number of rest improved :  112
None type ranges found
None type ranges found
rule generation failed
--------------------
********************
Iteration :  3
Evaluation :  0
Evaluation :  1
Evaluation :  2
Evaluation :  3
Evaluation :  4
Evaluation :  5
Evaluation :  6
Evaluation :  7
total number of rows :  499
number of best :  17
number of rest :  68
number of best improved :  29
number of rest improved :  116
None type ranges found
None type ranges found
rule generation failed
--------------------
********************
Iteration :  4
Evaluation :  0
Evaluation :  1
Evaluation :  2
Evaluation :  3
Evaluation :  4
Evaluation :  5
Evaluation :  6
Evaluation :  7
total number of rows :  499
number of best :  16
number of rest :  64
number of best improved :  29
number of rest improved :  116
None type ranges found
None type ranges found
Rule : [{'AFP': {'max': 579.0, 'min': -10000000000, 'at': 1}}]
Most: 0.5765765765718287
Using rule :  {'AFP': {'max': 579.0, 'min': -10000000000, 'at': 1}}
Using second rule :  {'AFP': {'max': 449.0, 'min': -10000000000, 'at': 1}}
--------------------
********************
Iteration :  5
Evaluation :  0
Evaluation :  1
Evaluation :  2
Evaluation :  3
Evaluation :  4
Evaluation :  5
Evaluation :  6
Evaluation :  7
total number of rows :  499
number of best :  16
number of rest :  64
number of best improved :  28
number of rest improved :  112
None type ranges found
None type ranges found
Rule : [{'PDR_AFP': {'max': 2.4, 'min': -10000000000, 'at': 10}}, {'PDR_AFP': {'max': 2.4, 'min': -10000000000, 'at': 10}, 'PDR_UFP': {'max': 3.1, 'min': -10000000000, 'at': 11}, 'NPDR_AFP': {'max': 3.2, 'min': -10000000000, 'at': 12}, 'NPDU_UFP': {'max': 3.4, 'min': -10000000000, 'at': 13}, 'AFP': {'max': 558.0, 'min': -10000000000, 'at': 1}}]
Most: 0.9696969696907715
Using rule :  {'PDR_AFP': {'max': 2.4, 'min': -10000000000, 'at': 10}}
Using second rule :  {'AFP': {'max': 449.0, 'min': -10000000000, 'at': 1}}
--------------------
********************
Iteration :  6
Evaluation :  0
Evaluation :  1
Evaluation :  2
Evaluation :  3
Evaluation :  4
Evaluation :  5
Evaluation :  6
Evaluation :  7
total number of rows :  499
number of best :  16
number of rest :  64
number of best improved :  29
number of rest improved :  116
None type ranges found
None type ranges found
Rule : [{'PDR_UFP': {'max': 3.0, 'min': -10000000000, 'at': 11}}]
Most: 0.8522727272670375
Using rule :  {'PDR_UFP': {'max': 3.0, 'min': -10000000000, 'at': 11}}
Using second rule :  {'AFP': {'max': 449.0, 'min': -10000000000, 'at': 1}}
--------------------
********************
Iteration :  7
Evaluation :  0
Evaluation :  1
Evaluation :  2
Evaluation :  3
Evaluation :  4
Evaluation :  5
Evaluation :  6
Evaluation :  7
total number of rows :  499
number of best :  17
number of rest :  68
number of best improved :  28
number of rest improved :  112
None type ranges found
None type ranges found
rule generation failed
--------------------
********************
Iteration :  8
Evaluation :  0
Evaluation :  1
Evaluation :  2
Evaluation :  3
Evaluation :  4
Evaluation :  5
Evaluation :  6
Evaluation :  7
total number of rows :  499
number of best :  16
number of rest :  64
number of best improved :  27
number of rest improved :  108
None type ranges found
None type ranges found
Rule : [{'NPDU_UFP': {'max': 3.5, 'min': -10000000000, 'at': 13}}]
Most: 0.7705479452000203
Using rule :  {'NPDU_UFP': {'max': 3.5, 'min': -10000000000, 'at': 13}}
Using second rule :  {'AFP': {'max': 449.0, 'min': -10000000000, 'at': 1}}
--------------------
********************
Iteration :  9
Evaluation :  0
Evaluation :  1
Evaluation :  2
Evaluation :  3
Evaluation :  4
Evaluation :  5
Evaluation :  6
Evaluation :  7
total number of rows :  499
number of best :  17
number of rest :  68
number of best improved :  30
number of rest improved :  120
None type ranges found
None type ranges found
rule generation failed
--------------------
********************
Iteration :  10
Evaluation :  0
Evaluation :  1
Evaluation :  2
Evaluation :  3
Evaluation :  4
Evaluation :  5
Evaluation :  6
Evaluation :  7
total number of rows :  499
number of best :  16
number of rest :  64
number of best improved :  29
number of rest improved :  116
None type ranges found
None type ranges found
rule generation failed
--------------------
********************
Iteration :  11
Evaluation :  0
Evaluation :  1
Evaluation :  2
Evaluation :  3
Evaluation :  4
Evaluation :  5
Evaluation :  6
Evaluation :  7
total number of rows :  499
number of best :  15
number of rest :  60
number of best improved :  28
number of rest improved :  112
None type ranges found
None type ranges found
Rule : [{'PDR_UFP': {'max': 3.1, 'min': -10000000000, 'at': 11}}]
Most: 0.53999999999613
Using rule :  {'PDR_UFP': {'max': 3.1, 'min': -10000000000, 'at': 11}}
Using second rule :  {'PDR_AFP': {'max': 2.3, 'min': -10000000000, 'at': 10}}
--------------------
********************
Iteration :  12
Evaluation :  0
Evaluation :  1
Evaluation :  2
Evaluation :  3
Evaluation :  4
Evaluation :  5
Evaluation :  6
Evaluation :  7
Evaluation :  8
total number of rows :  499
number of best :  16
number of rest :  64
number of best improved :  23
number of rest improved :  92
None type ranges found
None type ranges found
rule generation failed
--------------------
********************
Iteration :  13
Evaluation :  0
Evaluation :  1
Evaluation :  2
Evaluation :  3
Evaluation :  4
Evaluation :  5
Evaluation :  6
Evaluation :  7
total number of rows :  499
number of best :  15
number of rest :  60
number of best improved :  27
number of rest improved :  108
None type ranges found
None type ranges found
Rule : [{'NPDU_UFP': {'max': 17.4, 'min': 10.2, 'at': 13}}]
Most: 0.8108108108046385
Using rule :  {'NPDU_UFP': {'max': 17.4, 'min': 10.2, 'at': 13}}
Using second rule :  {'AFP': {'max': 449.0, 'min': -10000000000, 'at': 1}}
--------------------
********************
Iteration :  14
Evaluation :  0
Evaluation :  1
Evaluation :  2
Evaluation :  3
Evaluation :  4
Evaluation :  5
Evaluation :  6
Evaluation :  7
Evaluation :  8
total number of rows :  499
number of best :  15
number of rest :  60
number of best improved :  24
number of rest improved :  96
None type ranges found
None type ranges found
Rule : [{'Resource': {'max': 10000000000, 'min': 1.0, 'at': 14}}, {'Resource': {'max': 10000000000, 'min': 1.0, 'at': 14}, 'Input': {'max': 262.0, 'min': -10000000000, 'at': 2}}, {'Resource': {'max': 10000000000, 'min': 1.0, 'at': 14}, 'Input': {'max': 262.0, 'min': -10000000000, 'at': 2}, 'File': {'max': 90.0, 'min': -10000000000, 'at': 5}}, {'Resource': {'max': 10000000000, 'min': 1.0, 'at': 14}, 'Input': {'max': 262.0, 'min': -10000000000, 'at': 2}, 'File': {'max': 90.0, 'min': -10000000000, 'at': 5}, 'AFP': {'max': 558.0, 'min': -10000000000, 'at': 1}, 'Output': {'max': 70.0, 'min': -10000000000, 'at': 3}}, {'Resource': {'max': 10000000000, 'min': 1.0, 'at': 14}, 'Input': {'max': 262.0, 'min': -10000000000, 'at': 2}, 'File': {'max': 90.0, 'min': -10000000000, 'at': 5}, 'AFP': {'max': 558.0, 'min': -10000000000, 'at': 1}, 'Output': {'max': 70.0, 'min': -10000000000, 'at': 3}, 'Added': {'max': 391.0, 'min': -10000000000, 'at': 7}, 'Enquiry': {'max': 31.0, 'min': -10000000000, 'at': 4}}, {'Resource': {'max': 10000000000, 'min': 1.0, 'at': 14}, 'Input': {'max': 262.0, 'min': -10000000000, 'at': 2}, 'File': {'max': 90.0, 'min': -10000000000, 'at': 5}, 'AFP': {'max': 558.0, 'min': -10000000000, 'at': 1}, 'Output': {'max': 70.0, 'min': -10000000000, 'at': 3}, 'Added': {'max': 391.0, 'min': -10000000000, 'at': 7}, 'Enquiry': {'max': 31.0, 'min': -10000000000, 'at': 4}, 'Changed': {'max': 165.0, 'min': -10000000000, 'at': 8}}]
Most: 0.6452674897066365
Using rule :  {'Resource': {'max': 10000000000, 'min': 1.0, 'at': 14}}
Using second rule :  {'AFP': {'max': 449.0, 'min': -10000000000, 'at': 1}}
--------------------
********************
Iteration :  15
Evaluation :  0
Evaluation :  1
Evaluation :  2
Evaluation :  3
Evaluation :  4
Evaluation :  5
Evaluation :  6
Evaluation :  7
Evaluation :  8
total number of rows :  499
number of best :  16
number of rest :  64
number of best improved :  23
number of rest improved :  92
None type ranges found
None type ranges found
rule generation failed
--------------------
********************
Iteration :  16
Evaluation :  0
Evaluation :  1
Evaluation :  2
Evaluation :  3
Evaluation :  4
Evaluation :  5
Evaluation :  6
Evaluation :  7
Evaluation :  8
total number of rows :  499
number of best :  16
number of rest :  64
number of best improved :  23
number of rest improved :  92
None type ranges found
None type ranges found
Rule : [{'Output': {'max': 78.0, 'min': -10000000000, 'at': 3}}]
Most: 0.6399999999949202
Using rule :  {'Output': {'max': 78.0, 'min': -10000000000, 'at': 3}}
Using second rule :  {'AFP': {'max': 449.0, 'min': -10000000000, 'at': 1}}
--------------------
********************
Iteration :  17
Evaluation :  0
Evaluation :  1
Evaluation :  2
Evaluation :  3
Evaluation :  4
Evaluation :  5
Evaluation :  6
Evaluation :  7
total number of rows :  499
number of best :  17
number of rest :  68
number of best improved :  29
number of rest improved :  116
None type ranges found
None type ranges found
rule generation failed
--------------------
********************
Iteration :  18
Evaluation :  0
Evaluation :  1
Evaluation :  2
Evaluation :  3
Evaluation :  4
Evaluation :  5
Evaluation :  6
Evaluation :  7
total number of rows :  499
number of best :  17
number of rest :  68
number of best improved :  24
number of rest improved :  96
None type ranges found
None type ranges found
rule generation failed
--------------------
********************
Iteration :  19
Evaluation :  0
Evaluation :  1
Evaluation :  2
Evaluation :  3
Evaluation :  4
Evaluation :  5
Evaluation :  6
Evaluation :  7
Evaluation :  8
total number of rows :  499
number of best :  17
number of rest :  68
number of best improved :  24
number of rest improved :  96
None type ranges found
None type ranges found
Rule : [{'Resource': {'max': 10000000000, 'min': 2.0, 'at': 14}}, {'Resource': {'max': 10000000000, 'min': 2.0, 'at': 14}, 'Added': {'max': 436.0, 'min': -10000000000, 'at': 7}}]
Most: 0.8251410153049311
Using rule :  {'Resource': {'max': 10000000000, 'min': 2.0, 'at': 14}}
Using second rule :  {'AFP': {'max': 449.0, 'min': -10000000000, 'at': 1}}
--------------------
********************
Iteration :  20
Evaluation :  0
Evaluation :  1
Evaluation :  2
Evaluation :  3
Evaluation :  4
Evaluation :  5
Evaluation :  6
Evaluation :  7
total number of rows :  499
number of best :  16
number of rest :  64
number of best improved :  27
number of rest improved :  108
None type ranges found
None type ranges found
Rule : [{'PDR_UFP': {'max': 2.9, 'min': -10000000000, 'at': 11}}, {'PDR_UFP': {'max': 2.9, 'min': -10000000000, 'at': 11}, 'NPDU_UFP': {'max': 3.5, 'min': -10000000000, 'at': 13}}, {'PDR_UFP': {'max': 2.9, 'min': -10000000000, 'at': 11}, 'NPDU_UFP': {'max': 3.5, 'min': -10000000000, 'at': 13}, 'AFP': {'max': 487.0, 'min': -10000000000, 'at': 1}}]
Most: 0.9014084506981751
Using rule :  {'PDR_UFP': {'max': 2.9, 'min': -10000000000, 'at': 11}}
Using second rule :  {'AFP': {'max': 449.0, 'min': -10000000000, 'at': 1}}
--------------------

%%%%%%%%%%%%%%%
NOTE: signficance values have to be negative to indicate better perf, lower p values indicate more confidence
Target columns :  ['N_effort-']
T test for sway - significance -  [-3.25159886]
T test for sway - confidence -  [0.09183877]
T test for xpln - significance -  [-0.72309012]
T test for xpln - confidence -  [0.14064475]
%%%%%%%%%%%%%%%

&N_effort- 
all  & 4278.24
sway  & 731.23
sway_1  & 231.16
xpln  & 3015.55
xpln_1  & 2268.75
ztop  & 3183.23
.
&N_effort- 
all to all &=
all to sway &≠
all to sway_1 &≠
all to xpln &≠
all to xpln_1 &≠
all to ztop &≠
 rule size mu 1.909090909090909 std 1.514
<<<<<<<<<<===============>>>>>>>>>>


