
<<<<<<<<<<===============>>>>>>>>>>
Currently processing file :  ../etc/data/auto93.csv
original shape of cells :  (392, 8)
x cols :  ['Clndrs', 'Volume', 'Model', 'origin']
len of x cols :  4
y cols :  ['Lbs-', 'Acc+', 'Mpg+']
shape of cells after deletion :  (392, 3)
        0     1     2
0  4732.0  18.5  10.0
1  4615.0  14.0  10.0
2  4376.0  15.0  10.0
3  4382.0  13.5  10.0
4  4633.0  11.0  10.0
          0         1         2
0  1.000000 -0.416839 -0.790639
1 -0.416839  1.000000  0.410348
2 -0.790639  0.410348  1.000000
********************
Iteration :  1
Evaluation :  0
Evaluation :  1
Evaluation :  2
Evaluation :  3
Evaluation :  4
total number of rows :  392
number of best :  13
number of rest :  52
number of best improved :  35
number of rest improved :  140
Rule : [{'Clndrs': {'max': 4.0, 'min': -10000000000, 'at': 0}}]
Most: 0.0
Using rule :  {'Clndrs': {'max': 4.0, 'min': -10000000000, 'at': 0}}
Using second rule :  {'Clndrs': {'max': 10000000000, 'min': 4.0, 'at': 0}, 'Volume': {'max': 97.0, 'min': -10000000000, 'at': 1}, 'Model': {'max': 79.0, 'min': 77.0, 'at': 5}}
--------------------

%%%%%%%%%%%%%%%
NOTE: signficance values have to be negative to indicate better perf, lower p values indicate more confidence
Target columns :  ['Lbs-', 'Acc+', 'Mpg+']
T test for sway - significance -  [-3.69967666  2.82251206  2.33691832]
T test for sway - confidence -  [0.00057491 0.0070158  0.02385262]
T test for xpln - significance -  [-4.45065058  4.22653716  5.74456265]
T test for xpln - confidence -  [0.00159869 0.00221793 0.0002782 ]
%%%%%%%%%%%%%%%

&Acc+ &Lbs- &Mpg+ 
all  & 15.54 & 2977.58 & 23.8
sway  & 16.7 & 2158.46 & 30.0
sway_1  & 18.83 & 1942.83 & 34.57
xpln  & 13.25 & 2398.5 & 20.0
xpln_1  & 18.03 & 1942.86 & 35.71
ztop  & 13.04 & 4624.46 & 10.0
.
&Acc+ &Lbs- &Mpg+ 
all to all &=&=&=
all to sway &≠&≠&≠
all to sway_1 &≠&≠&≠
all to xpln &≠&≠&≠
all to xpln_1 &≠&≠&≠
all to ztop &≠&≠&≠
 rule size mu 1.0 std 0.0
<<<<<<<<<<===============>>>>>>>>>>




<<<<<<<<<<===============>>>>>>>>>>
Currently processing file :  ../etc/data/auto2.csv
original shape of cells :  (82, 23)
x cols :  ['maker', 'type', 'Air_Bags_standard', 'Drive_train_type', 'Number_of_cylinders', 'Engine_size', 'Horsepower', 'RPM', 'Engine_revolutions_per_mile', 'manual_transmission_available', 'Fuel_tank_capacity', 'Passenger_capacity', 'Length', 'Wheelbase', 'Width', 'U-turn_space', 'Rear_seat_room', 'Luggage_capacity', 'domestic']
len of x cols :  19
y cols :  ['CityMPG+', 'HighwayMPG+', 'Weight-', 'Class-']
shape of cells after deletion :  (82, 4)
      0     1       2     3
0  25.0  31.0  2705.0  15.9
1  18.0  25.0  3560.0  33.9
2  20.0  26.0  3375.0  29.1
3  19.0  26.0  3405.0  37.7
4  22.0  30.0  3640.0  30.0
          0         1         2         3
0  1.000000  0.945271 -0.835735 -0.621572
1  0.945271  1.000000 -0.776756 -0.625925
2 -0.835735 -0.776756  1.000000  0.737489
3 -0.621572 -0.625925  0.737489  1.000000
********************
Iteration :  1
Evaluation :  0
Evaluation :  1
Evaluation :  2
total number of rows :  82
number of best :  5
number of rest :  20
number of best improved :  12
number of rest improved :  48
Rule : [{'type': {'max': 'Small', 'min': 'Small', 'at': 1}}]
Most: 0.7999999999815999
Using rule :  {'type': {'max': 'Small', 'min': 'Small', 'at': 1}}
Using second rule :  {'domestic': {'max': 1.0, 'min': 1.0, 'at': 21}}
--------------------

%%%%%%%%%%%%%%%
NOTE: signficance values have to be negative to indicate better perf, lower p values indicate more confidence
Target columns :  ['CityMPG+', 'HighwayMPG+', 'Weight-', 'Class-']
T test for sway - significance -  [-4.52354948 -4.25622397  4.16114766  2.84381529]
T test for sway - confidence -  [0.0004039  0.00069002 0.00083605 0.01231964]
T test for xpln - significance -  [-6.5637589  -5.53579286  6.2264399   4.61742889]
T test for xpln - confidence -  [1.29490255e-08 6.93117391e-07 4.85004663e-08 2.05339297e-05]
%%%%%%%%%%%%%%%

&CityMPG+ &Class- &HighwayMPG+ &Weight- 
all  & 23.09 & 19.17 & 29.98 & 2988.17
sway  & 33.4 & 9.58 & 39.2 & 2187.0
sway_1  & 22.75 & 14.62 & 29.42 & 2914.17
xpln  & 29.86 & 10.17 & 35.48 & 2312.86
xpln_1  & 21.57 & 18.15 & 29.02 & 3121.43
ztop  & 20.8 & 29.32 & 27.6 & 3337.0
.
&CityMPG+ &Class- &HighwayMPG+ &Weight- 
all to all &=&=&=&=
all to sway &≠&≠&≠&≠
all to sway_1 &=&≠&=&=
all to xpln &≠&≠&≠&≠
all to xpln_1 &=&=&=&=
all to ztop &≠&≠&≠&≠
 rule size mu 1.0 std 0.0
<<<<<<<<<<===============>>>>>>>>>>




<<<<<<<<<<===============>>>>>>>>>>
Currently processing file :  ../etc/data/coc10000.csv
original shape of cells :  (10000, 25)
x cols :  ['Acap', 'Aexp', 'Arch', 'Cplx', 'Data', 'Docu', 'Flex', 'Ltex', 'Pcap', 'Pcon', 'Plex', 'Pmat', 'Prec', 'Pvol', 'Rely', 'Ruse', 'Sced', 'Site', 'Stor', 'Team', 'Time', 'Tool']
len of x cols :  22
y cols :  ['Loc+', 'Risk-', 'Effort-']
shape of cells after deletion :  (10000, 3)
        0     1         2
0   378.0   1.0    5478.0
1  1909.0  26.0  207924.0
2  1011.0   0.0    9432.0
3  1234.0   8.0   16270.0
4  1746.0   6.0  124359.0
          0         1         2
0  1.000000  0.000821  0.531034
1  0.000821  1.000000  0.337488
2  0.531034  0.337488  1.000000
********************
Iteration :  1
Evaluation :  0
Evaluation :  1
Evaluation :  2
Evaluation :  3
Evaluation :  4
Evaluation :  5
Evaluation :  6
total number of rows :  10000
number of best :  79
number of rest :  316
number of best improved :  179
number of rest improved :  716
Rule : [{'Data': {'max': 10000000000, 'min': 4.0, 'at': 5}}]
Most: 0.5716619028165604
Using rule :  {'Data': {'max': 10000000000, 'min': 4.0, 'at': 5}}
Using second rule :  {'Arch': {'max': 10000000000, 'min': 3.0, 'at': 3}}
--------------------

%%%%%%%%%%%%%%%
NOTE: signficance values have to be negative to indicate better perf, lower p values indicate more confidence
Target columns :  ['Loc+', 'Risk-', 'Effort-']
T test for sway - significance -  [-1.60645243 -1.77672965 -2.10343501]
T test for sway - confidence -  [0.10940727 0.07680022 0.03640371]
T test for xpln - significance -  [-0.53848867 -0.04180573 -7.66031082]
T test for xpln - confidence -  [5.90249675e-01 9.66654260e-01 1.99657630e-14]
%%%%%%%%%%%%%%%

&Effort- &Loc+ &Risk- 
all  & 30506.37 & 1009.04 & 6.58
sway  & 27708.48 & 1150.29 & 7.62
sway_1  & 20990.56 & 1030.98 & 6.26
xpln  & 33570.53 & 1013.78 & 6.58
xpln_1  & 28569.25 & 1008.24 & 6.57
ztop  & 33523.52 & 1029.25 & 6.68
.
&Effort- &Loc+ &Risk- 
all to all &=&=&=
all to sway &=&≠&=
all to sway_1 &≠&=&=
all to xpln &=&=&=
all to xpln_1 &=&=&=
all to ztop &=&=&=
 rule size mu 1.0 std 0.0
<<<<<<<<<<===============>>>>>>>>>>




<<<<<<<<<<===============>>>>>>>>>>
Currently processing file :  ../etc/data/healthCloseIsses12mths0011-easy.csv
original shape of cells :  (10000, 8)
x cols :  ['N_estimators', 'criterion', 'Min_sample_leaves', 'Min_impurity_decrease', 'Max_depth']
len of x cols :  5
y cols :  ['MRE-', 'ACC+', 'PRED40+']
shape of cells after deletion :  (10000, 3)
        0       1    2
0   121.5  -13.07  0.0
1  119.61  -12.35  0.0
2  118.51   -11.9  0.0
3  120.71  -12.77  0.0
4  100.56   -0.55  0.0
          0         1         2
0  1.000000 -0.848973 -0.991886
1 -0.848973  1.000000  0.777114
2 -0.991886  0.777114  1.000000
********************
Iteration :  1
Evaluation :  0
Evaluation :  1
Evaluation :  2
Evaluation :  3
Evaluation :  4
Evaluation :  5
Evaluation :  6
total number of rows :  10000
number of best :  80
number of rest :  320
number of best improved :  147
number of rest improved :  588
Rule : [{'Max_depth': {'max': 3.0, 'min': -10000000000, 'at': 7}}]
Most: 0.14240506329092914
Using rule :  {'Max_depth': {'max': 3.0, 'min': -10000000000, 'at': 7}}
Using second rule :  {'N_estimators': {'max': 10000000000, 'min': 100.0, 'at': 3}}
--------------------

%%%%%%%%%%%%%%%
NOTE: signficance values have to be negative to indicate better perf, lower p values indicate more confidence
Target columns :  ['MRE-', 'ACC+', 'PRED40+']
T test for sway - significance -  [ 10.80516314 -11.72517707 -10.20000051]
T test for sway - confidence -  [3.41256022e-22 4.30446688e-25 2.51999438e-20]
T test for xpln - significance -  [ 1.45342046  1.14196718 -1.96148022]
T test for xpln - confidence -  [0.14615459 0.25350909 0.049865  ]
%%%%%%%%%%%%%%%

&ACC+ &MRE- &PRED40+ 
all  & -8.53 & 92.29 & 17.79
sway  & -0.63 & 22.27 & 65.83
sway_1  & -8.35 & 92.15 & 17.57
xpln  & -8.69 & 93.7 & 16.83
xpln_1  & -8.47 & 95.94 & 14.67
ztop  & -8.77 & 93.95 & 16.67
.
&ACC+ &MRE- &PRED40+ 
all to all &=&=&=
all to sway &≠&≠&≠
all to sway_1 &=&=&=
all to xpln &=&=&=
all to xpln_1 &=&=&=
all to ztop &=&=&=
 rule size mu 1.0 std 0.0
<<<<<<<<<<===============>>>>>>>>>>




<<<<<<<<<<===============>>>>>>>>>>
Currently processing file :  ../etc/data/coc1000.csv
original shape of cells :  (1000, 25)
x cols :  ['ACAP', 'ARCH', 'DATA', 'DOCU', 'PCAP', 'PCON', 'PMAT', 'PREC', 'PVOL', 'RELY', 'RUSE', 'SCED', 'SITE', 'STOR', 'TEAM', 'TIME', 'TOOL']
len of x cols :  17
y cols :  ['LOC+', 'AEXP-', 'PLEX-', 'RISK-', 'EFFORT-']
shape of cells after deletion :  (1000, 5)
        0    1    2     3         4
0   947.0  1.0  4.0   6.0   20370.0
1  1203.0  2.0  4.0   3.0   22872.0
2  1929.0  1.0  3.0   8.0   54430.0
3  1033.0  5.0  3.0   5.0   33255.0
4  1684.0  2.0  4.0  20.0  160677.0
          0         1         2         3         4
0  1.000000  0.073855  0.020289  0.000084  0.557129
1  0.073855  1.000000 -0.019310 -0.138699 -0.110894
2  0.020289 -0.019310  1.000000 -0.079803 -0.141743
3  0.000084 -0.138699 -0.079803  1.000000  0.373897
4  0.557129 -0.110894 -0.141743  0.373897  1.000000
********************
Iteration :  1
Evaluation :  0
Evaluation :  1
Evaluation :  2
Evaluation :  3
Evaluation :  4
Evaluation :  5
total number of rows :  1000
number of best :  31
number of rest :  124
number of best improved :  51
number of rest improved :  204
Rule : [{'PVOL': {'max': 3.0, 'min': 2.0, 'at': 14}}]
Most: 0.23460410557093597
Using rule :  {'PVOL': {'max': 3.0, 'min': 2.0, 'at': 14}}
Using second rule :  {'TEAM': {'max': 10000000000, 'min': 4.0, 'at': 20}}
--------------------

%%%%%%%%%%%%%%%
NOTE: signficance values have to be negative to indicate better perf, lower p values indicate more confidence
Target columns :  ['LOC+', 'AEXP-', 'PLEX-', 'RISK-', 'EFFORT-']
T test for sway - significance -  [-0.01816786  0.2449775  -2.02546826 -0.03790193  0.85645824]
T test for sway - confidence -  [0.98555018 0.80710115 0.04615383 0.9698603  0.39430254]
T test for xpln - significance -  [ 1.18333059 -1.51271224 -0.69314416  0.86992978  2.45712736]
T test for xpln - confidence -  [0.23709974 0.13082642 0.48846036 0.38465173 0.01425882]
%%%%%%%%%%%%%%%

&AEXP- &EFFORT- &LOC+ &PLEX- &RISK- 
all  & 2.97 & 30807.5 & 1013.05 & 3.05 & 6.68
sway  & 2.77 & 23111.65 & 1009.87 & 3.23 & 5.13
sway_1  & 2.84 & 28038.04 & 1007.35 & 2.61 & 5.08
xpln  & 3.12 & 21159.78 & 937.95 & 3.07 & 6.01
xpln_1  & 2.95 & 27860.04 & 1000.57 & 2.99 & 6.51
ztop  & 2.74 & 29676.65 & 932.9 & 3.29 & 5.94
.
&AEXP- &EFFORT- &LOC+ &PLEX- &RISK- 
all to all &=&=&=&=&=
all to sway &=&=&=&=&≠
all to sway_1 &=&=&=&≠&≠
all to xpln &=&≠&=&=&=
all to xpln_1 &=&=&=&=&=
all to ztop &=&=&=&=&=
 rule size mu 1.0 std 0.0
<<<<<<<<<<===============>>>>>>>>>>




<<<<<<<<<<===============>>>>>>>>>>
Currently processing file :  ../etc/data/pom.csv
original shape of cells :  (10000, 13)
x cols :  ['Culture', 'Criticality', 'Criticality Modifier', 'Initial Known', 'InterDependency', 'Dynamism', 'Size', 'Plan', 'Team Size', 'Score:']
len of x cols :  10
y cols :  ['Cost-', 'Completion+', 'Idle-']
shape of cells after deletion :  (10000, 3)
            0         1         2
0  230.025042  0.785714  0.000000
1  163.015744  0.942308  0.209677
2  620.210401  0.657143  0.000000
3  436.039749  0.913043  0.275862
4  724.418957  1.000000  0.222222
          0         1         2
0  1.000000  0.041783  0.001001
1  0.041783  1.000000  0.532163
2  0.001001  0.532163  1.000000
********************
Iteration :  1
Evaluation :  0
Evaluation :  1
Evaluation :  2
Evaluation :  3
Evaluation :  4
Evaluation :  5
Evaluation :  6
total number of rows :  10000
number of best :  79
number of rest :  316
number of best improved :  108
number of rest improved :  432
Rule : [{'Culture': {'max': 0.109468934, 'min': -10000000000, 'at': 0}}]
Most: 0.353456669911867
Using rule :  {'Culture': {'max': 0.109468934, 'min': -10000000000, 'at': 0}}
Using second rule :  {'InterDependency': {'max': 10000000000, 'min': 89.0, 'at': 4}}
--------------------

%%%%%%%%%%%%%%%
NOTE: signficance values have to be negative to indicate better perf, lower p values indicate more confidence
Target columns :  ['Cost-', 'Completion+', 'Idle-']
T test for sway - significance -  [7.87121587 0.40901918 1.3521171 ]
T test for sway - confidence -  [2.86696266e-13 6.82998704e-01 1.77988475e-01]
T test for xpln - significance -  [-0.01311375 -0.24715262 -0.75414056]
T test for xpln - confidence -  [0.98953745 0.80479809 0.45079273]
%%%%%%%%%%%%%%%

&Completion+ &Cost- &Idle- 
all  & 0.87 & 369.96 & 0.24
sway  & 0.88 & 289.09 & 0.24
sway_1  & 0.89 & 509.09 & 0.28
xpln  & 0.87 & 370.17 & 0.25
xpln_1  & 0.87 & 370.07 & 0.24
ztop  & 0.85 & 367.25 & 0.22
.
&Completion+ &Cost- &Idle- 
all to all &=&=&=
all to sway &≠&≠&=
all to sway_1 &≠&≠&≠
all to xpln &≠&=&=
all to xpln_1 &=&=&=
all to ztop &=&=&=
 rule size mu 1.0 std 0.0
<<<<<<<<<<===============>>>>>>>>>>




<<<<<<<<<<===============>>>>>>>>>>
Currently processing file :  ../etc/data/china.csv
original shape of cells :  (499, 19)
x cols :  ['AFP', 'Input', 'Output', 'Enquiry', 'File', 'Interface', 'Added', 'Changed', 'Deleted', 'PDR_AFP', 'PDR_UFP', 'NPDR_AFP', 'NPDU_UFP', 'Resource', 'DevType', 'Duration']
len of x cols :  16
y cols :  ['N_effort-']
shape of cells after deletion :  (499, 1)
        0
0  7490.0
1  4150.0
2   668.0
3  3901.0
4  3607.0
     0
0  1.0
********************
Iteration :  1
Evaluation :  0
Evaluation :  1
Evaluation :  2
Evaluation :  3
Evaluation :  4
Evaluation :  5
Evaluation :  6
Evaluation :  7
Evaluation :  8
total number of rows :  499
number of best :  15
number of rest :  60
number of best improved :  23
number of rest improved :  92
None type ranges found
None type ranges found
rule generation failed
--------------------

%%%%%%%%%%%%%%%
NOTE: signficance values have to be negative to indicate better perf, lower p values indicate more confidence
Target columns :  ['N_effort-']
T test for sway - significance -  nan
T test for sway - confidence -  nan
T test for xpln - significance -  nan
T test for xpln - confidence -  nan
%%%%%%%%%%%%%%%

